admin[2017-11-24 09:55:34] select `tid`, `type_name` from `fb_type` where `type_status` = '1'
admin[2017-11-24 09:55:34] select `id`, `rid`, `username` from `fb_admin` where (`status` = '1')
admin[2017-11-24 09:56:17] select `tid`, `type_name` from `fb_type` where `type_status` = '1'
admin[2017-11-24 09:56:17] select `id`, `rid`, `username` from `fb_admin` where (`status` = '1')
admin[2017-11-24 09:56:18] select count(*) as aggregate from `fb_article`
admin[2017-11-24 09:56:18] select * from `fb_article` order by `ctime` desc limit 20 offset 0
admin[2017-11-24 09:56:23] select `tid`, `type_name` from `fb_type` where `type_status` = '1'
admin[2017-11-24 09:56:23] select `id`, `rid`, `username` from `fb_admin` where (`status` = '1')
admin[2017-11-24 09:56:24] select count(*) as aggregate from `fb_article`
admin[2017-11-24 09:56:24] select * from `fb_article` order by `ctime` desc limit 20 offset 0
admin[2017-11-24 09:57:26] select `tid`, `type_name` from `fb_type` where `type_status` = '1'
admin[2017-11-24 09:57:26] select `id`, `rid`, `username` from `fb_admin` where (`status` = '1')
admin[2017-11-24 09:57:27] select count(*) as aggregate from `fb_article`
admin[2017-11-24 09:57:27] select * from `fb_article` order by `ctime` desc limit 20 offset 0
admin[2017-11-24 10:23:58] select `tid`, `type_name` from `fb_type` where `type_status` = '1'
admin[2017-11-24 10:23:58] select `id`, `rid`, `username` from `fb_admin` where (`status` = '1')
admin[2017-11-24 10:23:59] select count(*) as aggregate from `fb_article`
admin[2017-11-24 10:23:59] select * from `fb_article` order by `ctime` desc limit 20 offset 0
admin[2017-11-24 10:24:31] select `tid`, `type_name` from `fb_type` where `type_status` = '1'
admin[2017-11-24 10:24:31] select `id`, `rid`, `username` from `fb_admin` where (`status` = '1')
admin[2017-11-24 10:24:32] select count(*) as aggregate from `fb_article`
admin[2017-11-24 10:24:32] select * from `fb_article` order by `ctime` desc limit 20 offset 0
admin[2017-11-24 10:25:51] select `tid`, `type_name` from `fb_type` where `type_status` = '1'
admin[2017-11-24 10:25:51] select `id`, `rid`, `username` from `fb_admin` where (`status` = '1')
admin[2017-11-24 10:25:52] select count(*) as aggregate from `fb_article`
admin[2017-11-24 10:25:52] select * from `fb_article` order by `ctime` desc limit 20 offset 0
admin[2017-11-24 10:26:21] select `tid`, `type_name` from `fb_type` where `type_status` = '1'
admin[2017-11-24 10:26:21] select `id`, `rid`, `username` from `fb_admin` where (`status` = '1')
admin[2017-11-24 10:26:22] select count(*) as aggregate from `fb_article`
admin[2017-11-24 10:26:22] select * from `fb_article` order by `ctime` desc limit 20 offset 0
admin[2017-11-24 10:28:17] select `tid`, `type_name` from `fb_type` where `type_status` = '1'
admin[2017-11-24 10:28:17] select `id`, `rid`, `username` from `fb_admin` where (`status` = '1')
admin[2017-11-24 10:28:18] select count(*) as aggregate from `fb_article`
admin[2017-11-24 10:28:18] select * from `fb_article` order by `ctime` desc limit 20 offset 0
admin[2017-11-24 10:29:27] select `tid`, `type_name` from `fb_type` where `type_status` = '1'
admin[2017-11-24 10:29:27] select `id`, `rid`, `username` from `fb_admin` where (`status` = '1')
admin[2017-11-24 10:29:28] select count(*) as aggregate from `fb_article`
admin[2017-11-24 10:29:28] select * from `fb_article` order by `ctime` desc limit 20 offset 0
admin[2017-11-24 10:30:49] select `tid`, `type_name` from `fb_type` where `type_status` = '1'
admin[2017-11-24 10:30:49] select `id`, `rid`, `username` from `fb_admin` where (`status` = '1')
admin[2017-11-24 10:30:50] select count(*) as aggregate from `fb_article`
admin[2017-11-24 10:30:50] select * from `fb_article` order by `ctime` desc limit 20 offset 0
admin[2017-11-24 11:06:30] select `tid`, `type_name` from `fb_type` where `type_status` = '1'
admin[2017-11-24 11:06:30] select `id`, `rid`, `username` from `fb_admin` where (`status` = '1')
admin[2017-11-24 11:25:51] select `ctime`, `clicks`, `share`, `inter_access`, `read_article`, `histexternal_accessry` from `fb_operating` where `ctime` >= '1508901951' and `ctime` <= '1511452800' group by `ctime`
admin[2017-11-24 11:25:55] select `tid`, `type_name` from `fb_type` where `type_status` = '1'
admin[2017-11-24 11:25:55] select `id`, `rid`, `username` from `fb_admin` where (`status` = '1')
admin[2017-11-24 11:25:55] select `cid`, `column_name` from `fb_type_column` where (`column_status` = '1' and `tid` = '1')
admin[2017-11-24 11:35:43] select `tid`, `type_name` from `fb_type` where `type_status` = '1'
admin[2017-11-24 11:35:43] select `id`, `rid`, `username` from `fb_admin` where (`status` = '1')
admin[2017-11-24 11:35:43] select `cid`, `column_name` from `fb_type_column` where (`column_status` = '1' and `tid` = '1')
admin[2017-11-24 11:35:43] select `cid`, `column_name` from `fb_type_column` where (`column_status` = '1' and `tid` = '2')
admin[2017-11-24 11:35:43] select `cid`, `column_name` from `fb_type_column` where (`column_status` = '1' and `tid` = '3')
admin[2017-11-24 11:47:38] select `tid`, `type_name` from `fb_type` where `type_status` = '1'
admin[2017-11-24 11:47:38] select `id`, `rid`, `username` from `fb_admin` where (`status` = '1')
admin[2017-11-24 11:47:38] select `cid`, `column_name` from `fb_type_column` where (`column_status` = '1' and `tid` = '1')
admin[2017-11-24 11:48:29] select `tid`, `type_name` from `fb_type` where `type_status` = '1'
admin[2017-11-24 11:48:29] select `id`, `rid`, `username` from `fb_admin` where (`status` = '1')
admin[2017-11-24 11:48:29] select `cid`, `column_name` from `fb_type_column` where (`column_status` = '1' and `tid` = '1')
admin[2017-11-24 11:49:28] select `tid`, `type_name` from `fb_type` where `type_status` = '1'
admin[2017-11-24 11:49:28] select `id`, `rid`, `username` from `fb_admin` where (`status` = '1')
admin[2017-11-24 11:49:28] select `cid`, `column_name` from `fb_type_column` where (`column_status` = '1' and `tid` = '1')
admin[2017-11-24 11:49:52] select `tid`, `type_name` from `fb_type` where `type_status` = '1'
admin[2017-11-24 11:49:52] select `id`, `rid`, `username` from `fb_admin` where (`status` = '1')
admin[2017-11-24 11:49:52] select `cid`, `column_name` from `fb_type_column` where (`column_status` = '1' and `tid` = '1')
admin[2017-11-24 11:50:11] select `tid`, `type_name` from `fb_type` where `type_status` = '1'
admin[2017-11-24 11:50:11] select `id`, `rid`, `username` from `fb_admin` where (`status` = '1')
admin[2017-11-24 11:50:11] select `cid`, `column_name` from `fb_type_column` where (`column_status` = '1' and `tid` = '1')
admin[2017-11-24 11:50:42] select `tid`, `type_name` from `fb_type` where `type_status` = '1'
admin[2017-11-24 11:50:42] select `id`, `rid`, `username` from `fb_admin` where (`status` = '1')
admin[2017-11-24 11:50:42] select `cid`, `column_name` from `fb_type_column` where (`column_status` = '1' and `tid` = '1')
admin[2017-11-24 11:51:08] select `tid`, `type_name` from `fb_type` where `type_status` = '1'
admin[2017-11-24 11:51:08] select `id`, `rid`, `username` from `fb_admin` where (`status` = '1')
admin[2017-11-24 11:51:08] select `cid`, `column_name` from `fb_type_column` where (`column_status` = '1' and `tid` = '1')
admin[2017-11-24 11:51:20] select `tid`, `type_name` from `fb_type` where `type_status` = '1'
admin[2017-11-24 11:51:20] select `id`, `rid`, `username` from `fb_admin` where (`status` = '1')
admin[2017-11-24 11:51:20] select `cid`, `column_name` from `fb_type_column` where (`column_status` = '1' and `tid` = '1')
admin[2017-11-24 11:52:57] select `tid`, `type_name` from `fb_type` where `type_status` = '1'
admin[2017-11-24 11:52:58] select `id`, `rid`, `username` from `fb_admin` where (`status` = '1')
admin[2017-11-24 11:52:58] select `cid`, `column_name` from `fb_type_column` where (`column_status` = '1' and `tid` = '1')
admin[2017-11-24 11:53:13] select `tid`, `type_name` from `fb_type` where `type_status` = '1'
admin[2017-11-24 11:53:13] select `id`, `rid`, `username` from `fb_admin` where (`status` = '1')
admin[2017-11-24 11:53:13] select `cid`, `column_name` from `fb_type_column` where (`column_status` = '1' and `tid` = '1')
admin[2017-11-24 11:54:06] select `tid`, `type_name` from `fb_type` where `type_status` = '1'
admin[2017-11-24 11:54:06] select `id`, `rid`, `username` from `fb_admin` where (`status` = '1')
admin[2017-11-24 11:54:06] select `cid`, `column_name` from `fb_type_column` where (`column_status` = '1' and `tid` = '1')
admin[2017-11-24 11:55:41] select `tid`, `type_name` from `fb_type` where `type_status` = '1'
admin[2017-11-24 11:55:41] select `id`, `rid`, `username` from `fb_admin` where (`status` = '1')
admin[2017-11-24 11:55:41] select `cid`, `column_name` from `fb_type_column` where (`column_status` = '1' and `tid` = '1')
admin[2017-11-24 11:55:41] select `cid`, `column_name` from `fb_type_column` where (`column_status` = '1' and `tid` = '2')
admin[2017-11-24 11:55:41] select `cid`, `column_name` from `fb_type_column` where (`column_status` = '1' and `tid` = '3')
admin[2017-11-24 11:56:35] select `tid`, `type_name` from `fb_type` where `type_status` = '1'
admin[2017-11-24 11:56:35] select `id`, `rid`, `username` from `fb_admin` where (`status` = '1')
admin[2017-11-24 11:56:35] select `cid`, `column_name` from `fb_type_column` where (`column_status` = '1' and `tid` = '1')
admin[2017-11-24 11:56:35] select `cid`, `column_name` from `fb_type_column` where (`column_status` = '1' and `tid` = '2')
admin[2017-11-24 11:56:35] select `cid`, `column_name` from `fb_type_column` where (`column_status` = '1' and `tid` = '3')
admin[2017-11-24 11:57:27] select `tid`, `type_name` from `fb_type` where `type_status` = '1'
admin[2017-11-24 11:57:27] select `id`, `rid`, `username` from `fb_admin` where (`status` = '1')
admin[2017-11-24 11:57:27] select `cid`, `column_name` from `fb_type_column` where (`column_status` = '1' and `tid` = '1')
admin[2017-11-24 11:57:27] select `cid`, `column_name` from `fb_type_column` where (`column_status` = '1' and `tid` = '2')
admin[2017-11-24 11:57:27] select `cid`, `column_name` from `fb_type_column` where (`column_status` = '1' and `tid` = '3')
admin[2017-11-24 11:57:30] select `tid`, `type_name` from `fb_type` where `type_status` = '1'
admin[2017-11-24 11:57:30] select `id`, `rid`, `username` from `fb_admin` where (`status` = '1')
admin[2017-11-24 11:57:30] select `cid`, `column_name` from `fb_type_column` where (`column_status` = '1' and `tid` = '1')
admin[2017-11-24 11:57:30] select `cid`, `column_name` from `fb_type_column` where (`column_status` = '1' and `tid` = '2')
admin[2017-11-24 11:57:30] select `cid`, `column_name` from `fb_type_column` where (`column_status` = '1' and `tid` = '3')
admin[2017-11-24 11:58:01] select `tid`, `type_name` from `fb_type` where `type_status` = '1'
admin[2017-11-24 11:58:01] select `id`, `rid`, `username` from `fb_admin` where (`status` = '1')
admin[2017-11-24 11:58:01] select `cid`, `column_name` from `fb_type_column` where (`column_status` = '1' and `tid` = '1')
admin[2017-11-24 11:58:01] select `cid`, `column_name` from `fb_type_column` where (`column_status` = '1' and `tid` = '2')
admin[2017-11-24 11:58:01] select `cid`, `column_name` from `fb_type_column` where (`column_status` = '1' and `tid` = '3')
admin[2017-11-24 11:59:28] select `tid`, `type_name` from `fb_type` where `type_status` = '1'
admin[2017-11-24 11:59:28] select `id`, `rid`, `username` from `fb_admin` where (`status` = '1')
admin[2017-11-24 11:59:28] select `cid`, `column_name` from `fb_type_column` where (`column_status` = '1' and `tid` = '1')
admin[2017-11-24 11:59:28] select `cid`, `column_name` from `fb_type_column` where (`column_status` = '1' and `tid` = '2')
admin[2017-11-24 11:59:28] select `cid`, `column_name` from `fb_type_column` where (`column_status` = '1' and `tid` = '3')
admin[2017-11-24 12:00:23] select `tid`, `type_name` from `fb_type` where `type_status` = '1'
admin[2017-11-24 12:00:23] select `id`, `rid`, `username` from `fb_admin` where (`status` = '1')
admin[2017-11-24 12:00:23] select `cid`, `column_name` from `fb_type_column` where (`column_status` = '1' and `tid` = '1')
admin[2017-11-24 12:00:23] select `cid`, `column_name` from `fb_type_column` where (`column_status` = '1' and `tid` = '2')
admin[2017-11-24 12:00:23] select `cid`, `column_name` from `fb_type_column` where (`column_status` = '1' and `tid` = '3')
admin[2017-11-24 12:11:59] select `tid`, `type_name` from `fb_type` where `type_status` = '1'
admin[2017-11-24 12:11:59] select `id`, `rid`, `username` from `fb_admin` where (`status` = '1')
admin[2017-11-24 12:11:59] select `cid`, `column_name` from `fb_type_column` where (`column_status` = '1' and `tid` = '1')
admin[2017-11-24 12:11:59] select `cid`, `column_name` from `fb_type_column` where (`column_status` = '1' and `tid` = '2')
admin[2017-11-24 12:11:59] select `cid`, `column_name` from `fb_type_column` where (`column_status` = '1' and `tid` = '3')
admin[2017-11-24 12:19:46] select `tid`, `type_name` from `fb_type` where `type_status` = '1'
admin[2017-11-24 12:19:46] select `id`, `rid`, `username` from `fb_admin` where (`status` = '1')
admin[2017-11-24 12:19:46] select `cid`, `column_name` from `fb_type_column` where (`column_status` = '1' and `tid` = '1')
admin[2017-11-24 12:19:46] select `cid`, `column_name` from `fb_type_column` where (`column_status` = '1' and `tid` = '2')
admin[2017-11-24 12:19:46] select `cid`, `column_name` from `fb_type_column` where (`column_status` = '1' and `tid` = '3')
admin[2017-11-24 12:22:05] select `tid`, `type_name` from `fb_type` where `type_status` = '1'
admin[2017-11-24 12:22:05] select `id`, `rid`, `username` from `fb_admin` where (`status` = '1')
admin[2017-11-24 12:22:05] select `cid`, `column_name` from `fb_type_column` where (`column_status` = '1' and `tid` = '1')
admin[2017-11-24 12:22:05] select `cid`, `column_name` from `fb_type_column` where (`column_status` = '1' and `tid` = '2')
admin[2017-11-24 12:22:05] select `cid`, `column_name` from `fb_type_column` where (`column_status` = '1' and `tid` = '3')
admin[2017-11-24 12:22:35] select `tid`, `type_name` from `fb_type` where `type_status` = '1'
admin[2017-11-24 12:22:35] select `id`, `rid`, `username` from `fb_admin` where (`status` = '1')
admin[2017-11-24 12:22:35] select `cid`, `column_name` from `fb_type_column` where (`column_status` = '1' and `tid` = '1')
admin[2017-11-24 12:22:35] select `cid`, `column_name` from `fb_type_column` where (`column_status` = '1' and `tid` = '2')
admin[2017-11-24 12:22:35] select `cid`, `column_name` from `fb_type_column` where (`column_status` = '1' and `tid` = '3')
admin[2017-11-24 12:22:49] select `tid`, `type_name` from `fb_type` where `type_status` = '1'
admin[2017-11-24 12:22:49] select `id`, `rid`, `username` from `fb_admin` where (`status` = '1')
admin[2017-11-24 12:22:49] select `cid`, `column_name` from `fb_type_column` where (`column_status` = '1' and `tid` = '1')
admin[2017-11-24 12:22:49] select `cid`, `column_name` from `fb_type_column` where (`column_status` = '1' and `tid` = '2')
admin[2017-11-24 12:22:49] select `cid`, `column_name` from `fb_type_column` where (`column_status` = '1' and `tid` = '3')
admin[2017-11-24 12:23:27] select `tid`, `type_name` from `fb_type` where `type_status` = '1'
admin[2017-11-24 12:23:27] select `id`, `rid`, `username` from `fb_admin` where (`status` = '1')
admin[2017-11-24 12:23:27] select `cid`, `column_name` from `fb_type_column` where (`column_status` = '1' and `tid` = '1')
admin[2017-11-24 12:23:27] select `cid`, `column_name` from `fb_type_column` where (`column_status` = '1' and `tid` = '2')
admin[2017-11-24 12:23:27] select `cid`, `column_name` from `fb_type_column` where (`column_status` = '1' and `tid` = '3')
admin[2017-11-24 12:23:30] select `tid`, `type_name` from `fb_type` where `type_status` = '1'
admin[2017-11-24 12:23:30] select `id`, `rid`, `username` from `fb_admin` where (`status` = '1')
admin[2017-11-24 12:23:30] select `cid`, `column_name` from `fb_type_column` where (`column_status` = '1' and `tid` = '1')
admin[2017-11-24 12:23:30] select `cid`, `column_name` from `fb_type_column` where (`column_status` = '1' and `tid` = '2')
admin[2017-11-24 12:23:30] select `cid`, `column_name` from `fb_type_column` where (`column_status` = '1' and `tid` = '3')
admin[2017-11-24 12:25:26] select `tid`, `type_name` from `fb_type` where `type_status` = '1'
admin[2017-11-24 12:25:26] select `id`, `rid`, `username` from `fb_admin` where (`status` = '1')
admin[2017-11-24 12:25:26] select `cid`, `column_name` from `fb_type_column` where (`column_status` = '1' and `tid` = '1')
admin[2017-11-24 12:25:26] select `cid`, `column_name` from `fb_type_column` where (`column_status` = '1' and `tid` = '2')
admin[2017-11-24 12:25:26] select `cid`, `column_name` from `fb_type_column` where (`column_status` = '1' and `tid` = '3')
admin[2017-11-24 12:25:27] select count(*) as aggregate from `fb_article`
admin[2017-11-24 12:25:27] select * from `fb_article` order by `ctime` desc limit 20 offset 0
admin[2017-11-24 12:25:39] select count(*) as aggregate from `fb_article` where `tid` = '1'
admin[2017-11-24 12:25:39] select * from `fb_article` where `tid` = '1' order by `ctime` desc limit 20 offset 0
admin[2017-11-24 12:25:46] select count(*) as aggregate from `fb_article` where `tid` = '7'
admin[2017-11-24 12:25:46] select * from `fb_article` where `tid` = '7' order by `ctime` desc limit 20 offset 0
admin[2017-11-24 12:25:50] select count(*) as aggregate from `fb_article` where `tid` = '7'
admin[2017-11-24 12:25:50] select * from `fb_article` where `tid` = '7' order by `ctime` desc limit 20 offset 0
admin[2017-11-24 12:26:13] select count(*) as aggregate from `fb_article` where `tid` = '2'
admin[2017-11-24 12:26:13] select * from `fb_article` where `tid` = '2' order by `ctime` desc limit 20 offset 0
admin[2017-11-24 12:29:28] select `tid`, `type_name` from `fb_type` where `type_status` = '1'
admin[2017-11-24 12:29:28] select `id`, `rid`, `username` from `fb_admin` where (`status` = '1')
admin[2017-11-24 12:29:28] select `cid`, `column_name` from `fb_type_column` where (`column_status` = '1' and `tid` = '1')
admin[2017-11-24 12:29:28] select `cid`, `column_name` from `fb_type_column` where (`column_status` = '1' and `tid` = '2')
admin[2017-11-24 12:29:28] select `cid`, `column_name` from `fb_type_column` where (`column_status` = '1' and `tid` = '3')
admin[2017-11-24 12:29:29] select count(*) as aggregate from `fb_article`
admin[2017-11-24 12:29:29] select * from `fb_article` order by `ctime` desc limit 20 offset 0
admin[2017-11-24 12:32:11] select `tid`, `type_name` from `fb_type` where `type_status` = '1'
admin[2017-11-24 12:32:11] select `id`, `rid`, `username` from `fb_admin` where (`status` = '1')
admin[2017-11-24 12:32:11] select `cid`, `column_name` from `fb_type_column` where (`column_status` = '1' and `tid` = '1')
admin[2017-11-24 12:32:11] select `cid`, `column_name` from `fb_type_column` where (`column_status` = '1' and `tid` = '2')
admin[2017-11-24 12:32:11] select `cid`, `column_name` from `fb_type_column` where (`column_status` = '1' and `tid` = '3')
admin[2017-11-24 12:32:12] select count(*) as aggregate from `fb_article`
admin[2017-11-24 12:32:12] select * from `fb_article` order by `ctime` desc limit 20 offset 0
admin[2017-11-24 12:32:39] select count(*) as aggregate from `fb_article` where `tid` = '1'
admin[2017-11-24 12:32:39] select * from `fb_article` where `tid` = '1' order by `ctime` desc limit 20 offset 0
admin[2017-11-24 13:46:13] select `tid`, `type_name` from `fb_type` where `type_status` = '1'
admin[2017-11-24 13:46:13] select `id`, `rid`, `username` from `fb_admin` where (`status` = '1')
admin[2017-11-24 13:46:13] select `cid`, `column_name` from `fb_type_column` where (`column_status` = '1' and `tid` = '1')
admin[2017-11-24 13:46:13] select `cid`, `column_name` from `fb_type_column` where (`column_status` = '1' and `tid` = '2')
admin[2017-11-24 13:46:13] select `cid`, `column_name` from `fb_type_column` where (`column_status` = '1' and `tid` = '3')
admin[2017-11-24 13:46:14] select count(*) as aggregate from `fb_article`
admin[2017-11-24 13:46:14] select * from `fb_article` order by `ctime` desc limit 20 offset 0
admin[2017-11-24 13:47:06] select `tid`, `type_name` from `fb_type` where `type_status` = '1'
admin[2017-11-24 13:47:06] select `id`, `rid`, `username` from `fb_admin` where (`status` = '1')
admin[2017-11-24 13:47:06] select `cid`, `column_name` from `fb_type_column` where (`column_status` = '1' and `tid` = '1')
admin[2017-11-24 13:47:06] select `cid`, `column_name` from `fb_type_column` where (`column_status` = '1' and `tid` = '2')
admin[2017-11-24 13:47:06] select `cid`, `column_name` from `fb_type_column` where (`column_status` = '1' and `tid` = '3')
admin[2017-11-24 13:47:07] select count(*) as aggregate from `fb_article`
admin[2017-11-24 13:47:07] select * from `fb_article` order by `ctime` desc limit 20 offset 0
admin[2017-11-24 13:47:14] select `ctime`, `clicks`, `share`, `inter_access`, `read_article`, `histexternal_accessry` from `fb_operating` where `ctime` >= '1508910434' and `ctime` <= '1511452800' group by `ctime`
admin[2017-11-24 13:47:19] select `tid`, `type_name` from `fb_type` where `type_status` = '1'
admin[2017-11-24 13:47:19] select `id`, `rid`, `username` from `fb_admin` where (`status` = '1')
admin[2017-11-24 13:47:19] select `cid`, `column_name` from `fb_type_column` where (`column_status` = '1' and `tid` = '1')
admin[2017-11-24 13:47:19] select `cid`, `column_name` from `fb_type_column` where (`column_status` = '1' and `tid` = '2')
admin[2017-11-24 13:47:19] select `cid`, `column_name` from `fb_type_column` where (`column_status` = '1' and `tid` = '3')
admin[2017-11-24 13:47:20] select count(*) as aggregate from `fb_article`
admin[2017-11-24 13:47:20] select * from `fb_article` order by `ctime` desc limit 20 offset 0
admin[2017-11-24 13:47:54] select `tid`, `type_name` from `fb_type` where `type_status` = '1'
admin[2017-11-24 13:47:54] select `id`, `rid`, `username` from `fb_admin` where (`status` = '1')
admin[2017-11-24 13:47:54] select `cid`, `column_name` from `fb_type_column` where (`column_status` = '1' and `tid` = '1')
admin[2017-11-24 13:47:54] select `cid`, `column_name` from `fb_type_column` where (`column_status` = '1' and `tid` = '2')
admin[2017-11-24 13:47:54] select `cid`, `column_name` from `fb_type_column` where (`column_status` = '1' and `tid` = '3')
admin[2017-11-24 13:47:55] select count(*) as aggregate from `fb_article`
admin[2017-11-24 13:47:55] select * from `fb_article` order by `ctime` desc limit 20 offset 0
admin[2017-11-24 13:47:57] select `ctime`, `clicks`, `share`, `inter_access`, `read_article`, `histexternal_accessry` from `fb_operating` where `ctime` >= '1508910477' and `ctime` <= '1511452800' group by `ctime`
admin[2017-11-24 13:48:00] select `tid`, `type_name` from `fb_type` where `type_status` = '1'
admin[2017-11-24 13:48:00] select `id`, `rid`, `username` from `fb_admin` where (`status` = '1')
admin[2017-11-24 13:48:00] select `cid`, `column_name` from `fb_type_column` where (`column_status` = '1' and `tid` = '1')
admin[2017-11-24 13:48:00] select `cid`, `column_name` from `fb_type_column` where (`column_status` = '1' and `tid` = '2')
admin[2017-11-24 13:48:00] select `cid`, `column_name` from `fb_type_column` where (`column_status` = '1' and `tid` = '3')
admin[2017-11-24 13:48:01] select count(*) as aggregate from `fb_article`
admin[2017-11-24 13:48:01] select * from `fb_article` order by `ctime` desc limit 20 offset 0
admin[2017-11-24 13:48:31] select `tid`, `type_name` from `fb_type` where `type_status` = '1'
admin[2017-11-24 13:48:31] select `id`, `rid`, `username` from `fb_admin` where (`status` = '1')
admin[2017-11-24 13:48:31] select `cid`, `column_name` from `fb_type_column` where (`column_status` = '1' and `tid` = '1')
admin[2017-11-24 13:48:31] select `cid`, `column_name` from `fb_type_column` where (`column_status` = '1' and `tid` = '2')
admin[2017-11-24 13:48:31] select `cid`, `column_name` from `fb_type_column` where (`column_status` = '1' and `tid` = '3')
admin[2017-11-24 13:48:32] select count(*) as aggregate from `fb_article`
admin[2017-11-24 13:48:32] select * from `fb_article` order by `ctime` desc limit 20 offset 0
admin[2017-11-24 13:49:30] select `tid`, `type_name` from `fb_type` where `type_status` = '1'
admin[2017-11-24 13:49:30] select `id`, `rid`, `username` from `fb_admin` where (`status` = '1')
admin[2017-11-24 13:49:30] select `cid`, `column_name` from `fb_type_column` where (`column_status` = '1' and `tid` = '1')
admin[2017-11-24 13:49:30] select `cid`, `column_name` from `fb_type_column` where (`column_status` = '1' and `tid` = '2')
admin[2017-11-24 13:49:30] select `cid`, `column_name` from `fb_type_column` where (`column_status` = '1' and `tid` = '3')
admin[2017-11-24 13:49:31] select count(*) as aggregate from `fb_article`
admin[2017-11-24 13:49:31] select * from `fb_article` order by `ctime` desc limit 20 offset 0
admin[2017-11-24 13:49:36] select `tid`, `type_name` from `fb_type` where `type_status` = '1'
admin[2017-11-24 13:49:36] select `id`, `rid`, `username` from `fb_admin` where (`status` = '1')
admin[2017-11-24 13:49:36] select `cid`, `column_name` from `fb_type_column` where (`column_status` = '1' and `tid` = '1')
admin[2017-11-24 13:49:36] select `cid`, `column_name` from `fb_type_column` where (`column_status` = '1' and `tid` = '2')
admin[2017-11-24 13:49:36] select `cid`, `column_name` from `fb_type_column` where (`column_status` = '1' and `tid` = '3')
admin[2017-11-24 13:49:37] select count(*) as aggregate from `fb_article`
admin[2017-11-24 13:49:37] select * from `fb_article` order by `ctime` desc limit 20 offset 0
admin[2017-11-24 13:50:32] select `tid`, `type_name` from `fb_type` where `type_status` = '1'
admin[2017-11-24 13:50:32] select `id`, `rid`, `username` from `fb_admin` where (`status` = '1')
admin[2017-11-24 13:50:32] select `cid`, `column_name` from `fb_type_column` where (`column_status` = '1' and `tid` = '1')
admin[2017-11-24 13:50:32] select `cid`, `column_name` from `fb_type_column` where (`column_status` = '1' and `tid` = '2')
admin[2017-11-24 13:50:32] select `cid`, `column_name` from `fb_type_column` where (`column_status` = '1' and `tid` = '3')
admin[2017-11-24 13:50:33] select count(*) as aggregate from `fb_article`
admin[2017-11-24 13:50:33] select * from `fb_article` order by `ctime` desc limit 20 offset 0
admin[2017-11-24 13:53:33] select `tid`, `type_name` from `fb_type` where `type_status` = '1'
admin[2017-11-24 13:53:33] select `id`, `rid`, `username` from `fb_admin` where (`status` = '1')
admin[2017-11-24 13:53:33] select `cid`, `column_name` from `fb_type_column` where (`column_status` = '1' and `tid` = '1')
admin[2017-11-24 13:53:33] select `cid`, `column_name` from `fb_type_column` where (`column_status` = '1' and `tid` = '2')
admin[2017-11-24 13:53:33] select `cid`, `column_name` from `fb_type_column` where (`column_status` = '1' and `tid` = '3')
admin[2017-11-24 13:53:34] select count(*) as aggregate from `fb_article`
admin[2017-11-24 13:53:34] select * from `fb_article` order by `ctime` desc limit 20 offset 0
admin[2017-11-24 13:54:38] select `tid`, `type_name` from `fb_type` where `type_status` = '1'
admin[2017-11-24 13:54:38] select `id`, `rid`, `username` from `fb_admin` where (`status` = '1')
admin[2017-11-24 13:54:38] select `cid`, `column_name` from `fb_type_column` where (`column_status` = '1' and `tid` = '1')
admin[2017-11-24 13:54:38] select `cid`, `column_name` from `fb_type_column` where (`column_status` = '1' and `tid` = '2')
admin[2017-11-24 13:54:38] select `cid`, `column_name` from `fb_type_column` where (`column_status` = '1' and `tid` = '3')
admin[2017-11-24 13:54:39] select count(*) as aggregate from `fb_article`
admin[2017-11-24 13:54:39] select * from `fb_article` order by `ctime` desc limit 20 offset 0
admin[2017-11-24 13:55:22] select `tid`, `type_name` from `fb_type` where `type_status` = '1'
admin[2017-11-24 13:55:22] select `id`, `rid`, `username` from `fb_admin` where (`status` = '1')
admin[2017-11-24 13:55:22] select `cid`, `column_name` from `fb_type_column` where (`column_status` = '1' and `tid` = '1')
admin[2017-11-24 13:55:22] select `cid`, `column_name` from `fb_type_column` where (`column_status` = '1' and `tid` = '2')
admin[2017-11-24 13:55:22] select `cid`, `column_name` from `fb_type_column` where (`column_status` = '1' and `tid` = '3')
admin[2017-11-24 13:55:23] select count(*) as aggregate from `fb_article`
admin[2017-11-24 13:55:23] select * from `fb_article` order by `ctime` desc limit 20 offset 0
admin[2017-11-24 13:55:57] select `tid`, `type_name` from `fb_type` where `type_status` = '1'
admin[2017-11-24 13:55:57] select `id`, `rid`, `username` from `fb_admin` where (`status` = '1')
admin[2017-11-24 13:55:57] select `cid`, `column_name` from `fb_type_column` where (`column_status` = '1' and `tid` = '1')
admin[2017-11-24 13:55:57] select `cid`, `column_name` from `fb_type_column` where (`column_status` = '1' and `tid` = '2')
admin[2017-11-24 13:55:57] select `cid`, `column_name` from `fb_type_column` where (`column_status` = '1' and `tid` = '3')
admin[2017-11-24 13:55:58] select count(*) as aggregate from `fb_article`
admin[2017-11-24 13:55:58] select * from `fb_article` order by `ctime` desc limit 20 offset 0
admin[2017-11-24 13:56:25] select `tid`, `type_name` from `fb_type` where `type_status` = '1'
admin[2017-11-24 13:56:25] select `id`, `rid`, `username` from `fb_admin` where (`status` = '1')
admin[2017-11-24 13:56:25] select `cid`, `column_name` from `fb_type_column` where (`column_status` = '1' and `tid` = '1')
admin[2017-11-24 13:56:25] select `cid`, `column_name` from `fb_type_column` where (`column_status` = '1' and `tid` = '2')
admin[2017-11-24 13:56:25] select `cid`, `column_name` from `fb_type_column` where (`column_status` = '1' and `tid` = '3')
admin[2017-11-24 13:56:26] select count(*) as aggregate from `fb_article`
admin[2017-11-24 13:56:26] select * from `fb_article` order by `ctime` desc limit 20 offset 0
admin[2017-11-24 13:56:32] select count(*) as aggregate from `fb_article` where `tid` = '2'
admin[2017-11-24 13:56:32] select * from `fb_article` where `tid` = '2' order by `ctime` desc limit 20 offset 0
admin[2017-11-24 13:57:02] select `tid`, `type_name` from `fb_type` where `type_status` = '1'
admin[2017-11-24 13:57:02] select `id`, `rid`, `username` from `fb_admin` where (`status` = '1')
admin[2017-11-24 13:57:02] select `cid`, `column_name` from `fb_type_column` where (`column_status` = '1' and `tid` = '1')
admin[2017-11-24 13:57:02] select `cid`, `column_name` from `fb_type_column` where (`column_status` = '1' and `tid` = '2')
admin[2017-11-24 13:57:02] select `cid`, `column_name` from `fb_type_column` where (`column_status` = '1' and `tid` = '3')
admin[2017-11-24 13:57:03] select count(*) as aggregate from `fb_article`
admin[2017-11-24 13:57:03] select * from `fb_article` order by `ctime` desc limit 20 offset 0
admin[2017-11-24 13:57:08] select count(*) as aggregate from `fb_article` where `cid` = '2'
admin[2017-11-24 13:57:08] select * from `fb_article` where `cid` = '2' order by `ctime` desc limit 20 offset 0
admin[2017-11-24 13:57:18] select count(*) as aggregate from `fb_article` where `cid` = '12'
admin[2017-11-24 13:57:18] select * from `fb_article` where `cid` = '12' order by `ctime` desc limit 20 offset 0
admin[2017-11-24 13:57:18] select `uid`, `user_account` from `fb_user` where `uid` in ('7')
admin[2017-11-24 13:57:22] select count(*) as aggregate from `fb_article` where `cid` = '10'
admin[2017-11-24 13:57:22] select * from `fb_article` where `cid` = '10' order by `ctime` desc limit 20 offset 0
admin[2017-11-24 13:57:25] select count(*) as aggregate from `fb_article` where `tid` = '2'
admin[2017-11-24 13:57:25] select * from `fb_article` where `tid` = '2' order by `ctime` desc limit 20 offset 0
admin[2017-11-24 13:57:28] select count(*) as aggregate from `fb_article` where `tid` = '1'
admin[2017-11-24 13:57:28] select * from `fb_article` where `tid` = '1' order by `ctime` desc limit 20 offset 0
admin[2017-11-24 13:57:51] select `tid`, `type_name` from `fb_type` where `type_status` = '1'
admin[2017-11-24 13:57:51] select `id`, `rid`, `username` from `fb_admin` where (`status` = '1')
admin[2017-11-24 13:57:51] select `cid`, `column_name` from `fb_type_column` where (`column_status` = '1' and `tid` = '1')
admin[2017-11-24 13:57:51] select `cid`, `column_name` from `fb_type_column` where (`column_status` = '1' and `tid` = '2')
admin[2017-11-24 13:57:51] select `cid`, `column_name` from `fb_type_column` where (`column_status` = '1' and `tid` = '3')
admin[2017-11-24 13:57:52] select count(*) as aggregate from `fb_article`
admin[2017-11-24 13:57:52] select * from `fb_article` order by `ctime` desc limit 20 offset 0
admin[2017-11-24 13:58:08] select `tid`, `type_name` from `fb_type` where `type_status` = '1'
admin[2017-11-24 13:58:08] select `id`, `rid`, `username` from `fb_admin` where (`status` = '1')
admin[2017-11-24 13:58:08] select `cid`, `column_name` from `fb_type_column` where (`column_status` = '1' and `tid` = '1')
admin[2017-11-24 13:58:08] select `cid`, `column_name` from `fb_type_column` where (`column_status` = '1' and `tid` = '2')
admin[2017-11-24 13:58:08] select `cid`, `column_name` from `fb_type_column` where (`column_status` = '1' and `tid` = '3')
admin[2017-11-24 13:58:09] select count(*) as aggregate from `fb_article`
admin[2017-11-24 13:58:09] select * from `fb_article` order by `ctime` desc limit 20 offset 0
admin[2017-11-24 13:58:16] select count(*) as aggregate from `fb_article` where `cid` = '3'
admin[2017-11-24 13:58:16] select * from `fb_article` where `cid` = '3' order by `ctime` desc limit 20 offset 0
admin[2017-11-24 13:58:43] select `tid`, `type_name` from `fb_type` where `type_status` = '1'
admin[2017-11-24 13:58:43] select `id`, `rid`, `username` from `fb_admin` where (`status` = '1')
admin[2017-11-24 13:58:43] select `cid`, `column_name` from `fb_type_column` where (`column_status` = '1' and `tid` = '1')
admin[2017-11-24 13:58:43] select `cid`, `column_name` from `fb_type_column` where (`column_status` = '1' and `tid` = '2')
admin[2017-11-24 13:58:43] select `cid`, `column_name` from `fb_type_column` where (`column_status` = '1' and `tid` = '3')
admin[2017-11-24 13:58:45] select count(*) as aggregate from `fb_article`
admin[2017-11-24 13:58:45] select * from `fb_article` order by `ctime` desc limit 20 offset 0
