[2018-01-09 09:12:08] select `aid`, `tid`, `cid`, `wid` from `fb_article` where (`article_status` = '4') and `send_time` < '1515460327'
[2018-01-09 09:14:03] select `aid`, `tid`, `cid`, `wid` from `fb_article` where (`article_status` = '4') and `send_time` < '1515460442'
[2018-01-09 09:16:03] select `aid`, `tid`, `cid`, `wid` from `fb_article` where (`article_status` = '4') and `send_time` < '1515460563'
[2018-01-09 09:18:03] select `aid`, `tid`, `cid`, `wid` from `fb_article` where (`article_status` = '4') and `send_time` < '1515460683'
[2018-01-09 09:20:02] select `aid`, `tid`, `cid`, `wid` from `fb_article` where (`article_status` = '4') and `send_time` < '1515460802'
[2018-01-09 09:22:03] select `aid`, `tid`, `cid`, `wid` from `fb_article` where (`article_status` = '4') and `send_time` < '1515460923'
[2018-01-09 09:24:03] select `aid`, `tid`, `cid`, `wid` from `fb_article` where (`article_status` = '4') and `send_time` < '1515461043'
[2018-01-09 09:26:02] select `aid`, `tid`, `cid`, `wid` from `fb_article` where (`article_status` = '4') and `send_time` < '1515461162'
[2018-01-09 09:28:03] select `aid`, `tid`, `cid`, `wid` from `fb_article` where (`article_status` = '4') and `send_time` < '1515461283'
[2018-01-09 09:30:02] select `aid`, `tid`, `cid`, `wid` from `fb_article` where (`article_status` = '4') and `send_time` < '1515461402'
[2018-01-09 09:32:03] select `aid`, `tid`, `cid`, `wid` from `fb_article` where (`article_status` = '4') and `send_time` < '1515461523'
[2018-01-09 09:34:03] select `aid`, `tid`, `cid`, `wid` from `fb_article` where (`article_status` = '4') and `send_time` < '1515461643'
[2018-01-09 09:36:03] select `aid`, `tid`, `cid`, `wid` from `fb_article` where (`article_status` = '4') and `send_time` < '1515461762'
[2018-01-09 09:38:03] select `aid`, `tid`, `cid`, `wid` from `fb_article` where (`article_status` = '4') and `send_time` < '1515461883'
[2018-01-09 09:40:03] select `aid`, `tid`, `cid`, `wid` from `fb_article` where (`article_status` = '4') and `send_time` < '1515462003'
[2018-01-09 09:42:03] select `aid`, `tid`, `cid`, `wid` from `fb_article` where (`article_status` = '4') and `send_time` < '1515462122'
[2018-01-09 09:44:03] select `aid`, `tid`, `cid`, `wid` from `fb_article` where (`article_status` = '4') and `send_time` < '1515462243'
[2018-01-09 09:46:03] select `aid`, `tid`, `cid`, `wid` from `fb_article` where (`article_status` = '4') and `send_time` < '1515462363'
[2018-01-09 09:48:03] select `aid`, `tid`, `cid`, `wid` from `fb_article` where (`article_status` = '4') and `send_time` < '1515462483'
[2018-01-09 09:50:03] select `aid`, `tid`, `cid`, `wid` from `fb_article` where (`article_status` = '4') and `send_time` < '1515462603'
[2018-01-09 09:52:02] select `aid`, `tid`, `cid`, `wid` from `fb_article` where (`article_status` = '4') and `send_time` < '1515462722'
[2018-01-09 09:54:03] select `aid`, `tid`, `cid`, `wid` from `fb_article` where (`article_status` = '4') and `send_time` < '1515462843'
[2018-01-09 09:56:03] select `aid`, `tid`, `cid`, `wid` from `fb_article` where (`article_status` = '4') and `send_time` < '1515462963'
[2018-01-09 09:58:03] select `aid`, `tid`, `cid`, `wid` from `fb_article` where (`article_status` = '4') and `send_time` < '1515463083'
[2018-01-09 09:59:03] select SUM(share) as share, SUM(read_article) as read_article, SUM(inter_access) as inter_access, SUM(histexternal_accessry) as histexternal_accessry, SUM(views) as views, SUM(clicks) as clicks from `fb_article_log` where (`ctime` = '1515427200') limit 1
[2018-01-09 09:59:03] select `id` from `fb_operating` where (`ctime` = '1515427200') limit 1
[2018-01-09 09:59:03] insert into `fb_operating` (`share`, `read_article`, `inter_access`, `histexternal_accessry`, `views`, `clicks`, `click_rate`, `share_rate`, `guide_rate`, `ctime`) values ('', '', '', '', '', '', '0', '0', '0', '1515427200')
[2018-01-09 10:00:03] select `aid`, `tid`, `cid`, `wid` from `fb_article` where (`article_status` = '4') and `send_time` < '1515463203'
[2018-01-09 10:02:03] select `aid`, `tid`, `cid`, `wid` from `fb_article` where (`article_status` = '4') and `send_time` < '1515463323'
[2018-01-09 10:04:02] select `aid`, `tid`, `cid`, `wid` from `fb_article` where (`article_status` = '4') and `send_time` < '1515463442'
[2018-01-09 10:06:03] select `aid`, `tid`, `cid`, `wid` from `fb_article` where (`article_status` = '4') and `send_time` < '1515463563'
[2018-01-09 10:08:02] select `aid`, `tid`, `cid`, `wid` from `fb_article` where (`article_status` = '4') and `send_time` < '1515463682'
[2018-01-09 10:10:03] select `aid`, `tid`, `cid`, `wid` from `fb_article` where (`article_status` = '4') and `send_time` < '1515463803'
[2018-01-09 10:12:03] select `aid`, `tid`, `cid`, `wid` from `fb_article` where (`article_status` = '4') and `send_time` < '1515463922'
[2018-01-09 10:14:03] select `aid`, `tid`, `cid`, `wid` from `fb_article` where (`article_status` = '4') and `send_time` < '1515464043'
[2018-01-09 10:16:03] select `aid`, `tid`, `cid`, `wid` from `fb_article` where (`article_status` = '4') and `send_time` < '1515464163'
[2018-01-09 10:18:02] select `aid`, `tid`, `cid`, `wid` from `fb_article` where (`article_status` = '4') and `send_time` < '1515464282'
[2018-01-09 10:20:03] select `aid`, `tid`, `cid`, `wid` from `fb_article` where (`article_status` = '4') and `send_time` < '1515464403'
[2018-01-09 10:22:02] select `aid`, `tid`, `cid`, `wid` from `fb_article` where (`article_status` = '4') and `send_time` < '1515464522'
[2018-01-09 10:24:03] select `aid`, `tid`, `cid`, `wid` from `fb_article` where (`article_status` = '4') and `send_time` < '1515464643'
[2018-01-09 10:26:02] select `aid`, `tid`, `cid`, `wid` from `fb_article` where (`article_status` = '4') and `send_time` < '1515464762'
[2018-01-09 10:28:03] select `aid`, `tid`, `cid`, `wid` from `fb_article` where (`article_status` = '4') and `send_time` < '1515464883'
[2018-01-09 10:30:03] select `aid`, `tid`, `cid`, `wid` from `fb_article` where (`article_status` = '4') and `send_time` < '1515465003'
[2018-01-09 10:32:03] select `aid`, `tid`, `cid`, `wid` from `fb_article` where (`article_status` = '4') and `send_time` < '1515465123'
[2018-01-09 10:34:03] select `aid`, `tid`, `cid`, `wid` from `fb_article` where (`article_status` = '4') and `send_time` < '1515465243'
[2018-01-09 10:36:02] select `aid`, `tid`, `cid`, `wid` from `fb_article` where (`article_status` = '4') and `send_time` < '1515465362'
[2018-01-09 10:38:03] select `aid`, `tid`, `cid`, `wid` from `fb_article` where (`article_status` = '4') and `send_time` < '1515465483'
[2018-01-09 10:40:02] select `aid`, `tid`, `cid`, `wid` from `fb_article` where (`article_status` = '4') and `send_time` < '1515465602'
[2018-01-09 10:42:03] select `aid`, `tid`, `cid`, `wid` from `fb_article` where (`article_status` = '4') and `send_time` < '1515465723'
[2018-01-09 10:44:03] select `aid`, `tid`, `cid`, `wid` from `fb_article` where (`article_status` = '4') and `send_time` < '1515465842'
[2018-01-09 10:46:03] select `aid`, `tid`, `cid`, `wid` from `fb_article` where (`article_status` = '4') and `send_time` < '1515465963'
[2018-01-09 10:46:57] select * from `fb_admin` where `username` = 'admin' and `password` = '203b6d1f2a502c540000' limit 1
[2018-01-09 10:46:57] select `powers` from `fb_role` where `id` = '1' limit 1
[2018-01-09 10:46:57] select `name` from `fb_node` where `pid` > '0' limit 1
[2018-01-09 10:46:57] update `fb_admin` set `last_time` = '1515466017', `last_ip` = '192.168.0.53' where `username` = 'admin' and `password` = '203b6d1f2a502c540000' and (`id` = '24') limit 1
admin[2018-01-09 10:46:59] select `ctime`, `clicks`, `share`, `inter_access`, `read_article`, `histexternal_accessry` from `fb_operating` where `ctime` >= '1512874019' and `ctime` <= '1515427200' group by `ctime`
admin[2018-01-09 10:47:00] select * from `fb_operating` where `ctime` >= '1512874020' and `ctime` <= '1515427200' order by `ctime` desc
admin[2018-01-09 10:47:02] select `tid`, `type_name` from `fb_type` where `type_status` = '1'
admin[2018-01-09 10:47:02] select `id`, `rid`, `username` from `fb_admin` where (`status` = '1')
admin[2018-01-09 10:47:02] select `cid`, `column_name` from `fb_type_column` where (`column_status` = '1' and `tid` = '1')
admin[2018-01-09 10:47:02] select `cid`, `column_name` from `fb_type_column` where (`column_status` = '1' and `tid` = '2')
admin[2018-01-09 10:47:02] select `cid`, `column_name` from `fb_type_column` where (`column_status` = '1' and `tid` = '3')
admin[2018-01-09 10:47:03] select count(*) as aggregate from `fb_article`
admin[2018-01-09 10:47:03] select * from `fb_article` order by `ctime` desc limit 20 offset 0
admin[2018-01-09 10:47:04] select `tid`, `type_name` from `fb_type` where `type_status` = '1'
admin[2018-01-09 10:47:04] select `cid`, `column_name` from `fb_type_column` where `column_status` = '1' and `tid` = '1'
admin[2018-01-09 10:47:04] select `cid`, `column_name` from `fb_type_column` where `column_status` = '1' and `tid` = '2'
admin[2018-01-09 10:47:04] select `cid`, `column_name` from `fb_type_column` where `column_status` = '1' and `tid` = '3'
admin[2018-01-09 10:47:04] select `uid`, `user_account` from `fb_user`
[2018-01-09 10:48:03] select `aid`, `tid`, `cid`, `wid` from `fb_article` where (`article_status` = '4') and `send_time` < '1515466083'
[2018-01-09 10:50:03] select `aid`, `tid`, `cid`, `wid` from `fb_article` where (`article_status` = '4') and `send_time` < '1515466203'
[2018-01-09 10:52:02] select `aid`, `tid`, `cid`, `wid` from `fb_article` where (`article_status` = '4') and `send_time` < '1515466322'
[2018-01-09 10:54:03] select `aid`, `tid`, `cid`, `wid` from `fb_article` where (`article_status` = '4') and `send_time` < '1515466443'
[2018-01-09 10:56:03] select `aid`, `tid`, `cid`, `wid` from `fb_article` where (`article_status` = '4') and `send_time` < '1515466563'
[2018-01-09 10:58:02] select `aid`, `tid`, `cid`, `wid` from `fb_article` where (`article_status` = '4') and `send_time` < '1515466682'
[2018-01-09 10:59:03] select SUM(share) as share, SUM(read_article) as read_article, SUM(inter_access) as inter_access, SUM(histexternal_accessry) as histexternal_accessry, SUM(views) as views, SUM(clicks) as clicks from `fb_article_log` where (`ctime` = '1515427200') limit 1
[2018-01-09 10:59:03] select `id` from `fb_operating` where (`ctime` = '1515427200') limit 1
[2018-01-09 10:59:03] update `fb_operating` set `share` = '', `read_article` = '', `inter_access` = '', `histexternal_accessry` = '', `views` = '', `clicks` = '', `click_rate` = '0', `share_rate` = '0', `guide_rate` = '0', `ctime` = '1515427200' where (`id` = '155287')
[2018-01-09 11:00:03] select `aid`, `tid`, `cid`, `wid` from `fb_article` where (`article_status` = '4') and `send_time` < '1515466803'
[2018-01-09 11:02:03] select `aid`, `tid`, `cid`, `wid` from `fb_article` where (`article_status` = '4') and `send_time` < '1515466923'
[2018-01-09 11:04:03] select `aid`, `tid`, `cid`, `wid` from `fb_article` where (`article_status` = '4') and `send_time` < '1515467042'
[2018-01-09 11:06:03] select `aid`, `tid`, `cid`, `wid` from `fb_article` where (`article_status` = '4') and `send_time` < '1515467163'
[2018-01-09 11:08:03] select `aid`, `tid`, `cid`, `wid` from `fb_article` where (`article_status` = '4') and `send_time` < '1515467283'
[2018-01-09 11:10:02] select `aid`, `tid`, `cid`, `wid` from `fb_article` where (`article_status` = '4') and `send_time` < '1515467402'
[2018-01-09 11:12:03] select `aid`, `tid`, `cid`, `wid` from `fb_article` where (`article_status` = '4') and `send_time` < '1515467523'
[2018-01-09 11:14:02] select `aid`, `tid`, `cid`, `wid` from `fb_article` where (`article_status` = '4') and `send_time` < '1515467642'
[2018-01-09 11:16:03] select `aid`, `tid`, `cid`, `wid` from `fb_article` where (`article_status` = '4') and `send_time` < '1515467763'
[2018-01-09 11:18:03] select `aid`, `tid`, `cid`, `wid` from `fb_article` where (`article_status` = '4') and `send_time` < '1515467883'
[2018-01-09 11:20:03] select `aid`, `tid`, `cid`, `wid` from `fb_article` where (`article_status` = '4') and `send_time` < '1515468003'
[2018-01-09 11:22:03] select `aid`, `tid`, `cid`, `wid` from `fb_article` where (`article_status` = '4') and `send_time` < '1515468122'
[2018-01-09 11:24:03] select `aid`, `tid`, `cid`, `wid` from `fb_article` where (`article_status` = '4') and `send_time` < '1515468243'
[2018-01-09 11:26:03] select `aid`, `tid`, `cid`, `wid` from `fb_article` where (`article_status` = '4') and `send_time` < '1515468363'
[2018-01-09 11:28:02] select `aid`, `tid`, `cid`, `wid` from `fb_article` where (`article_status` = '4') and `send_time` < '1515468482'
[2018-01-09 11:30:03] select `aid`, `tid`, `cid`, `wid` from `fb_article` where (`article_status` = '4') and `send_time` < '1515468603'
[2018-01-09 11:32:02] select `aid`, `tid`, `cid`, `wid` from `fb_article` where (`article_status` = '4') and `send_time` < '1515468722'
[2018-01-09 11:34:03] select `aid`, `tid`, `cid`, `wid` from `fb_article` where (`article_status` = '4') and `send_time` < '1515468843'
[2018-01-09 11:36:03] select `aid`, `tid`, `cid`, `wid` from `fb_article` where (`article_status` = '4') and `send_time` < '1515468963'
[2018-01-09 11:38:02] select `aid`, `tid`, `cid`, `wid` from `fb_article` where (`article_status` = '4') and `send_time` < '1515469082'
[2018-01-09 11:40:03] select `aid`, `tid`, `cid`, `wid` from `fb_article` where (`article_status` = '4') and `send_time` < '1515469203'
[2018-01-09 11:42:03] select `aid`, `tid`, `cid`, `wid` from `fb_article` where (`article_status` = '4') and `send_time` < '1515469323'
[2018-01-09 11:44:02] select `aid`, `tid`, `cid`, `wid` from `fb_article` where (`article_status` = '4') and `send_time` < '1515469442'
[2018-01-09 11:46:03] select `aid`, `tid`, `cid`, `wid` from `fb_article` where (`article_status` = '4') and `send_time` < '1515469563'
[2018-01-09 11:48:03] select `aid`, `tid`, `cid`, `wid` from `fb_article` where (`article_status` = '4') and `send_time` < '1515469682'
[2018-01-09 11:50:03] select `aid`, `tid`, `cid`, `wid` from `fb_article` where (`article_status` = '4') and `send_time` < '1515469803'
[2018-01-09 11:52:03] select `aid`, `tid`, `cid`, `wid` from `fb_article` where (`article_status` = '4') and `send_time` < '1515469923'
[2018-01-09 11:54:02] select `aid`, `tid`, `cid`, `wid` from `fb_article` where (`article_status` = '4') and `send_time` < '1515470042'
[2018-01-09 11:56:03] select `aid`, `tid`, `cid`, `wid` from `fb_article` where (`article_status` = '4') and `send_time` < '1515470163'
[2018-01-09 11:58:03] select `aid`, `tid`, `cid`, `wid` from `fb_article` where (`article_status` = '4') and `send_time` < '1515470282'
[2018-01-09 11:59:02] select SUM(share) as share, SUM(read_article) as read_article, SUM(inter_access) as inter_access, SUM(histexternal_accessry) as histexternal_accessry, SUM(views) as views, SUM(clicks) as clicks from `fb_article_log` where (`ctime` = '1515427200') limit 1
[2018-01-09 11:59:02] select `id` from `fb_operating` where (`ctime` = '1515427200') limit 1
[2018-01-09 11:59:02] update `fb_operating` set `share` = '', `read_article` = '', `inter_access` = '', `histexternal_accessry` = '', `views` = '', `clicks` = '', `click_rate` = '0', `share_rate` = '0', `guide_rate` = '0', `ctime` = '1515427200' where (`id` = '155287')
[2018-01-09 12:00:02] select `aid`, `tid`, `cid`, `wid` from `fb_article` where (`article_status` = '4') and `send_time` < '1515470402'
[2018-01-09 12:02:03] select `aid`, `tid`, `cid`, `wid` from `fb_article` where (`article_status` = '4') and `send_time` < '1515470523'
[2018-01-09 12:04:03] select `aid`, `tid`, `cid`, `wid` from `fb_article` where (`article_status` = '4') and `send_time` < '1515470642'
[2018-01-09 12:06:03] select `aid`, `tid`, `cid`, `wid` from `fb_article` where (`article_status` = '4') and `send_time` < '1515470763'
[2018-01-09 12:08:03] select `aid`, `tid`, `cid`, `wid` from `fb_article` where (`article_status` = '4') and `send_time` < '1515470883'
[2018-01-09 12:10:02] select `aid`, `tid`, `cid`, `wid` from `fb_article` where (`article_status` = '4') and `send_time` < '1515471002'
[2018-01-09 12:12:03] select `aid`, `tid`, `cid`, `wid` from `fb_article` where (`article_status` = '4') and `send_time` < '1515471123'
[2018-01-09 12:14:02] select `aid`, `tid`, `cid`, `wid` from `fb_article` where (`article_status` = '4') and `send_time` < '1515471242'
[2018-01-09 12:16:03] select `aid`, `tid`, `cid`, `wid` from `fb_article` where (`article_status` = '4') and `send_time` < '1515471363'
[2018-01-09 12:18:03] select `aid`, `tid`, `cid`, `wid` from `fb_article` where (`article_status` = '4') and `send_time` < '1515471483'
[2018-01-09 12:20:02] select `aid`, `tid`, `cid`, `wid` from `fb_article` where (`article_status` = '4') and `send_time` < '1515471602'
[2018-01-09 12:22:03] select `aid`, `tid`, `cid`, `wid` from `fb_article` where (`article_status` = '4') and `send_time` < '1515471723'
[2018-01-09 12:24:03] select `aid`, `tid`, `cid`, `wid` from `fb_article` where (`article_status` = '4') and `send_time` < '1515471843'
[2018-01-09 12:26:03] select `aid`, `tid`, `cid`, `wid` from `fb_article` where (`article_status` = '4') and `send_time` < '1515471963'
[2018-01-09 12:28:03] select `aid`, `tid`, `cid`, `wid` from `fb_article` where (`article_status` = '4') and `send_time` < '1515472083'
[2018-01-09 12:30:03] select `aid`, `tid`, `cid`, `wid` from `fb_article` where (`article_status` = '4') and `send_time` < '1515472203'
[2018-01-09 12:32:02] select `aid`, `tid`, `cid`, `wid` from `fb_article` where (`article_status` = '4') and `send_time` < '1515472322'
[2018-01-09 12:34:03] select `aid`, `tid`, `cid`, `wid` from `fb_article` where (`article_status` = '4') and `send_time` < '1515472443'
[2018-01-09 12:36:02] select `aid`, `tid`, `cid`, `wid` from `fb_article` where (`article_status` = '4') and `send_time` < '1515472562'
[2018-01-09 12:38:03] select `aid`, `tid`, `cid`, `wid` from `fb_article` where (`article_status` = '4') and `send_time` < '1515472683'
[2018-01-09 12:40:03] select `aid`, `tid`, `cid`, `wid` from `fb_article` where (`article_status` = '4') and `send_time` < '1515472803'
[2018-01-09 12:42:02] select `aid`, `tid`, `cid`, `wid` from `fb_article` where (`article_status` = '4') and `send_time` < '1515472922'
[2018-01-09 12:44:03] select `aid`, `tid`, `cid`, `wid` from `fb_article` where (`article_status` = '4') and `send_time` < '1515473043'
[2018-01-09 12:46:02] select `aid`, `tid`, `cid`, `wid` from `fb_article` where (`article_status` = '4') and `send_time` < '1515473162'
[2018-01-09 12:48:03] select `aid`, `tid`, `cid`, `wid` from `fb_article` where (`article_status` = '4') and `send_time` < '1515473283'
[2018-01-09 12:50:02] select `aid`, `tid`, `cid`, `wid` from `fb_article` where (`article_status` = '4') and `send_time` < '1515473402'
[2018-01-09 12:52:03] select `aid`, `tid`, `cid`, `wid` from `fb_article` where (`article_status` = '4') and `send_time` < '1515473523'
[2018-01-09 12:54:03] select `aid`, `tid`, `cid`, `wid` from `fb_article` where (`article_status` = '4') and `send_time` < '1515473643'
[2018-01-09 12:56:02] select `aid`, `tid`, `cid`, `wid` from `fb_article` where (`article_status` = '4') and `send_time` < '1515473762'
[2018-01-09 12:58:03] select `aid`, `tid`, `cid`, `wid` from `fb_article` where (`article_status` = '4') and `send_time` < '1515473883'
[2018-01-09 12:59:03] select SUM(share) as share, SUM(read_article) as read_article, SUM(inter_access) as inter_access, SUM(histexternal_accessry) as histexternal_accessry, SUM(views) as views, SUM(clicks) as clicks from `fb_article_log` where (`ctime` = '1515427200') limit 1
[2018-01-09 12:59:03] select `id` from `fb_operating` where (`ctime` = '1515427200') limit 1
[2018-01-09 12:59:03] update `fb_operating` set `share` = '', `read_article` = '', `inter_access` = '', `histexternal_accessry` = '', `views` = '', `clicks` = '', `click_rate` = '0', `share_rate` = '0', `guide_rate` = '0', `ctime` = '1515427200' where (`id` = '155287')
[2018-01-09 13:00:03] select `aid`, `tid`, `cid`, `wid` from `fb_article` where (`article_status` = '4') and `send_time` < '1515474003'
[2018-01-09 13:02:02] select `aid`, `tid`, `cid`, `wid` from `fb_article` where (`article_status` = '4') and `send_time` < '1515474122'
[2018-01-09 13:04:03] select `aid`, `tid`, `cid`, `wid` from `fb_article` where (`article_status` = '4') and `send_time` < '1515474243'
[2018-01-09 13:06:02] select `aid`, `tid`, `cid`, `wid` from `fb_article` where (`article_status` = '4') and `send_time` < '1515474362'
[2018-01-09 13:08:03] select `aid`, `tid`, `cid`, `wid` from `fb_article` where (`article_status` = '4') and `send_time` < '1515474483'
[2018-01-09 13:10:03] select `aid`, `tid`, `cid`, `wid` from `fb_article` where (`article_status` = '4') and `send_time` < '1515474602'
[2018-01-09 13:12:03] select `aid`, `tid`, `cid`, `wid` from `fb_article` where (`article_status` = '4') and `send_time` < '1515474723'
[2018-01-09 13:14:03] select `aid`, `tid`, `cid`, `wid` from `fb_article` where (`article_status` = '4') and `send_time` < '1515474843'
[2018-01-09 13:16:02] select `aid`, `tid`, `cid`, `wid` from `fb_article` where (`article_status` = '4') and `send_time` < '1515474962'
[2018-01-09 13:18:03] select `aid`, `tid`, `cid`, `wid` from `fb_article` where (`article_status` = '4') and `send_time` < '1515475083'
[2018-01-09 13:20:02] select `aid`, `tid`, `cid`, `wid` from `fb_article` where (`article_status` = '4') and `send_time` < '1515475202'
[2018-01-09 13:22:03] select `aid`, `tid`, `cid`, `wid` from `fb_article` where (`article_status` = '4') and `send_time` < '1515475323'
[2018-01-09 13:24:03] select `aid`, `tid`, `cid`, `wid` from `fb_article` where (`article_status` = '4') and `send_time` < '1515475443'
[2018-01-09 13:26:02] select `aid`, `tid`, `cid`, `wid` from `fb_article` where (`article_status` = '4') and `send_time` < '1515475562'
[2018-01-09 13:28:03] select `aid`, `tid`, `cid`, `wid` from `fb_article` where (`article_status` = '4') and `send_time` < '1515475683'
[2018-01-09 13:30:02] select `aid`, `tid`, `cid`, `wid` from `fb_article` where (`article_status` = '4') and `send_time` < '1515475802'
[2018-01-09 13:32:03] select `aid`, `tid`, `cid`, `wid` from `fb_article` where (`article_status` = '4') and `send_time` < '1515475923'
[2018-01-09 13:34:03] select `aid`, `tid`, `cid`, `wid` from `fb_article` where (`article_status` = '4') and `send_time` < '1515476043'
[2018-01-09 13:36:02] select `aid`, `tid`, `cid`, `wid` from `fb_article` where (`article_status` = '4') and `send_time` < '1515476162'
[2018-01-09 13:38:03] select `aid`, `tid`, `cid`, `wid` from `fb_article` where (`article_status` = '4') and `send_time` < '1515476283'
[2018-01-09 13:40:02] select `aid`, `tid`, `cid`, `wid` from `fb_article` where (`article_status` = '4') and `send_time` < '1515476402'
[2018-01-09 13:42:03] select `aid`, `tid`, `cid`, `wid` from `fb_article` where (`article_status` = '4') and `send_time` < '1515476523'
[2018-01-09 13:44:03] select `aid`, `tid`, `cid`, `wid` from `fb_article` where (`article_status` = '4') and `send_time` < '1515476643'
[2018-01-09 13:46:02] select `aid`, `tid`, `cid`, `wid` from `fb_article` where (`article_status` = '4') and `send_time` < '1515476762'
[2018-01-09 13:48:03] select `aid`, `tid`, `cid`, `wid` from `fb_article` where (`article_status` = '4') and `send_time` < '1515476883'
[2018-01-09 13:50:02] select `aid`, `tid`, `cid`, `wid` from `fb_article` where (`article_status` = '4') and `send_time` < '1515477002'
[2018-01-09 13:52:03] select `aid`, `tid`, `cid`, `wid` from `fb_article` where (`article_status` = '4') and `send_time` < '1515477123'
[2018-01-09 13:54:03] select `aid`, `tid`, `cid`, `wid` from `fb_article` where (`article_status` = '4') and `send_time` < '1515477243'
[2018-01-09 13:56:02] select `aid`, `tid`, `cid`, `wid` from `fb_article` where (`article_status` = '4') and `send_time` < '1515477362'
[2018-01-09 13:58:03] select `aid`, `tid`, `cid`, `wid` from `fb_article` where (`article_status` = '4') and `send_time` < '1515477483'
[2018-01-09 13:59:03] select SUM(share) as share, SUM(read_article) as read_article, SUM(inter_access) as inter_access, SUM(histexternal_accessry) as histexternal_accessry, SUM(views) as views, SUM(clicks) as clicks from `fb_article_log` where (`ctime` = '1515427200') limit 1
[2018-01-09 13:59:03] select `id` from `fb_operating` where (`ctime` = '1515427200') limit 1
[2018-01-09 13:59:03] update `fb_operating` set `share` = '', `read_article` = '', `inter_access` = '', `histexternal_accessry` = '', `views` = '', `clicks` = '', `click_rate` = '0', `share_rate` = '0', `guide_rate` = '0', `ctime` = '1515427200' where (`id` = '155287')
[2018-01-09 14:00:03] select `aid`, `tid`, `cid`, `wid` from `fb_article` where (`article_status` = '4') and `send_time` < '1515477603'
[2018-01-09 14:02:02] select `aid`, `tid`, `cid`, `wid` from `fb_article` where (`article_status` = '4') and `send_time` < '1515477722'
[2018-01-09 14:04:03] select `aid`, `tid`, `cid`, `wid` from `fb_article` where (`article_status` = '4') and `send_time` < '1515477843'
[2018-01-09 14:06:03] select `aid`, `tid`, `cid`, `wid` from `fb_article` where (`article_status` = '4') and `send_time` < '1515477963'
[2018-01-09 14:08:03] select `aid`, `tid`, `cid`, `wid` from `fb_article` where (`article_status` = '4') and `send_time` < '1515478083'
[2018-01-09 14:10:02] select `aid`, `tid`, `cid`, `wid` from `fb_article` where (`article_status` = '4') and `send_time` < '1515478202'
[2018-01-09 14:12:03] select `aid`, `tid`, `cid`, `wid` from `fb_article` where (`article_status` = '4') and `send_time` < '1515478323'
[2018-01-09 14:14:03] select `aid`, `tid`, `cid`, `wid` from `fb_article` where (`article_status` = '4') and `send_time` < '1515478443'
[2018-01-09 14:16:03] select `aid`, `tid`, `cid`, `wid` from `fb_article` where (`article_status` = '4') and `send_time` < '1515478563'
[2018-01-09 14:18:03] select `aid`, `tid`, `cid`, `wid` from `fb_article` where (`article_status` = '4') and `send_time` < '1515478683'
[2018-01-09 14:20:02] select `aid`, `tid`, `cid`, `wid` from `fb_article` where (`article_status` = '4') and `send_time` < '1515478802'
[2018-01-09 14:22:03] select `aid`, `tid`, `cid`, `wid` from `fb_article` where (`article_status` = '4') and `send_time` < '1515478923'
[2018-01-09 14:24:03] select `aid`, `tid`, `cid`, `wid` from `fb_article` where (`article_status` = '4') and `send_time` < '1515479043'
[2018-01-09 14:26:02] select `aid`, `tid`, `cid`, `wid` from `fb_article` where (`article_status` = '4') and `send_time` < '1515479162'
[2018-01-09 14:28:03] select `aid`, `tid`, `cid`, `wid` from `fb_article` where (`article_status` = '4') and `send_time` < '1515479283'
[2018-01-09 14:30:03] select `aid`, `tid`, `cid`, `wid` from `fb_article` where (`article_status` = '4') and `send_time` < '1515479403'
[2018-01-09 14:32:02] select `aid`, `tid`, `cid`, `wid` from `fb_article` where (`article_status` = '4') and `send_time` < '1515479522'
[2018-01-09 14:34:03] select `aid`, `tid`, `cid`, `wid` from `fb_article` where (`article_status` = '4') and `send_time` < '1515479643'
[2018-01-09 14:36:03] select `aid`, `tid`, `cid`, `wid` from `fb_article` where (`article_status` = '4') and `send_time` < '1515479763'
[2018-01-09 14:38:02] select `aid`, `tid`, `cid`, `wid` from `fb_article` where (`article_status` = '4') and `send_time` < '1515479882'
[2018-01-09 14:40:03] select `aid`, `tid`, `cid`, `wid` from `fb_article` where (`article_status` = '4') and `send_time` < '1515480003'
[2018-01-09 14:42:03] select `aid`, `tid`, `cid`, `wid` from `fb_article` where (`article_status` = '4') and `send_time` < '1515480123'
[2018-01-09 14:44:02] select `aid`, `tid`, `cid`, `wid` from `fb_article` where (`article_status` = '4') and `send_time` < '1515480242'
[2018-01-09 14:46:03] select `aid`, `tid`, `cid`, `wid` from `fb_article` where (`article_status` = '4') and `send_time` < '1515480363'
[2018-01-09 14:48:03] select `aid`, `tid`, `cid`, `wid` from `fb_article` where (`article_status` = '4') and `send_time` < '1515480483'
[2018-01-09 14:50:02] select `aid`, `tid`, `cid`, `wid` from `fb_article` where (`article_status` = '4') and `send_time` < '1515480602'
[2018-01-09 14:52:03] select `aid`, `tid`, `cid`, `wid` from `fb_article` where (`article_status` = '4') and `send_time` < '1515480723'
[2018-01-09 14:54:03] select `aid`, `tid`, `cid`, `wid` from `fb_article` where (`article_status` = '4') and `send_time` < '1515480843'
[2018-01-09 14:56:02] select `aid`, `tid`, `cid`, `wid` from `fb_article` where (`article_status` = '4') and `send_time` < '1515480962'
[2018-01-09 14:58:03] select `aid`, `tid`, `cid`, `wid` from `fb_article` where (`article_status` = '4') and `send_time` < '1515481083'
[2018-01-09 14:59:03] select SUM(share) as share, SUM(read_article) as read_article, SUM(inter_access) as inter_access, SUM(histexternal_accessry) as histexternal_accessry, SUM(views) as views, SUM(clicks) as clicks from `fb_article_log` where (`ctime` = '1515427200') limit 1
[2018-01-09 14:59:03] select `id` from `fb_operating` where (`ctime` = '1515427200') limit 1
[2018-01-09 14:59:03] update `fb_operating` set `share` = '', `read_article` = '', `inter_access` = '', `histexternal_accessry` = '', `views` = '', `clicks` = '', `click_rate` = '0', `share_rate` = '0', `guide_rate` = '0', `ctime` = '1515427200' where (`id` = '155287')
[2018-01-09 15:00:03] select `aid`, `tid`, `cid`, `wid` from `fb_article` where (`article_status` = '4') and `send_time` < '1515481203'
[2018-01-09 15:02:03] select `aid`, `tid`, `cid`, `wid` from `fb_article` where (`article_status` = '4') and `send_time` < '1515481322'
[2018-01-09 15:04:03] select `aid`, `tid`, `cid`, `wid` from `fb_article` where (`article_status` = '4') and `send_time` < '1515481443'
[2018-01-09 15:06:03] select `aid`, `tid`, `cid`, `wid` from `fb_article` where (`article_status` = '4') and `send_time` < '1515481563'
[2018-01-09 15:08:02] select `aid`, `tid`, `cid`, `wid` from `fb_article` where (`article_status` = '4') and `send_time` < '1515481682'
[2018-01-09 15:10:03] select `aid`, `tid`, `cid`, `wid` from `fb_article` where (`article_status` = '4') and `send_time` < '1515481803'
[2018-01-09 15:12:03] select `aid`, `tid`, `cid`, `wid` from `fb_article` where (`article_status` = '4') and `send_time` < '1515481923'
[2018-01-09 15:14:02] select `aid`, `tid`, `cid`, `wid` from `fb_article` where (`article_status` = '4') and `send_time` < '1515482042'
[2018-01-09 15:16:03] select `aid`, `tid`, `cid`, `wid` from `fb_article` where (`article_status` = '4') and `send_time` < '1515482163'
[2018-01-09 15:18:03] select `aid`, `tid`, `cid`, `wid` from `fb_article` where (`article_status` = '4') and `send_time` < '1515482283'
[2018-01-09 15:20:02] select `aid`, `tid`, `cid`, `wid` from `fb_article` where (`article_status` = '4') and `send_time` < '1515482402'
[2018-01-09 15:22:03] select `aid`, `tid`, `cid`, `wid` from `fb_article` where (`article_status` = '4') and `send_time` < '1515482523'
[2018-01-09 15:24:03] select `aid`, `tid`, `cid`, `wid` from `fb_article` where (`article_status` = '4') and `send_time` < '1515482643'
[2018-01-09 15:26:02] select `aid`, `tid`, `cid`, `wid` from `fb_article` where (`article_status` = '4') and `send_time` < '1515482762'
[2018-01-09 15:28:03] select `aid`, `tid`, `cid`, `wid` from `fb_article` where (`article_status` = '4') and `send_time` < '1515482883'
[2018-01-09 15:30:03] select `aid`, `tid`, `cid`, `wid` from `fb_article` where (`article_status` = '4') and `send_time` < '1515483003'
[2018-01-09 15:32:02] select `aid`, `tid`, `cid`, `wid` from `fb_article` where (`article_status` = '4') and `send_time` < '1515483122'
[2018-01-09 15:34:03] select `aid`, `tid`, `cid`, `wid` from `fb_article` where (`article_status` = '4') and `send_time` < '1515483243'
[2018-01-09 15:36:03] select `aid`, `tid`, `cid`, `wid` from `fb_article` where (`article_status` = '4') and `send_time` < '1515483363'
[2018-01-09 15:38:03] select `aid`, `tid`, `cid`, `wid` from `fb_article` where (`article_status` = '4') and `send_time` < '1515483483'
[2018-01-09 15:40:03] select `aid`, `tid`, `cid`, `wid` from `fb_article` where (`article_status` = '4') and `send_time` < '1515483603'
[2018-01-09 15:42:03] select `aid`, `tid`, `cid`, `wid` from `fb_article` where (`article_status` = '4') and `send_time` < '1515483723'
[2018-01-09 15:44:03] select `aid`, `tid`, `cid`, `wid` from `fb_article` where (`article_status` = '4') and `send_time` < '1515483842'
[2018-01-09 15:46:03] select `aid`, `tid`, `cid`, `wid` from `fb_article` where (`article_status` = '4') and `send_time` < '1515483963'
[2018-01-09 15:48:03] select `aid`, `tid`, `cid`, `wid` from `fb_article` where (`article_status` = '4') and `send_time` < '1515484083'
[2018-01-09 15:50:02] select `aid`, `tid`, `cid`, `wid` from `fb_article` where (`article_status` = '4') and `send_time` < '1515484202'
[2018-01-09 15:52:03] select `aid`, `tid`, `cid`, `wid` from `fb_article` where (`article_status` = '4') and `send_time` < '1515484323'
[2018-01-09 15:54:03] select `aid`, `tid`, `cid`, `wid` from `fb_article` where (`article_status` = '4') and `send_time` < '1515484443'
[2018-01-09 15:56:02] select `aid`, `tid`, `cid`, `wid` from `fb_article` where (`article_status` = '4') and `send_time` < '1515484562'
[2018-01-09 15:58:03] select `aid`, `tid`, `cid`, `wid` from `fb_article` where (`article_status` = '4') and `send_time` < '1515484683'
[2018-01-09 15:59:03] select SUM(share) as share, SUM(read_article) as read_article, SUM(inter_access) as inter_access, SUM(histexternal_accessry) as histexternal_accessry, SUM(views) as views, SUM(clicks) as clicks from `fb_article_log` where (`ctime` = '1515427200') limit 1
[2018-01-09 15:59:03] select `id` from `fb_operating` where (`ctime` = '1515427200') limit 1
[2018-01-09 15:59:03] update `fb_operating` set `share` = '', `read_article` = '', `inter_access` = '', `histexternal_accessry` = '', `views` = '', `clicks` = '', `click_rate` = '0', `share_rate` = '0', `guide_rate` = '0', `ctime` = '1515427200' where (`id` = '155287')
[2018-01-09 16:00:03] select `aid`, `tid`, `cid`, `wid` from `fb_article` where (`article_status` = '4') and `send_time` < '1515484803'
[2018-01-09 16:02:03] select `aid`, `tid`, `cid`, `wid` from `fb_article` where (`article_status` = '4') and `send_time` < '1515484923'
[2018-01-09 16:04:02] select `aid`, `tid`, `cid`, `wid` from `fb_article` where (`article_status` = '4') and `send_time` < '1515485042'
[2018-01-09 16:06:03] select `aid`, `tid`, `cid`, `wid` from `fb_article` where (`article_status` = '4') and `send_time` < '1515485163'
[2018-01-09 16:08:03] select `aid`, `tid`, `cid`, `wid` from `fb_article` where (`article_status` = '4') and `send_time` < '1515485283'
[2018-01-09 16:10:02] select `aid`, `tid`, `cid`, `wid` from `fb_article` where (`article_status` = '4') and `send_time` < '1515485402'
[2018-01-09 16:12:03] select `aid`, `tid`, `cid`, `wid` from `fb_article` where (`article_status` = '4') and `send_time` < '1515485523'
[2018-01-09 16:14:03] select `aid`, `tid`, `cid`, `wid` from `fb_article` where (`article_status` = '4') and `send_time` < '1515485643'
[2018-01-09 16:16:02] select `aid`, `tid`, `cid`, `wid` from `fb_article` where (`article_status` = '4') and `send_time` < '1515485762'
[2018-01-09 16:18:03] select `aid`, `tid`, `cid`, `wid` from `fb_article` where (`article_status` = '4') and `send_time` < '1515485883'
[2018-01-09 16:20:03] select `aid`, `tid`, `cid`, `wid` from `fb_article` where (`article_status` = '4') and `send_time` < '1515486003'
[2018-01-09 16:22:03] select `aid`, `tid`, `cid`, `wid` from `fb_article` where (`article_status` = '4') and `send_time` < '1515486123'
[2018-01-09 16:24:02] select `aid`, `tid`, `cid`, `wid` from `fb_article` where (`article_status` = '4') and `send_time` < '1515486242'
[2018-01-09 16:26:03] select `aid`, `tid`, `cid`, `wid` from `fb_article` where (`article_status` = '4') and `send_time` < '1515486363'
[2018-01-09 16:28:03] select `aid`, `tid`, `cid`, `wid` from `fb_article` where (`article_status` = '4') and `send_time` < '1515486483'
[2018-01-09 16:30:03] select `aid`, `tid`, `cid`, `wid` from `fb_article` where (`article_status` = '4') and `send_time` < '1515486602'
[2018-01-09 16:32:03] select `aid`, `tid`, `cid`, `wid` from `fb_article` where (`article_status` = '4') and `send_time` < '1515486723'
[2018-01-09 16:34:03] select `aid`, `tid`, `cid`, `wid` from `fb_article` where (`article_status` = '4') and `send_time` < '1515486843'
[2018-01-09 16:36:03] select `aid`, `tid`, `cid`, `wid` from `fb_article` where (`article_status` = '4') and `send_time` < '1515486963'
[2018-01-09 16:38:03] select `aid`, `tid`, `cid`, `wid` from `fb_article` where (`article_status` = '4') and `send_time` < '1515487083'
[2018-01-09 16:40:02] select `aid`, `tid`, `cid`, `wid` from `fb_article` where (`article_status` = '4') and `send_time` < '1515487202'
[2018-01-09 16:42:03] select `aid`, `tid`, `cid`, `wid` from `fb_article` where (`article_status` = '4') and `send_time` < '1515487323'
[2018-01-09 16:44:03] select `aid`, `tid`, `cid`, `wid` from `fb_article` where (`article_status` = '4') and `send_time` < '1515487443'
[2018-01-09 16:46:03] select `aid`, `tid`, `cid`, `wid` from `fb_article` where (`article_status` = '4') and `send_time` < '1515487563'
[2018-01-09 16:48:03] select `aid`, `tid`, `cid`, `wid` from `fb_article` where (`article_status` = '4') and `send_time` < '1515487682'
[2018-01-09 16:50:03] select `aid`, `tid`, `cid`, `wid` from `fb_article` where (`article_status` = '4') and `send_time` < '1515487803'
[2018-01-09 16:52:03] select `aid`, `tid`, `cid`, `wid` from `fb_article` where (`article_status` = '4') and `send_time` < '1515487923'
[2018-01-09 16:54:03] select `aid`, `tid`, `cid`, `wid` from `fb_article` where (`article_status` = '4') and `send_time` < '1515488043'
[2018-01-09 16:56:03] select `aid`, `tid`, `cid`, `wid` from `fb_article` where (`article_status` = '4') and `send_time` < '1515488163'
[2018-01-09 16:58:02] select `aid`, `tid`, `cid`, `wid` from `fb_article` where (`article_status` = '4') and `send_time` < '1515488282'
[2018-01-09 16:59:03] select SUM(share) as share, SUM(read_article) as read_article, SUM(inter_access) as inter_access, SUM(histexternal_accessry) as histexternal_accessry, SUM(views) as views, SUM(clicks) as clicks from `fb_article_log` where (`ctime` = '1515427200') limit 1
[2018-01-09 16:59:03] select `id` from `fb_operating` where (`ctime` = '1515427200') limit 1
[2018-01-09 16:59:03] update `fb_operating` set `share` = '', `read_article` = '', `inter_access` = '', `histexternal_accessry` = '', `views` = '', `clicks` = '', `click_rate` = '0', `share_rate` = '0', `guide_rate` = '0', `ctime` = '1515427200' where (`id` = '155287')
[2018-01-09 17:00:03] select `aid`, `tid`, `cid`, `wid` from `fb_article` where (`article_status` = '4') and `send_time` < '1515488403'
[2018-01-09 17:02:03] select `aid`, `tid`, `cid`, `wid` from `fb_article` where (`article_status` = '4') and `send_time` < '1515488523'
[2018-01-09 17:04:02] select `aid`, `tid`, `cid`, `wid` from `fb_article` where (`article_status` = '4') and `send_time` < '1515488642'
[2018-01-09 17:06:03] select `aid`, `tid`, `cid`, `wid` from `fb_article` where (`article_status` = '4') and `send_time` < '1515488763'
[2018-01-09 17:08:03] select `aid`, `tid`, `cid`, `wid` from `fb_article` where (`article_status` = '4') and `send_time` < '1515488883'
[2018-01-09 17:10:03] select `aid`, `tid`, `cid`, `wid` from `fb_article` where (`article_status` = '4') and `send_time` < '1515489003'
[2018-01-09 17:12:03] select `aid`, `tid`, `cid`, `wid` from `fb_article` where (`article_status` = '4') and `send_time` < '1515489123'
[2018-01-09 17:14:02] select `aid`, `tid`, `cid`, `wid` from `fb_article` where (`article_status` = '4') and `send_time` < '1515489242'
[2018-01-09 17:16:03] select `aid`, `tid`, `cid`, `wid` from `fb_article` where (`article_status` = '4') and `send_time` < '1515489363'
[2018-01-09 17:18:03] select `aid`, `tid`, `cid`, `wid` from `fb_article` where (`article_status` = '4') and `send_time` < '1515489483'
[2018-01-09 17:20:03] select `aid`, `tid`, `cid`, `wid` from `fb_article` where (`article_status` = '4') and `send_time` < '1515489603'
[2018-01-09 17:22:02] select `aid`, `tid`, `cid`, `wid` from `fb_article` where (`article_status` = '4') and `send_time` < '1515489722'
[2018-01-09 17:24:03] select `aid`, `tid`, `cid`, `wid` from `fb_article` where (`article_status` = '4') and `send_time` < '1515489843'
[2018-01-09 17:26:03] select `aid`, `tid`, `cid`, `wid` from `fb_article` where (`article_status` = '4') and `send_time` < '1515489963'
[2018-01-09 17:28:03] select `aid`, `tid`, `cid`, `wid` from `fb_article` where (`article_status` = '4') and `send_time` < '1515490082'
[2018-01-09 17:30:02] select `aid`, `tid`, `cid`, `wid` from `fb_article` where (`article_status` = '4') and `send_time` < '1515490202'
[2018-01-09 17:32:03] select `aid`, `tid`, `cid`, `wid` from `fb_article` where (`article_status` = '4') and `send_time` < '1515490323'
[2018-01-09 17:34:03] select `aid`, `tid`, `cid`, `wid` from `fb_article` where (`article_status` = '4') and `send_time` < '1515490443'
[2018-01-09 17:36:02] select `aid`, `tid`, `cid`, `wid` from `fb_article` where (`article_status` = '4') and `send_time` < '1515490562'
[2018-01-09 17:38:03] select `aid`, `tid`, `cid`, `wid` from `fb_article` where (`article_status` = '4') and `send_time` < '1515490683'
[2018-01-09 17:40:03] select `aid`, `tid`, `cid`, `wid` from `fb_article` where (`article_status` = '4') and `send_time` < '1515490803'
[2018-01-09 17:42:03] select `aid`, `tid`, `cid`, `wid` from `fb_article` where (`article_status` = '4') and `send_time` < '1515490923'
[2018-01-09 17:44:02] select `aid`, `tid`, `cid`, `wid` from `fb_article` where (`article_status` = '4') and `send_time` < '1515491042'
[2018-01-09 17:45:25] select * from `fb_admin` where `username` = 'admin' and `password` = '203b6d1f2a502c540000' limit 1
[2018-01-09 17:45:25] select `powers` from `fb_role` where `id` = '1' limit 1
[2018-01-09 17:45:25] select `name` from `fb_node` where `pid` > '0' limit 1
[2018-01-09 17:45:25] update `fb_admin` set `last_time` = '1515491125', `last_ip` = '192.168.0.53' where `username` = 'admin' and `password` = '203b6d1f2a502c540000' and (`id` = '24') limit 1
admin[2018-01-09 17:45:27] select `ctime`, `clicks`, `share`, `inter_access`, `read_article`, `histexternal_accessry` from `fb_operating` where `ctime` >= '1512899127' and `ctime` <= '1515427200' group by `ctime`
admin[2018-01-09 17:45:27] select * from `fb_operating` where `ctime` >= '1512899127' and `ctime` <= '1515427200' order by `ctime` desc
admin[2018-01-09 17:45:29] select `tid`, `type_name` from `fb_type` where `type_status` = '1'
admin[2018-01-09 17:45:29] select `cid`, `column_name` from `fb_type_column` where `column_status` = '1' and `tid` = '1'
admin[2018-01-09 17:45:29] select `cid`, `column_name` from `fb_type_column` where `column_status` = '1' and `tid` = '2'
admin[2018-01-09 17:45:29] select `cid`, `column_name` from `fb_type_column` where `column_status` = '1' and `tid` = '3'
admin[2018-01-09 17:45:29] select `uid`, `user_account` from `fb_user`
admin[2018-01-09 17:46:00] select `ctime`, `clicks`, `share`, `inter_access`, `read_article`, `histexternal_accessry` from `fb_operating` where `ctime` >= '1512899160' and `ctime` <= '1515427200' group by `ctime`
admin[2018-01-09 17:46:01] select * from `fb_operating` where `ctime` >= '1512899161' and `ctime` <= '1515427200' order by `ctime` desc
[2018-01-09 17:46:03] select `aid`, `tid`, `cid`, `wid` from `fb_article` where (`article_status` = '4') and `send_time` < '1515491163'
admin[2018-01-09 17:46:05] select `tid`, `type_name` from `fb_type` where `type_status` = '1'
admin[2018-01-09 17:46:05] select `cid`, `column_name` from `fb_type_column` where `column_status` = '1' and `tid` = '1'
admin[2018-01-09 17:46:05] select `cid`, `column_name` from `fb_type_column` where `column_status` = '1' and `tid` = '2'
admin[2018-01-09 17:46:05] select `cid`, `column_name` from `fb_type_column` where `column_status` = '1' and `tid` = '3'
admin[2018-01-09 17:46:05] select `uid`, `user_account` from `fb_user`
admin[2018-01-09 17:46:44] select `ctime`, `clicks`, `share`, `inter_access`, `read_article`, `histexternal_accessry` from `fb_operating` where `ctime` >= '1512899204' and `ctime` <= '1515427200' group by `ctime`
admin[2018-01-09 17:46:45] select * from `fb_operating` where `ctime` >= '1512899205' and `ctime` <= '1515427200' order by `ctime` desc
admin[2018-01-09 17:46:46] select `tid`, `type_name` from `fb_type` where `type_status` = '1'
admin[2018-01-09 17:46:46] select `cid`, `column_name` from `fb_type_column` where `column_status` = '1' and `tid` = '1'
admin[2018-01-09 17:46:46] select `cid`, `column_name` from `fb_type_column` where `column_status` = '1' and `tid` = '2'
admin[2018-01-09 17:46:46] select `cid`, `column_name` from `fb_type_column` where `column_status` = '1' and `tid` = '3'
admin[2018-01-09 17:46:46] select `uid`, `user_account` from `fb_user`
admin[2018-01-09 17:46:55] select `tid`, `type_name` from `fb_type` where `type_status` = '1'
admin[2018-01-09 17:46:55] select `id`, `rid`, `username` from `fb_admin` where (`status` = '1')
admin[2018-01-09 17:46:55] select `cid`, `column_name` from `fb_type_column` where (`column_status` = '1' and `tid` = '1')
admin[2018-01-09 17:46:55] select `cid`, `column_name` from `fb_type_column` where (`column_status` = '1' and `tid` = '2')
admin[2018-01-09 17:46:55] select `cid`, `column_name` from `fb_type_column` where (`column_status` = '1' and `tid` = '3')
admin[2018-01-09 17:46:56] select count(*) as aggregate from `fb_article`
admin[2018-01-09 17:46:56] select * from `fb_article` order by `ctime` desc limit 20 offset 0
admin[2018-01-09 17:46:58] select * from `fb_article` where `aid` = '9688' limit 1
admin[2018-01-09 17:46:58] select `tid`, `type_name` from `fb_type` where `type_status` = '1'
admin[2018-01-09 17:46:58] select `cid`, `column_name` from `fb_type_column` where `column_status` = '1' and `tid` = '1'
admin[2018-01-09 17:46:58] select `cid`, `column_name` from `fb_type_column` where `column_status` = '1' and `tid` = '2'
admin[2018-01-09 17:46:58] select `cid`, `column_name` from `fb_type_column` where `column_status` = '1' and `tid` = '3'
admin[2018-01-09 17:46:58] select `uid`, `user_account` from `fb_user`
admin[2018-01-09 17:47:34] select `tid`, `type_name` from `fb_type` where `type_status` = '1'
admin[2018-01-09 17:47:34] select `id`, `rid`, `username` from `fb_admin` where (`status` = '1')
admin[2018-01-09 17:47:34] select `cid`, `column_name` from `fb_type_column` where (`column_status` = '1' and `tid` = '1')
admin[2018-01-09 17:47:34] select `cid`, `column_name` from `fb_type_column` where (`column_status` = '1' and `tid` = '2')
admin[2018-01-09 17:47:34] select `cid`, `column_name` from `fb_type_column` where (`column_status` = '1' and `tid` = '3')
admin[2018-01-09 17:47:35] select count(*) as aggregate from `fb_article`
admin[2018-01-09 17:47:35] select * from `fb_article` order by `ctime` desc limit 20 offset 0
[2018-01-09 17:48:03] select `aid`, `tid`, `cid`, `wid` from `fb_article` where (`article_status` = '4') and `send_time` < '1515491283'
[2018-01-09 17:50:03] select `aid`, `tid`, `cid`, `wid` from `fb_article` where (`article_status` = '4') and `send_time` < '1515491403'
[2018-01-09 17:52:03] select `aid`, `tid`, `cid`, `wid` from `fb_article` where (`article_status` = '4') and `send_time` < '1515491522'
[2018-01-09 17:54:03] select `aid`, `tid`, `cid`, `wid` from `fb_article` where (`article_status` = '4') and `send_time` < '1515491643'
[2018-01-09 17:56:03] select `aid`, `tid`, `cid`, `wid` from `fb_article` where (`article_status` = '4') and `send_time` < '1515491763'
[2018-01-09 17:58:03] select `aid`, `tid`, `cid`, `wid` from `fb_article` where (`article_status` = '4') and `send_time` < '1515491883'
[2018-01-09 17:59:03] select SUM(share) as share, SUM(read_article) as read_article, SUM(inter_access) as inter_access, SUM(histexternal_accessry) as histexternal_accessry, SUM(views) as views, SUM(clicks) as clicks from `fb_article_log` where (`ctime` = '1515427200') limit 1
[2018-01-09 17:59:03] select `id` from `fb_operating` where (`ctime` = '1515427200') limit 1
[2018-01-09 17:59:03] update `fb_operating` set `share` = '', `read_article` = '', `inter_access` = '', `histexternal_accessry` = '', `views` = '', `clicks` = '', `click_rate` = '0', `share_rate` = '0', `guide_rate` = '0', `ctime` = '1515427200' where (`id` = '155287')
[2018-01-09 18:00:03] select `aid`, `tid`, `cid`, `wid` from `fb_article` where (`article_status` = '4') and `send_time` < '1515492003'
[2018-01-09 18:02:03] select `aid`, `tid`, `cid`, `wid` from `fb_article` where (`article_status` = '4') and `send_time` < '1515492123'
[2018-01-09 18:04:03] select `aid`, `tid`, `cid`, `wid` from `fb_article` where (`article_status` = '4') and `send_time` < '1515492243'
[2018-01-09 18:06:02] select `aid`, `tid`, `cid`, `wid` from `fb_article` where (`article_status` = '4') and `send_time` < '1515492362'
[2018-01-09 18:08:03] select `aid`, `tid`, `cid`, `wid` from `fb_article` where (`article_status` = '4') and `send_time` < '1515492483'
[2018-01-09 18:10:04] select `aid`, `tid`, `cid`, `wid` from `fb_article` where (`article_status` = '4') and `send_time` < '1515492604'
[2018-01-09 18:12:04] select `aid`, `tid`, `cid`, `wid` from `fb_article` where (`article_status` = '4') and `send_time` < '1515492724'
[2018-01-09 18:14:03] select `aid`, `tid`, `cid`, `wid` from `fb_article` where (`article_status` = '4') and `send_time` < '1515492843'
[2018-01-09 18:16:03] select `aid`, `tid`, `cid`, `wid` from `fb_article` where (`article_status` = '4') and `send_time` < '1515492963'
[2018-01-09 18:18:02] select `aid`, `tid`, `cid`, `wid` from `fb_article` where (`article_status` = '4') and `send_time` < '1515493082'
[2018-01-09 18:20:03] select `aid`, `tid`, `cid`, `wid` from `fb_article` where (`article_status` = '4') and `send_time` < '1515493203'
[2018-01-09 18:22:03] select `aid`, `tid`, `cid`, `wid` from `fb_article` where (`article_status` = '4') and `send_time` < '1515493323'
[2018-01-09 18:24:03] select `aid`, `tid`, `cid`, `wid` from `fb_article` where (`article_status` = '4') and `send_time` < '1515493443'
admin[2018-01-09 18:25:22] select `tid`, `type_name` from `fb_type` where `type_status` = '1'
admin[2018-01-09 18:25:22] select `id`, `rid`, `username` from `fb_admin` where (`status` = '1')
admin[2018-01-09 18:25:22] select `cid`, `column_name` from `fb_type_column` where (`column_status` = '1' and `tid` = '1')
admin[2018-01-09 18:25:22] select `cid`, `column_name` from `fb_type_column` where (`column_status` = '1' and `tid` = '2')
admin[2018-01-09 18:25:22] select `cid`, `column_name` from `fb_type_column` where (`column_status` = '1' and `tid` = '3')
admin[2018-01-09 18:25:24] select count(*) as aggregate from `fb_article`
admin[2018-01-09 18:25:24] select * from `fb_article` order by `ctime` desc limit 20 offset 0
admin[2018-01-09 18:25:25] select * from `fb_article` where `aid` = '9688' limit 1
admin[2018-01-09 18:25:25] select `tid`, `type_name` from `fb_type` where `type_status` = '1'
admin[2018-01-09 18:25:25] select `cid`, `column_name` from `fb_type_column` where `column_status` = '1' and `tid` = '1'
admin[2018-01-09 18:25:25] select `cid`, `column_name` from `fb_type_column` where `column_status` = '1' and `tid` = '2'
admin[2018-01-09 18:25:25] select `cid`, `column_name` from `fb_type_column` where `column_status` = '1' and `tid` = '3'
admin[2018-01-09 18:25:25] select `uid`, `user_account` from `fb_user`
admin[2018-01-09 18:25:39] select `tid`, `type_name` from `fb_type` where `type_status` = '1'
admin[2018-01-09 18:25:39] select `id`, `rid`, `username` from `fb_admin` where (`status` = '1')
admin[2018-01-09 18:25:39] select `cid`, `column_name` from `fb_type_column` where (`column_status` = '1' and `tid` = '1')
admin[2018-01-09 18:25:39] select `cid`, `column_name` from `fb_type_column` where (`column_status` = '1' and `tid` = '2')
admin[2018-01-09 18:25:39] select `cid`, `column_name` from `fb_type_column` where (`column_status` = '1' and `tid` = '3')
admin[2018-01-09 18:25:40] select count(*) as aggregate from `fb_article`
admin[2018-01-09 18:25:40] select * from `fb_article` order by `ctime` desc limit 20 offset 0
admin[2018-01-09 18:25:43] select * from `fb_article` where `aid` = '9688' limit 1
admin[2018-01-09 18:25:43] select `tid`, `type_name` from `fb_type` where `type_status` = '1'
admin[2018-01-09 18:25:43] select `cid`, `column_name` from `fb_type_column` where `column_status` = '1' and `tid` = '1'
admin[2018-01-09 18:25:43] select `cid`, `column_name` from `fb_type_column` where `column_status` = '1' and `tid` = '2'
admin[2018-01-09 18:25:43] select `cid`, `column_name` from `fb_type_column` where `column_status` = '1' and `tid` = '3'
admin[2018-01-09 18:25:43] select `uid`, `user_account` from `fb_user`
[2018-01-09 18:26:03] select `aid`, `tid`, `cid`, `wid` from `fb_article` where (`article_status` = '4') and `send_time` < '1515493562'
admin[2018-01-09 18:26:13] select * from `fb_article` where `aid` = '9688' limit 1
admin[2018-01-09 18:26:13] select `tid`, `type_name` from `fb_type` where `type_status` = '1'
admin[2018-01-09 18:26:13] select `cid`, `column_name` from `fb_type_column` where `column_status` = '1' and `tid` = '1'
admin[2018-01-09 18:26:13] select `cid`, `column_name` from `fb_type_column` where `column_status` = '1' and `tid` = '2'
admin[2018-01-09 18:26:13] select `cid`, `column_name` from `fb_type_column` where `column_status` = '1' and `tid` = '3'
admin[2018-01-09 18:26:13] select `uid`, `user_account` from `fb_user`
[2018-01-09 18:28:03] select `aid`, `tid`, `cid`, `wid` from `fb_article` where (`article_status` = '4') and `send_time` < '1515493683'
[2018-01-09 18:30:03] select `aid`, `tid`, `cid`, `wid` from `fb_article` where (`article_status` = '4') and `send_time` < '1515493803'
admin[2018-01-09 18:31:06] select `ctime`, `clicks`, `share`, `inter_access`, `read_article`, `histexternal_accessry` from `fb_operating` where `ctime` >= '1512901866' and `ctime` <= '1515427200' group by `ctime`
admin[2018-01-09 18:31:07] select * from `fb_operating` where `ctime` >= '1512901867' and `ctime` <= '1515427200' order by `ctime` desc
admin[2018-01-09 18:31:12] select `ctime`, `clicks`, `share`, `inter_access`, `read_article`, `histexternal_accessry` from `fb_operating` where `ctime` >= '1512901872' and `ctime` <= '1515427200' group by `ctime`
admin[2018-01-09 18:31:13] select * from `fb_operating` where `ctime` >= '1512901873' and `ctime` <= '1515427200' order by `ctime` desc
admin[2018-01-09 18:31:16] select `tid`, `type_name` from `fb_type` where `type_status` = '1'
admin[2018-01-09 18:31:16] select `id`, `rid`, `username` from `fb_admin` where (`status` = '1')
admin[2018-01-09 18:31:16] select `cid`, `column_name` from `fb_type_column` where (`column_status` = '1' and `tid` = '1')
admin[2018-01-09 18:31:16] select `cid`, `column_name` from `fb_type_column` where (`column_status` = '1' and `tid` = '2')
admin[2018-01-09 18:31:16] select `cid`, `column_name` from `fb_type_column` where (`column_status` = '1' and `tid` = '3')
admin[2018-01-09 18:31:17] select count(*) as aggregate from `fb_article`
admin[2018-01-09 18:31:17] select * from `fb_article` order by `ctime` desc limit 20 offset 0
admin[2018-01-09 18:31:18] select * from `fb_article` where `aid` = '9688' limit 1
admin[2018-01-09 18:31:18] select `tid`, `type_name` from `fb_type` where `type_status` = '1'
admin[2018-01-09 18:31:18] select `cid`, `column_name` from `fb_type_column` where `column_status` = '1' and `tid` = '1'
admin[2018-01-09 18:31:18] select `cid`, `column_name` from `fb_type_column` where `column_status` = '1' and `tid` = '2'
admin[2018-01-09 18:31:18] select `cid`, `column_name` from `fb_type_column` where `column_status` = '1' and `tid` = '3'
admin[2018-01-09 18:31:18] select `uid`, `user_account` from `fb_user`
[2018-01-09 18:32:03] select `aid`, `tid`, `cid`, `wid` from `fb_article` where (`article_status` = '4') and `send_time` < '1515493923'
admin[2018-01-09 18:32:24] select * from `fb_article` where `aid` = '9688' limit 1
admin[2018-01-09 18:32:24] select `tid`, `type_name` from `fb_type` where `type_status` = '1'
admin[2018-01-09 18:32:24] select `cid`, `column_name` from `fb_type_column` where `column_status` = '1' and `tid` = '1'
admin[2018-01-09 18:32:24] select `cid`, `column_name` from `fb_type_column` where `column_status` = '1' and `tid` = '2'
admin[2018-01-09 18:32:24] select `cid`, `column_name` from `fb_type_column` where `column_status` = '1' and `tid` = '3'
admin[2018-01-09 18:32:24] select `uid`, `user_account` from `fb_user`
admin[2018-01-09 18:32:36] select * from `fb_article` where `aid` = '9688' limit 1
admin[2018-01-09 18:32:36] select `tid`, `type_name` from `fb_type` where `type_status` = '1'
admin[2018-01-09 18:32:36] select `cid`, `column_name` from `fb_type_column` where `column_status` = '1' and `tid` = '1'
admin[2018-01-09 18:32:36] select `cid`, `column_name` from `fb_type_column` where `column_status` = '1' and `tid` = '2'
admin[2018-01-09 18:32:36] select `cid`, `column_name` from `fb_type_column` where `column_status` = '1' and `tid` = '3'
admin[2018-01-09 18:32:36] select `uid`, `user_account` from `fb_user`
[2018-01-09 18:34:03] select `aid`, `tid`, `cid`, `wid` from `fb_article` where (`article_status` = '4') and `send_time` < '1515494043'
[2018-01-09 18:36:02] select `aid`, `tid`, `cid`, `wid` from `fb_article` where (`article_status` = '4') and `send_time` < '1515494162'
[2018-01-09 18:38:03] select `aid`, `tid`, `cid`, `wid` from `fb_article` where (`article_status` = '4') and `send_time` < '1515494283'
[2018-01-09 18:40:03] select `aid`, `tid`, `cid`, `wid` from `fb_article` where (`article_status` = '4') and `send_time` < '1515494403'
[2018-01-09 18:42:03] select `aid`, `tid`, `cid`, `wid` from `fb_article` where (`article_status` = '4') and `send_time` < '1515494523'
[2018-01-09 18:44:02] select `aid`, `tid`, `cid`, `wid` from `fb_article` where (`article_status` = '4') and `send_time` < '1515494642'
[2018-01-09 18:46:03] select `aid`, `tid`, `cid`, `wid` from `fb_article` where (`article_status` = '4') and `send_time` < '1515494763'
[2018-01-09 18:48:03] select `aid`, `tid`, `cid`, `wid` from `fb_article` where (`article_status` = '4') and `send_time` < '1515494883'
[2018-01-09 18:50:02] select `aid`, `tid`, `cid`, `wid` from `fb_article` where (`article_status` = '4') and `send_time` < '1515495002'
[2018-01-09 18:52:03] select `aid`, `tid`, `cid`, `wid` from `fb_article` where (`article_status` = '4') and `send_time` < '1515495123'
[2018-01-09 18:54:03] select `aid`, `tid`, `cid`, `wid` from `fb_article` where (`article_status` = '4') and `send_time` < '1515495243'
[2018-01-09 18:56:03] select `aid`, `tid`, `cid`, `wid` from `fb_article` where (`article_status` = '4') and `send_time` < '1515495363'
[2018-01-09 18:58:03] select `aid`, `tid`, `cid`, `wid` from `fb_article` where (`article_status` = '4') and `send_time` < '1515495483'
[2018-01-09 18:59:03] select SUM(share) as share, SUM(read_article) as read_article, SUM(inter_access) as inter_access, SUM(histexternal_accessry) as histexternal_accessry, SUM(views) as views, SUM(clicks) as clicks from `fb_article_log` where (`ctime` = '1515427200') limit 1
[2018-01-09 18:59:03] select `id` from `fb_operating` where (`ctime` = '1515427200') limit 1
[2018-01-09 18:59:03] update `fb_operating` set `share` = '', `read_article` = '', `inter_access` = '', `histexternal_accessry` = '', `views` = '', `clicks` = '', `click_rate` = '0', `share_rate` = '0', `guide_rate` = '0', `ctime` = '1515427200' where (`id` = '155287')
[2018-01-09 19:00:02] select `aid`, `tid`, `cid`, `wid` from `fb_article` where (`article_status` = '4') and `send_time` < '1515495602'
