[2018-01-06 10:18:04] select `aid`, `tid`, `cid`, `wid` from `fb_article` where (`article_status` = '4') and `send_time` < '1515205083'
[2018-01-06 10:20:03] select `aid`, `tid`, `cid`, `wid` from `fb_article` where (`article_status` = '4') and `send_time` < '1515205203'
[2018-01-06 10:22:03] select `aid`, `tid`, `cid`, `wid` from `fb_article` where (`article_status` = '4') and `send_time` < '1515205323'
[2018-01-06 10:24:03] select `aid`, `tid`, `cid`, `wid` from `fb_article` where (`article_status` = '4') and `send_time` < '1515205442'
[2018-01-06 10:26:02] select `aid`, `tid`, `cid`, `wid` from `fb_article` where (`article_status` = '4') and `send_time` < '1515205562'
[2018-01-06 10:28:03] select `aid`, `tid`, `cid`, `wid` from `fb_article` where (`article_status` = '4') and `send_time` < '1515205683'
[2018-01-06 10:30:03] select `aid`, `tid`, `cid`, `wid` from `fb_article` where (`article_status` = '4') and `send_time` < '1515205803'
[2018-01-06 10:32:03] select `aid`, `tid`, `cid`, `wid` from `fb_article` where (`article_status` = '4') and `send_time` < '1515205923'
[2018-01-06 10:34:03] select `aid`, `tid`, `cid`, `wid` from `fb_article` where (`article_status` = '4') and `send_time` < '1515206043'
[2018-01-06 10:36:03] select `aid`, `tid`, `cid`, `wid` from `fb_article` where (`article_status` = '4') and `send_time` < '1515206163'
[2018-01-06 10:38:02] select `aid`, `tid`, `cid`, `wid` from `fb_article` where (`article_status` = '4') and `send_time` < '1515206282'
[2018-01-06 10:40:03] select `aid`, `tid`, `cid`, `wid` from `fb_article` where (`article_status` = '4') and `send_time` < '1515206403'
[2018-01-06 10:42:03] select `aid`, `tid`, `cid`, `wid` from `fb_article` where (`article_status` = '4') and `send_time` < '1515206522'
[2018-01-06 10:44:03] select `aid`, `tid`, `cid`, `wid` from `fb_article` where (`article_status` = '4') and `send_time` < '1515206643'
[2018-01-06 10:46:03] select `aid`, `tid`, `cid`, `wid` from `fb_article` where (`article_status` = '4') and `send_time` < '1515206763'
[2018-01-06 10:48:03] select `aid`, `tid`, `cid`, `wid` from `fb_article` where (`article_status` = '4') and `send_time` < '1515206883'
[2018-01-06 10:50:03] select `aid`, `tid`, `cid`, `wid` from `fb_article` where (`article_status` = '4') and `send_time` < '1515207003'
[2018-01-06 10:52:02] select `aid`, `tid`, `cid`, `wid` from `fb_article` where (`article_status` = '4') and `send_time` < '1515207122'
[2018-01-06 10:54:03] select `aid`, `tid`, `cid`, `wid` from `fb_article` where (`article_status` = '4') and `send_time` < '1515207243'
[2018-01-06 10:56:02] select `aid`, `tid`, `cid`, `wid` from `fb_article` where (`article_status` = '4') and `send_time` < '1515207362'
[2018-01-06 10:58:03] select `aid`, `tid`, `cid`, `wid` from `fb_article` where (`article_status` = '4') and `send_time` < '1515207483'
[2018-01-06 10:59:03] select SUM(share) as share, SUM(read_article) as read_article, SUM(inter_access) as inter_access, SUM(histexternal_accessry) as histexternal_accessry, SUM(views) as views, SUM(clicks) as clicks from `fb_article_log` where (`ctime` = '1515168000') limit 1
[2018-01-06 10:59:03] select `id` from `fb_operating` where (`ctime` = '1515168000') limit 1
[2018-01-06 10:59:03] insert into `fb_operating` (`share`, `read_article`, `inter_access`, `histexternal_accessry`, `views`, `clicks`, `click_rate`, `share_rate`, `guide_rate`, `ctime`) values ('', '', '', '', '', '', '0', '0', '0', '1515168000')
[2018-01-06 11:00:03] select `aid`, `tid`, `cid`, `wid` from `fb_article` where (`article_status` = '4') and `send_time` < '1515207603'
[2018-01-06 11:02:02] select `aid`, `tid`, `cid`, `wid` from `fb_article` where (`article_status` = '4') and `send_time` < '1515207722'
[2018-01-06 11:04:03] select `aid`, `tid`, `cid`, `wid` from `fb_article` where (`article_status` = '4') and `send_time` < '1515207843'
[2018-01-06 11:06:02] select `aid`, `tid`, `cid`, `wid` from `fb_article` where (`article_status` = '4') and `send_time` < '1515207962'
[2018-01-06 11:08:03] select `aid`, `tid`, `cid`, `wid` from `fb_article` where (`article_status` = '4') and `send_time` < '1515208083'
[2018-01-06 11:10:03] select `aid`, `tid`, `cid`, `wid` from `fb_article` where (`article_status` = '4') and `send_time` < '1515208202'
[2018-01-06 11:12:03] select `aid`, `tid`, `cid`, `wid` from `fb_article` where (`article_status` = '4') and `send_time` < '1515208323'
[2018-01-06 11:14:03] select `aid`, `tid`, `cid`, `wid` from `fb_article` where (`article_status` = '4') and `send_time` < '1515208442'
[2018-01-06 11:16:03] select `aid`, `tid`, `cid`, `wid` from `fb_article` where (`article_status` = '4') and `send_time` < '1515208563'
[2018-01-06 11:18:03] select `aid`, `tid`, `cid`, `wid` from `fb_article` where (`article_status` = '4') and `send_time` < '1515208683'
[2018-01-06 11:20:02] select `aid`, `tid`, `cid`, `wid` from `fb_article` where (`article_status` = '4') and `send_time` < '1515208802'
[2018-01-06 11:22:03] select `aid`, `tid`, `cid`, `wid` from `fb_article` where (`article_status` = '4') and `send_time` < '1515208923'
[2018-01-06 11:24:02] select `aid`, `tid`, `cid`, `wid` from `fb_article` where (`article_status` = '4') and `send_time` < '1515209042'
[2018-01-06 11:26:03] select `aid`, `tid`, `cid`, `wid` from `fb_article` where (`article_status` = '4') and `send_time` < '1515209163'
[2018-01-06 11:28:03] select `aid`, `tid`, `cid`, `wid` from `fb_article` where (`article_status` = '4') and `send_time` < '1515209283'
[2018-01-06 11:30:02] select `aid`, `tid`, `cid`, `wid` from `fb_article` where (`article_status` = '4') and `send_time` < '1515209402'
[2018-01-06 11:32:03] select `aid`, `tid`, `cid`, `wid` from `fb_article` where (`article_status` = '4') and `send_time` < '1515209523'
[2018-01-06 11:34:02] select `aid`, `tid`, `cid`, `wid` from `fb_article` where (`article_status` = '4') and `send_time` < '1515209642'
[2018-01-06 11:36:03] select `aid`, `tid`, `cid`, `wid` from `fb_article` where (`article_status` = '4') and `send_time` < '1515209763'
[2018-01-06 11:38:03] select `aid`, `tid`, `cid`, `wid` from `fb_article` where (`article_status` = '4') and `send_time` < '1515209882'
[2018-01-06 11:40:03] select `aid`, `tid`, `cid`, `wid` from `fb_article` where (`article_status` = '4') and `send_time` < '1515210003'
[2018-01-06 11:42:03] select `aid`, `tid`, `cid`, `wid` from `fb_article` where (`article_status` = '4') and `send_time` < '1515210123'
[2018-01-06 11:44:02] select `aid`, `tid`, `cid`, `wid` from `fb_article` where (`article_status` = '4') and `send_time` < '1515210242'
[2018-01-06 11:46:03] select `aid`, `tid`, `cid`, `wid` from `fb_article` where (`article_status` = '4') and `send_time` < '1515210363'
[2018-01-06 11:48:02] select `aid`, `tid`, `cid`, `wid` from `fb_article` where (`article_status` = '4') and `send_time` < '1515210482'
[2018-01-06 11:50:03] select `aid`, `tid`, `cid`, `wid` from `fb_article` where (`article_status` = '4') and `send_time` < '1515210603'
[2018-01-06 11:52:02] select `aid`, `tid`, `cid`, `wid` from `fb_article` where (`article_status` = '4') and `send_time` < '1515210722'
[2018-01-06 11:54:03] select `aid`, `tid`, `cid`, `wid` from `fb_article` where (`article_status` = '4') and `send_time` < '1515210843'
[2018-01-06 11:56:03] select `aid`, `tid`, `cid`, `wid` from `fb_article` where (`article_status` = '4') and `send_time` < '1515210962'
[2018-01-06 11:58:03] select `aid`, `tid`, `cid`, `wid` from `fb_article` where (`article_status` = '4') and `send_time` < '1515211083'
[2018-01-06 11:58:38] select * from `fb_admin` where `username` = 'admin' and `password` = '203b6d1f2a502c540000' limit 1
[2018-01-06 11:58:38] select `powers` from `fb_role` where `id` = '1' limit 1
[2018-01-06 11:58:38] select `name` from `fb_node` where `pid` > '0' limit 1
[2018-01-06 11:58:38] update `fb_admin` set `last_time` = '1515211118', `last_ip` = '192.168.0.53' where `username` = 'admin' and `password` = '203b6d1f2a502c540000' and (`id` = '24') limit 1
admin[2018-01-06 11:58:39] select `ctime`, `clicks`, `share`, `inter_access`, `read_article`, `histexternal_accessry` from `fb_operating` where `ctime` >= '1512619119' and `ctime` <= '1515168000' group by `ctime`
admin[2018-01-06 11:58:40] select * from `fb_operating` where `ctime` >= '1512619120' and `ctime` <= '1515168000' order by `ctime` desc
admin[2018-01-06 11:58:46] select `tid`, `type_name` from `fb_type` where `type_status` = '1'
admin[2018-01-06 11:58:47] select count(*) as aggregate from `fb_type` where `type_status` = '1'
admin[2018-01-06 11:58:47] select * from `fb_type` where `type_status` = '1' limit 20 offset 0
admin[2018-01-06 11:58:58] select count(*) as aggregate from `fb_website` where `tid` = '1'
admin[2018-01-06 11:58:58] select * from `fb_website` where `tid` = '1' limit 20 offset 0
[2018-01-06 11:59:03] select SUM(share) as share, SUM(read_article) as read_article, SUM(inter_access) as inter_access, SUM(histexternal_accessry) as histexternal_accessry, SUM(views) as views, SUM(clicks) as clicks from `fb_article_log` where (`ctime` = '1515168000') limit 1
[2018-01-06 11:59:03] select `id` from `fb_operating` where (`ctime` = '1515168000') limit 1
[2018-01-06 11:59:03] update `fb_operating` set `share` = '', `read_article` = '', `inter_access` = '', `histexternal_accessry` = '', `views` = '', `clicks` = '', `click_rate` = '0', `share_rate` = '0', `guide_rate` = '0', `ctime` = '1515168000' where (`id` = '155285')
admin[2018-01-06 11:59:11] select `tid`, `type_name` from `fb_type` where (`type_status` = '1')
admin[2018-01-06 11:59:12] select count(*) as aggregate from `fb_type_log`
admin[2018-01-06 11:59:12] select SUM(share) as share, SUM(inter_access) as inter_access, SUM(views) as views, SUM(histexternal_accessry) as histexternal_accessry, SUM(read_article) as read_article, SUM(clicks) as clicks from `fb_type_log` limit 1
admin[2018-01-06 11:59:12] select * from `fb_type_log` order by `ctime` desc limit 20 offset 0
admin[2018-01-06 11:59:22] select `tid`, `type_name` from `fb_type` where (`type_status` = '1')
admin[2018-01-06 11:59:23] select count(*) as aggregate from `fb_type_log`
admin[2018-01-06 11:59:23] select SUM(share) as share, SUM(inter_access) as inter_access, SUM(views) as views, SUM(histexternal_accessry) as histexternal_accessry, SUM(read_article) as read_article, SUM(clicks) as clicks from `fb_type_log` limit 1
admin[2018-01-06 11:59:23] select * from `fb_type_log` order by `ctime` desc limit 20 offset 0
admin[2018-01-06 11:59:32] select `tid`, `type_name` from `fb_type` where (`type_status` = '1')
admin[2018-01-06 11:59:33] select count(*) as aggregate from `fb_type_log`
admin[2018-01-06 11:59:33] select SUM(share) as share, SUM(inter_access) as inter_access, SUM(views) as views, SUM(histexternal_accessry) as histexternal_accessry, SUM(read_article) as read_article, SUM(clicks) as clicks from `fb_type_log` limit 1
admin[2018-01-06 11:59:33] select * from `fb_type_log` order by `ctime` desc limit 20 offset 0
admin[2018-01-06 11:59:39] select count(*) as aggregate from `fb_operating`
admin[2018-01-06 11:59:39] select SUM(share) as share, SUM(inter_access) as inter_access, SUM(views) as views, SUM(histexternal_accessry) as histexternal_accessry, SUM(read_article) as read_article, SUM(clicks) as clicks from `fb_operating` limit 1
admin[2018-01-06 11:59:39] select * from `fb_operating` order by `ctime` desc limit 20 offset 0
admin[2018-01-06 11:59:40] select `tid`, `type_name` from `fb_type` where (`type_status` = '1')
admin[2018-01-06 11:59:40] select `cid`, `column_name` from `fb_type_column` where (`column_status` = '1')
admin[2018-01-06 11:59:40] select `wid`, `web_name` from `fb_website` where (`web_status` = '1')
admin[2018-01-06 11:59:40] select count(*) as aggregate from `fb_website_log`
admin[2018-01-06 11:59:40] select SUM(share) as share, SUM(inter_access) as inter_access, SUM(views) as views, SUM(histexternal_accessry) as histexternal_accessry, SUM(read_article) as read_article, SUM(clicks) as clicks from `fb_website_log` limit 1
admin[2018-01-06 11:59:40] select * from `fb_website_log` order by `ctime` desc limit 20 offset 0
admin[2018-01-06 11:59:40] select `web_name` from `fb_website` where (`wid` = '1') limit 1
admin[2018-01-06 11:59:41] select `web_name` from `fb_website` where (`wid` = '1') limit 1
admin[2018-01-06 11:59:41] select `web_name` from `fb_website` where (`wid` = '1') limit 1
admin[2018-01-06 11:59:41] select `web_name` from `fb_website` where (`wid` = '1') limit 1
admin[2018-01-06 11:59:41] select `web_name` from `fb_website` where (`wid` = '1') limit 1
admin[2018-01-06 11:59:41] select `web_name` from `fb_website` where (`wid` = '1') limit 1
admin[2018-01-06 11:59:41] select `web_name` from `fb_website` where (`wid` = '3') limit 1
admin[2018-01-06 11:59:41] select `web_name` from `fb_website` where (`wid` = '2') limit 1
admin[2018-01-06 11:59:41] select `web_name` from `fb_website` where (`wid` = '1') limit 1
admin[2018-01-06 11:59:41] select `web_name` from `fb_website` where (`wid` = '1') limit 1
admin[2018-01-06 11:59:41] select `web_name` from `fb_website` where (`wid` = '2') limit 1
admin[2018-01-06 11:59:41] select `web_name` from `fb_website` where (`wid` = '5') limit 1
admin[2018-01-06 11:59:41] select `web_name` from `fb_website` where (`wid` = '3') limit 1
admin[2018-01-06 11:59:41] select `web_name` from `fb_website` where (`wid` = '2') limit 1
admin[2018-01-06 11:59:41] select `web_name` from `fb_website` where (`wid` = '2') limit 1
admin[2018-01-06 11:59:41] select `web_name` from `fb_website` where (`wid` = '2') limit 1
admin[2018-01-06 11:59:41] select `web_name` from `fb_website` where (`wid` = '3') limit 1
admin[2018-01-06 11:59:41] select `web_name` from `fb_website` where (`wid` = '5') limit 1
admin[2018-01-06 11:59:41] select `web_name` from `fb_website` where (`wid` = '5') limit 1
admin[2018-01-06 11:59:41] select `web_name` from `fb_website` where (`wid` = '5') limit 1
admin[2018-01-06 11:59:41] select `tid`, `type_name` from `fb_type` where (`type_status` = '1')
admin[2018-01-06 11:59:41] select `cid`, `column_name` from `fb_type_column` where (`column_status` = '1')
admin[2018-01-06 11:59:42] select count(*) as aggregate from `fb_article_log`
admin[2018-01-06 11:59:42] select SUM(share) as share, SUM(inter_access) as inter_access, SUM(views) as views, SUM(histexternal_accessry) as histexternal_accessry, SUM(read_article) as read_article, SUM(clicks) as clicks from `fb_article_log` limit 1
admin[2018-01-06 11:59:42] select * from `fb_article_log` order by `ctime` desc limit 20 offset 0
admin[2018-01-06 11:59:42] select `column_name` from `fb_type_column` where (`cid` = '9') limit 1
admin[2018-01-06 11:59:42] select `column_name` from `fb_type_column` where (`cid` = '9') limit 1
admin[2018-01-06 11:59:42] select `web_name` from `fb_website` where (`wid` = '0') limit 1
admin[2018-01-06 11:59:42] select `column_name` from `fb_type_column` where (`cid` = '11') limit 1
admin[2018-01-06 11:59:42] select `column_name` from `fb_type_column` where (`cid` = '11') limit 1
admin[2018-01-06 11:59:42] select `web_name` from `fb_website` where (`wid` = '0') limit 1
admin[2018-01-06 11:59:42] select `column_name` from `fb_type_column` where (`cid` = '2') limit 1
admin[2018-01-06 11:59:42] select `column_name` from `fb_type_column` where (`cid` = '2') limit 1
admin[2018-01-06 11:59:42] select `web_name` from `fb_website` where (`wid` = '0') limit 1
admin[2018-01-06 11:59:42] select `column_name` from `fb_type_column` where (`cid` = '11') limit 1
admin[2018-01-06 11:59:42] select `column_name` from `fb_type_column` where (`cid` = '11') limit 1
admin[2018-01-06 11:59:42] select `web_name` from `fb_website` where (`wid` = '0') limit 1
admin[2018-01-06 11:59:42] select `column_name` from `fb_type_column` where (`cid` = '11') limit 1
admin[2018-01-06 11:59:42] select `column_name` from `fb_type_column` where (`cid` = '11') limit 1
admin[2018-01-06 11:59:42] select `web_name` from `fb_website` where (`wid` = '0') limit 1
admin[2018-01-06 11:59:42] select `column_name` from `fb_type_column` where (`cid` = '10') limit 1
admin[2018-01-06 11:59:42] select `column_name` from `fb_type_column` where (`cid` = '10') limit 1
admin[2018-01-06 11:59:42] select `web_name` from `fb_website` where (`wid` = '0') limit 1
admin[2018-01-06 11:59:42] select `column_name` from `fb_type_column` where (`cid` = '15') limit 1
admin[2018-01-06 11:59:42] select `column_name` from `fb_type_column` where (`cid` = '15') limit 1
admin[2018-01-06 11:59:42] select `web_name` from `fb_website` where (`wid` = '0') limit 1
admin[2018-01-06 11:59:42] select `column_name` from `fb_type_column` where (`cid` = '9') limit 1
admin[2018-01-06 11:59:42] select `column_name` from `fb_type_column` where (`cid` = '9') limit 1
admin[2018-01-06 11:59:42] select `web_name` from `fb_website` where (`wid` = '0') limit 1
admin[2018-01-06 11:59:42] select `column_name` from `fb_type_column` where (`cid` = '2') limit 1
admin[2018-01-06 11:59:42] select `column_name` from `fb_type_column` where (`cid` = '2') limit 1
admin[2018-01-06 11:59:42] select `web_name` from `fb_website` where (`wid` = '0') limit 1
admin[2018-01-06 11:59:42] select `column_name` from `fb_type_column` where (`cid` = '15') limit 1
admin[2018-01-06 11:59:42] select `column_name` from `fb_type_column` where (`cid` = '15') limit 1
admin[2018-01-06 11:59:42] select `web_name` from `fb_website` where (`wid` = '0') limit 1
admin[2018-01-06 11:59:42] select `column_name` from `fb_type_column` where (`cid` = '15') limit 1
admin[2018-01-06 11:59:42] select `column_name` from `fb_type_column` where (`cid` = '15') limit 1
admin[2018-01-06 11:59:42] select `web_name` from `fb_website` where (`wid` = '0') limit 1
admin[2018-01-06 11:59:42] select `column_name` from `fb_type_column` where (`cid` = '7') limit 1
admin[2018-01-06 11:59:42] select `column_name` from `fb_type_column` where (`cid` = '7') limit 1
admin[2018-01-06 11:59:42] select `web_name` from `fb_website` where (`wid` = '0') limit 1
admin[2018-01-06 11:59:42] select `column_name` from `fb_type_column` where (`cid` = '10') limit 1
admin[2018-01-06 11:59:42] select `column_name` from `fb_type_column` where (`cid` = '10') limit 1
admin[2018-01-06 11:59:42] select `web_name` from `fb_website` where (`wid` = '0') limit 1
admin[2018-01-06 11:59:42] select `column_name` from `fb_type_column` where (`cid` = '11') limit 1
admin[2018-01-06 11:59:42] select `column_name` from `fb_type_column` where (`cid` = '11') limit 1
admin[2018-01-06 11:59:42] select `web_name` from `fb_website` where (`wid` = '0') limit 1
admin[2018-01-06 11:59:42] select `column_name` from `fb_type_column` where (`cid` = '10') limit 1
admin[2018-01-06 11:59:42] select `column_name` from `fb_type_column` where (`cid` = '10') limit 1
admin[2018-01-06 11:59:42] select `web_name` from `fb_website` where (`wid` = '0') limit 1
admin[2018-01-06 11:59:42] select `column_name` from `fb_type_column` where (`cid` = '4') limit 1
admin[2018-01-06 11:59:42] select `column_name` from `fb_type_column` where (`cid` = '4') limit 1
admin[2018-01-06 11:59:42] select `web_name` from `fb_website` where (`wid` = '0') limit 1
admin[2018-01-06 11:59:42] select `column_name` from `fb_type_column` where (`cid` = '11') limit 1
admin[2018-01-06 11:59:42] select `column_name` from `fb_type_column` where (`cid` = '11') limit 1
admin[2018-01-06 11:59:42] select `web_name` from `fb_website` where (`wid` = '0') limit 1
admin[2018-01-06 11:59:42] select `column_name` from `fb_type_column` where (`cid` = '11') limit 1
admin[2018-01-06 11:59:42] select `column_name` from `fb_type_column` where (`cid` = '11') limit 1
admin[2018-01-06 11:59:42] select `web_name` from `fb_website` where (`wid` = '0') limit 1
admin[2018-01-06 11:59:42] select `column_name` from `fb_type_column` where (`cid` = '9') limit 1
admin[2018-01-06 11:59:42] select `column_name` from `fb_type_column` where (`cid` = '9') limit 1
admin[2018-01-06 11:59:42] select `web_name` from `fb_website` where (`wid` = '0') limit 1
admin[2018-01-06 11:59:42] select `column_name` from `fb_type_column` where (`cid` = '2') limit 1
admin[2018-01-06 11:59:42] select `column_name` from `fb_type_column` where (`cid` = '2') limit 1
admin[2018-01-06 11:59:42] select `web_name` from `fb_website` where (`wid` = '0') limit 1
[2018-01-06 12:00:02] select `aid`, `tid`, `cid`, `wid` from `fb_article` where (`article_status` = '4') and `send_time` < '1515211202'
[2018-01-06 12:02:03] select `aid`, `tid`, `cid`, `wid` from `fb_article` where (`article_status` = '4') and `send_time` < '1515211323'
[2018-01-06 12:04:03] select `aid`, `tid`, `cid`, `wid` from `fb_article` where (`article_status` = '4') and `send_time` < '1515211442'
[2018-01-06 12:06:03] select `aid`, `tid`, `cid`, `wid` from `fb_article` where (`article_status` = '4') and `send_time` < '1515211563'
[2018-01-06 12:08:03] select `aid`, `tid`, `cid`, `wid` from `fb_article` where (`article_status` = '4') and `send_time` < '1515211683'
[2018-01-06 12:10:02] select `aid`, `tid`, `cid`, `wid` from `fb_article` where (`article_status` = '4') and `send_time` < '1515211802'
[2018-01-06 12:12:03] select `aid`, `tid`, `cid`, `wid` from `fb_article` where (`article_status` = '4') and `send_time` < '1515211923'
[2018-01-06 12:14:02] select `aid`, `tid`, `cid`, `wid` from `fb_article` where (`article_status` = '4') and `send_time` < '1515212042'
[2018-01-06 12:16:03] select `aid`, `tid`, `cid`, `wid` from `fb_article` where (`article_status` = '4') and `send_time` < '1515212163'
[2018-01-06 12:18:03] select `aid`, `tid`, `cid`, `wid` from `fb_article` where (`article_status` = '4') and `send_time` < '1515212282'
[2018-01-06 12:20:03] select `aid`, `tid`, `cid`, `wid` from `fb_article` where (`article_status` = '4') and `send_time` < '1515212403'
[2018-01-06 12:22:03] select `aid`, `tid`, `cid`, `wid` from `fb_article` where (`article_status` = '4') and `send_time` < '1515212523'
[2018-01-06 12:24:02] select `aid`, `tid`, `cid`, `wid` from `fb_article` where (`article_status` = '4') and `send_time` < '1515212642'
[2018-01-06 12:26:03] select `aid`, `tid`, `cid`, `wid` from `fb_article` where (`article_status` = '4') and `send_time` < '1515212763'
[2018-01-06 12:28:02] select `aid`, `tid`, `cid`, `wid` from `fb_article` where (`article_status` = '4') and `send_time` < '1515212882'
[2018-01-06 12:30:03] select `aid`, `tid`, `cid`, `wid` from `fb_article` where (`article_status` = '4') and `send_time` < '1515213003'
[2018-01-06 12:32:03] select `aid`, `tid`, `cid`, `wid` from `fb_article` where (`article_status` = '4') and `send_time` < '1515213122'
[2018-01-06 12:34:03] select `aid`, `tid`, `cid`, `wid` from `fb_article` where (`article_status` = '4') and `send_time` < '1515213243'
[2018-01-06 12:36:03] select `aid`, `tid`, `cid`, `wid` from `fb_article` where (`article_status` = '4') and `send_time` < '1515213363'
[2018-01-06 12:38:02] select `aid`, `tid`, `cid`, `wid` from `fb_article` where (`article_status` = '4') and `send_time` < '1515213482'
[2018-01-06 12:40:03] select `aid`, `tid`, `cid`, `wid` from `fb_article` where (`article_status` = '4') and `send_time` < '1515213603'
[2018-01-06 12:42:02] select `aid`, `tid`, `cid`, `wid` from `fb_article` where (`article_status` = '4') and `send_time` < '1515213722'
[2018-01-06 12:44:03] select `aid`, `tid`, `cid`, `wid` from `fb_article` where (`article_status` = '4') and `send_time` < '1515213843'
[2018-01-06 12:46:02] select `aid`, `tid`, `cid`, `wid` from `fb_article` where (`article_status` = '4') and `send_time` < '1515213962'
[2018-01-06 12:48:03] select `aid`, `tid`, `cid`, `wid` from `fb_article` where (`article_status` = '4') and `send_time` < '1515214083'
[2018-01-06 12:50:03] select `aid`, `tid`, `cid`, `wid` from `fb_article` where (`article_status` = '4') and `send_time` < '1515214203'
[2018-01-06 12:52:03] select `aid`, `tid`, `cid`, `wid` from `fb_article` where (`article_status` = '4') and `send_time` < '1515214323'
[2018-01-06 12:54:03] select `aid`, `tid`, `cid`, `wid` from `fb_article` where (`article_status` = '4') and `send_time` < '1515214443'
[2018-01-06 12:56:02] select `aid`, `tid`, `cid`, `wid` from `fb_article` where (`article_status` = '4') and `send_time` < '1515214562'
[2018-01-06 12:58:03] select `aid`, `tid`, `cid`, `wid` from `fb_article` where (`article_status` = '4') and `send_time` < '1515214683'
[2018-01-06 12:59:03] select SUM(share) as share, SUM(read_article) as read_article, SUM(inter_access) as inter_access, SUM(histexternal_accessry) as histexternal_accessry, SUM(views) as views, SUM(clicks) as clicks from `fb_article_log` where (`ctime` = '1515168000') limit 1
[2018-01-06 12:59:03] select `id` from `fb_operating` where (`ctime` = '1515168000') limit 1
[2018-01-06 12:59:03] update `fb_operating` set `share` = '', `read_article` = '', `inter_access` = '', `histexternal_accessry` = '', `views` = '', `clicks` = '', `click_rate` = '0', `share_rate` = '0', `guide_rate` = '0', `ctime` = '1515168000' where (`id` = '155285')
[2018-01-06 13:00:03] select `aid`, `tid`, `cid`, `wid` from `fb_article` where (`article_status` = '4') and `send_time` < '1515214802'
[2018-01-06 13:02:03] select `aid`, `tid`, `cid`, `wid` from `fb_article` where (`article_status` = '4') and `send_time` < '1515214923'
[2018-01-06 13:04:03] select `aid`, `tid`, `cid`, `wid` from `fb_article` where (`article_status` = '4') and `send_time` < '1515215042'
[2018-01-06 13:06:03] select `aid`, `tid`, `cid`, `wid` from `fb_article` where (`article_status` = '4') and `send_time` < '1515215163'
[2018-01-06 13:08:03] select `aid`, `tid`, `cid`, `wid` from `fb_article` where (`article_status` = '4') and `send_time` < '1515215283'
[2018-01-06 13:10:03] select `aid`, `tid`, `cid`, `wid` from `fb_article` where (`article_status` = '4') and `send_time` < '1515215403'
[2018-01-06 13:12:03] select `aid`, `tid`, `cid`, `wid` from `fb_article` where (`article_status` = '4') and `send_time` < '1515215523'
[2018-01-06 13:14:03] select `aid`, `tid`, `cid`, `wid` from `fb_article` where (`article_status` = '4') and `send_time` < '1515215643'
[2018-01-06 13:16:02] select `aid`, `tid`, `cid`, `wid` from `fb_article` where (`article_status` = '4') and `send_time` < '1515215762'
[2018-01-06 13:18:03] select `aid`, `tid`, `cid`, `wid` from `fb_article` where (`article_status` = '4') and `send_time` < '1515215883'
[2018-01-06 13:20:03] select `aid`, `tid`, `cid`, `wid` from `fb_article` where (`article_status` = '4') and `send_time` < '1515216002'
[2018-01-06 13:22:03] select `aid`, `tid`, `cid`, `wid` from `fb_article` where (`article_status` = '4') and `send_time` < '1515216123'
[2018-01-06 13:24:03] select `aid`, `tid`, `cid`, `wid` from `fb_article` where (`article_status` = '4') and `send_time` < '1515216243'
[2018-01-06 13:26:02] select `aid`, `tid`, `cid`, `wid` from `fb_article` where (`article_status` = '4') and `send_time` < '1515216362'
[2018-01-06 13:28:03] select `aid`, `tid`, `cid`, `wid` from `fb_article` where (`article_status` = '4') and `send_time` < '1515216483'
[2018-01-06 13:30:03] select `aid`, `tid`, `cid`, `wid` from `fb_article` where (`article_status` = '4') and `send_time` < '1515216602'
[2018-01-06 13:32:03] select `aid`, `tid`, `cid`, `wid` from `fb_article` where (`article_status` = '4') and `send_time` < '1515216723'
[2018-01-06 13:34:03] select `aid`, `tid`, `cid`, `wid` from `fb_article` where (`article_status` = '4') and `send_time` < '1515216843'
[2018-01-06 13:36:02] select `aid`, `tid`, `cid`, `wid` from `fb_article` where (`article_status` = '4') and `send_time` < '1515216962'
[2018-01-06 13:38:03] select `aid`, `tid`, `cid`, `wid` from `fb_article` where (`article_status` = '4') and `send_time` < '1515217083'
[2018-01-06 13:40:02] select `aid`, `tid`, `cid`, `wid` from `fb_article` where (`article_status` = '4') and `send_time` < '1515217202'
[2018-01-06 13:42:03] select `aid`, `tid`, `cid`, `wid` from `fb_article` where (`article_status` = '4') and `send_time` < '1515217323'
[2018-01-06 13:44:02] select `aid`, `tid`, `cid`, `wid` from `fb_article` where (`article_status` = '4') and `send_time` < '1515217442'
[2018-01-06 13:46:03] select `aid`, `tid`, `cid`, `wid` from `fb_article` where (`article_status` = '4') and `send_time` < '1515217563'
[2018-01-06 13:48:02] select `aid`, `tid`, `cid`, `wid` from `fb_article` where (`article_status` = '4') and `send_time` < '1515217682'
[2018-01-06 13:50:03] select `aid`, `tid`, `cid`, `wid` from `fb_article` where (`article_status` = '4') and `send_time` < '1515217803'
[2018-01-06 13:52:03] select `aid`, `tid`, `cid`, `wid` from `fb_article` where (`article_status` = '4') and `send_time` < '1515217923'
[2018-01-06 13:54:02] select `aid`, `tid`, `cid`, `wid` from `fb_article` where (`article_status` = '4') and `send_time` < '1515218042'
[2018-01-06 13:56:03] select `aid`, `tid`, `cid`, `wid` from `fb_article` where (`article_status` = '4') and `send_time` < '1515218163'
[2018-01-06 13:58:03] select `aid`, `tid`, `cid`, `wid` from `fb_article` where (`article_status` = '4') and `send_time` < '1515218283'
[2018-01-06 13:59:02] select SUM(share) as share, SUM(read_article) as read_article, SUM(inter_access) as inter_access, SUM(histexternal_accessry) as histexternal_accessry, SUM(views) as views, SUM(clicks) as clicks from `fb_article_log` where (`ctime` = '1515168000') limit 1
[2018-01-06 13:59:02] select `id` from `fb_operating` where (`ctime` = '1515168000') limit 1
[2018-01-06 13:59:02] update `fb_operating` set `share` = '', `read_article` = '', `inter_access` = '', `histexternal_accessry` = '', `views` = '', `clicks` = '', `click_rate` = '0', `share_rate` = '0', `guide_rate` = '0', `ctime` = '1515168000' where (`id` = '155285')
[2018-01-06 14:00:03] select `aid`, `tid`, `cid`, `wid` from `fb_article` where (`article_status` = '4') and `send_time` < '1515218403'
[2018-01-06 14:02:03] select `aid`, `tid`, `cid`, `wid` from `fb_article` where (`article_status` = '4') and `send_time` < '1515218522'
[2018-01-06 14:04:03] select `aid`, `tid`, `cid`, `wid` from `fb_article` where (`article_status` = '4') and `send_time` < '1515218643'
[2018-01-06 14:06:03] select `aid`, `tid`, `cid`, `wid` from `fb_article` where (`article_status` = '4') and `send_time` < '1515218763'
[2018-01-06 14:08:02] select `aid`, `tid`, `cid`, `wid` from `fb_article` where (`article_status` = '4') and `send_time` < '1515218882'
[2018-01-06 14:10:03] select `aid`, `tid`, `cid`, `wid` from `fb_article` where (`article_status` = '4') and `send_time` < '1515219003'
[2018-01-06 14:12:03] select `aid`, `tid`, `cid`, `wid` from `fb_article` where (`article_status` = '4') and `send_time` < '1515219122'
[2018-01-06 14:14:02] select `aid`, `tid`, `cid`, `wid` from `fb_article` where (`article_status` = '4') and `send_time` < '1515219242'
[2018-01-06 14:16:03] select `aid`, `tid`, `cid`, `wid` from `fb_article` where (`article_status` = '4') and `send_time` < '1515219363'
[2018-01-06 14:18:03] select `aid`, `tid`, `cid`, `wid` from `fb_article` where (`article_status` = '4') and `send_time` < '1515219482'
[2018-01-06 14:20:03] select `aid`, `tid`, `cid`, `wid` from `fb_article` where (`article_status` = '4') and `send_time` < '1515219603'
[2018-01-06 14:22:03] select `aid`, `tid`, `cid`, `wid` from `fb_article` where (`article_status` = '4') and `send_time` < '1515219723'
[2018-01-06 14:24:03] select `aid`, `tid`, `cid`, `wid` from `fb_article` where (`article_status` = '4') and `send_time` < '1515219842'
[2018-01-06 14:26:03] select `aid`, `tid`, `cid`, `wid` from `fb_article` where (`article_status` = '4') and `send_time` < '1515219963'
[2018-01-06 14:28:03] select `aid`, `tid`, `cid`, `wid` from `fb_article` where (`article_status` = '4') and `send_time` < '1515220083'
[2018-01-06 14:30:03] select `aid`, `tid`, `cid`, `wid` from `fb_article` where (`article_status` = '4') and `send_time` < '1515220203'
[2018-01-06 14:32:03] select `aid`, `tid`, `cid`, `wid` from `fb_article` where (`article_status` = '4') and `send_time` < '1515220323'
[2018-01-06 14:34:02] select `aid`, `tid`, `cid`, `wid` from `fb_article` where (`article_status` = '4') and `send_time` < '1515220442'
[2018-01-06 14:36:03] select `aid`, `tid`, `cid`, `wid` from `fb_article` where (`article_status` = '4') and `send_time` < '1515220563'
[2018-01-06 14:38:03] select `aid`, `tid`, `cid`, `wid` from `fb_article` where (`article_status` = '4') and `send_time` < '1515220683'
[2018-01-06 14:40:02] select `aid`, `tid`, `cid`, `wid` from `fb_article` where (`article_status` = '4') and `send_time` < '1515220802'
[2018-01-06 14:42:03] select `aid`, `tid`, `cid`, `wid` from `fb_article` where (`article_status` = '4') and `send_time` < '1515220923'
[2018-01-06 14:44:03] select `aid`, `tid`, `cid`, `wid` from `fb_article` where (`article_status` = '4') and `send_time` < '1515221043'
[2018-01-06 14:46:03] select `aid`, `tid`, `cid`, `wid` from `fb_article` where (`article_status` = '4') and `send_time` < '1515221163'
[2018-01-06 14:48:03] select `aid`, `tid`, `cid`, `wid` from `fb_article` where (`article_status` = '4') and `send_time` < '1515221283'
[2018-01-06 14:50:02] select `aid`, `tid`, `cid`, `wid` from `fb_article` where (`article_status` = '4') and `send_time` < '1515221402'
[2018-01-06 14:52:03] select `aid`, `tid`, `cid`, `wid` from `fb_article` where (`article_status` = '4') and `send_time` < '1515221523'
[2018-01-06 14:54:03] select `aid`, `tid`, `cid`, `wid` from `fb_article` where (`article_status` = '4') and `send_time` < '1515221643'
[2018-01-06 14:56:02] select `aid`, `tid`, `cid`, `wid` from `fb_article` where (`article_status` = '4') and `send_time` < '1515221762'
[2018-01-06 14:58:03] select `aid`, `tid`, `cid`, `wid` from `fb_article` where (`article_status` = '4') and `send_time` < '1515221883'
[2018-01-06 14:59:03] select SUM(share) as share, SUM(read_article) as read_article, SUM(inter_access) as inter_access, SUM(histexternal_accessry) as histexternal_accessry, SUM(views) as views, SUM(clicks) as clicks from `fb_article_log` where (`ctime` = '1515168000') limit 1
[2018-01-06 14:59:03] select `id` from `fb_operating` where (`ctime` = '1515168000') limit 1
[2018-01-06 14:59:03] update `fb_operating` set `share` = '', `read_article` = '', `inter_access` = '', `histexternal_accessry` = '', `views` = '', `clicks` = '', `click_rate` = '0', `share_rate` = '0', `guide_rate` = '0', `ctime` = '1515168000' where (`id` = '155285')
[2018-01-06 15:00:03] select `aid`, `tid`, `cid`, `wid` from `fb_article` where (`article_status` = '4') and `send_time` < '1515222003'
[2018-01-06 15:02:02] select `aid`, `tid`, `cid`, `wid` from `fb_article` where (`article_status` = '4') and `send_time` < '1515222122'
[2018-01-06 15:04:03] select `aid`, `tid`, `cid`, `wid` from `fb_article` where (`article_status` = '4') and `send_time` < '1515222243'
[2018-01-06 15:06:03] select `aid`, `tid`, `cid`, `wid` from `fb_article` where (`article_status` = '4') and `send_time` < '1515222362'
[2018-01-06 15:08:03] select `aid`, `tid`, `cid`, `wid` from `fb_article` where (`article_status` = '4') and `send_time` < '1515222483'
[2018-01-06 15:10:03] select `aid`, `tid`, `cid`, `wid` from `fb_article` where (`article_status` = '4') and `send_time` < '1515222603'
[2018-01-06 15:12:02] select `aid`, `tid`, `cid`, `wid` from `fb_article` where (`article_status` = '4') and `send_time` < '1515222722'
[2018-01-06 15:14:03] select `aid`, `tid`, `cid`, `wid` from `fb_article` where (`article_status` = '4') and `send_time` < '1515222843'
[2018-01-06 15:16:03] select `aid`, `tid`, `cid`, `wid` from `fb_article` where (`article_status` = '4') and `send_time` < '1515222962'
[2018-01-06 15:18:03] select `aid`, `tid`, `cid`, `wid` from `fb_article` where (`article_status` = '4') and `send_time` < '1515223083'
[2018-01-06 15:20:03] select `aid`, `tid`, `cid`, `wid` from `fb_article` where (`article_status` = '4') and `send_time` < '1515223203'
[2018-01-06 15:22:02] select `aid`, `tid`, `cid`, `wid` from `fb_article` where (`article_status` = '4') and `send_time` < '1515223322'
[2018-01-06 15:24:03] select `aid`, `tid`, `cid`, `wid` from `fb_article` where (`article_status` = '4') and `send_time` < '1515223443'
[2018-01-06 15:26:02] select `aid`, `tid`, `cid`, `wid` from `fb_article` where (`article_status` = '4') and `send_time` < '1515223562'
[2018-01-06 15:28:03] select `aid`, `tid`, `cid`, `wid` from `fb_article` where (`article_status` = '4') and `send_time` < '1515223683'
[2018-01-06 15:30:03] select `aid`, `tid`, `cid`, `wid` from `fb_article` where (`article_status` = '4') and `send_time` < '1515223803'
[2018-01-06 15:32:02] select `aid`, `tid`, `cid`, `wid` from `fb_article` where (`article_status` = '4') and `send_time` < '1515223922'
[2018-01-06 15:34:03] select `aid`, `tid`, `cid`, `wid` from `fb_article` where (`article_status` = '4') and `send_time` < '1515224043'
[2018-01-06 15:36:02] select `aid`, `tid`, `cid`, `wid` from `fb_article` where (`article_status` = '4') and `send_time` < '1515224162'
[2018-01-06 15:38:03] select `aid`, `tid`, `cid`, `wid` from `fb_article` where (`article_status` = '4') and `send_time` < '1515224283'
[2018-01-06 15:40:03] select `aid`, `tid`, `cid`, `wid` from `fb_article` where (`article_status` = '4') and `send_time` < '1515224403'
[2018-01-06 15:42:02] select `aid`, `tid`, `cid`, `wid` from `fb_article` where (`article_status` = '4') and `send_time` < '1515224522'
[2018-01-06 15:44:03] select `aid`, `tid`, `cid`, `wid` from `fb_article` where (`article_status` = '4') and `send_time` < '1515224643'
[2018-01-06 15:46:02] select `aid`, `tid`, `cid`, `wid` from `fb_article` where (`article_status` = '4') and `send_time` < '1515224762'
[2018-01-06 15:48:03] select `aid`, `tid`, `cid`, `wid` from `fb_article` where (`article_status` = '4') and `send_time` < '1515224883'
[2018-01-06 15:50:03] select `aid`, `tid`, `cid`, `wid` from `fb_article` where (`article_status` = '4') and `send_time` < '1515225002'
[2018-01-06 15:52:03] select `aid`, `tid`, `cid`, `wid` from `fb_article` where (`article_status` = '4') and `send_time` < '1515225123'
[2018-01-06 15:54:03] select `aid`, `tid`, `cid`, `wid` from `fb_article` where (`article_status` = '4') and `send_time` < '1515225243'
[2018-01-06 15:56:03] select `aid`, `tid`, `cid`, `wid` from `fb_article` where (`article_status` = '4') and `send_time` < '1515225362'
[2018-01-06 15:58:03] select `aid`, `tid`, `cid`, `wid` from `fb_article` where (`article_status` = '4') and `send_time` < '1515225483'
[2018-01-06 15:59:03] select SUM(share) as share, SUM(read_article) as read_article, SUM(inter_access) as inter_access, SUM(histexternal_accessry) as histexternal_accessry, SUM(views) as views, SUM(clicks) as clicks from `fb_article_log` where (`ctime` = '1515168000') limit 1
[2018-01-06 15:59:03] select `id` from `fb_operating` where (`ctime` = '1515168000') limit 1
[2018-01-06 15:59:03] update `fb_operating` set `share` = '', `read_article` = '', `inter_access` = '', `histexternal_accessry` = '', `views` = '', `clicks` = '', `click_rate` = '0', `share_rate` = '0', `guide_rate` = '0', `ctime` = '1515168000' where (`id` = '155285')
[2018-01-06 16:00:03] select `aid`, `tid`, `cid`, `wid` from `fb_article` where (`article_status` = '4') and `send_time` < '1515225603'
[2018-01-06 16:02:02] select `aid`, `tid`, `cid`, `wid` from `fb_article` where (`article_status` = '4') and `send_time` < '1515225722'
[2018-01-06 16:04:03] select `aid`, `tid`, `cid`, `wid` from `fb_article` where (`article_status` = '4') and `send_time` < '1515225843'
[2018-01-06 16:06:03] select `aid`, `tid`, `cid`, `wid` from `fb_article` where (`article_status` = '4') and `send_time` < '1515225963'
[2018-01-06 16:08:02] select `aid`, `tid`, `cid`, `wid` from `fb_article` where (`article_status` = '4') and `send_time` < '1515226082'
[2018-01-06 16:10:03] select `aid`, `tid`, `cid`, `wid` from `fb_article` where (`article_status` = '4') and `send_time` < '1515226203'
[2018-01-06 16:12:03] select `aid`, `tid`, `cid`, `wid` from `fb_article` where (`article_status` = '4') and `send_time` < '1515226323'
[2018-01-06 16:14:02] select `aid`, `tid`, `cid`, `wid` from `fb_article` where (`article_status` = '4') and `send_time` < '1515226442'
[2018-01-06 16:16:03] select `aid`, `tid`, `cid`, `wid` from `fb_article` where (`article_status` = '4') and `send_time` < '1515226563'
[2018-01-06 16:18:03] select `aid`, `tid`, `cid`, `wid` from `fb_article` where (`article_status` = '4') and `send_time` < '1515226683'
[2018-01-06 16:20:03] select `aid`, `tid`, `cid`, `wid` from `fb_article` where (`article_status` = '4') and `send_time` < '1515226803'
[2018-01-06 16:22:03] select `aid`, `tid`, `cid`, `wid` from `fb_article` where (`article_status` = '4') and `send_time` < '1515226923'
