[2018-01-11 09:38:14] select `aid`, `tid`, `cid`, `wid` from `fb_article` where (`article_status` = '4') and `send_time` < '1515634693'
[2018-01-11 09:40:02] select `aid`, `tid`, `cid`, `wid` from `fb_article` where (`article_status` = '4') and `send_time` < '1515634802'
[2018-01-11 09:42:03] select `aid`, `tid`, `cid`, `wid` from `fb_article` where (`article_status` = '4') and `send_time` < '1515634923'
[2018-01-11 09:44:03] select `aid`, `tid`, `cid`, `wid` from `fb_article` where (`article_status` = '4') and `send_time` < '1515635043'
[2018-01-11 09:46:02] select `aid`, `tid`, `cid`, `wid` from `fb_article` where (`article_status` = '4') and `send_time` < '1515635162'
[2018-01-11 09:48:03] select `aid`, `tid`, `cid`, `wid` from `fb_article` where (`article_status` = '4') and `send_time` < '1515635283'
[2018-01-11 09:50:03] select `aid`, `tid`, `cid`, `wid` from `fb_article` where (`article_status` = '4') and `send_time` < '1515635403'
[2018-01-11 09:52:02] select `aid`, `tid`, `cid`, `wid` from `fb_article` where (`article_status` = '4') and `send_time` < '1515635522'
[2018-01-11 09:54:03] select `aid`, `tid`, `cid`, `wid` from `fb_article` where (`article_status` = '4') and `send_time` < '1515635643'
[2018-01-11 09:56:03] select `aid`, `tid`, `cid`, `wid` from `fb_article` where (`article_status` = '4') and `send_time` < '1515635763'
[2018-01-11 09:58:03] select `aid`, `tid`, `cid`, `wid` from `fb_article` where (`article_status` = '4') and `send_time` < '1515635883'
[2018-01-11 09:59:03] select SUM(share) as share, SUM(read_article) as read_article, SUM(inter_access) as inter_access, SUM(histexternal_accessry) as histexternal_accessry, SUM(views) as views, SUM(clicks) as clicks from `fb_article_log` where (`ctime` = '1515600000') limit 1
[2018-01-11 09:59:03] select `id` from `fb_operating` where (`ctime` = '1515600000') limit 1
[2018-01-11 09:59:03] insert into `fb_operating` (`share`, `read_article`, `inter_access`, `histexternal_accessry`, `views`, `clicks`, `click_rate`, `share_rate`, `guide_rate`, `ctime`) values ('', '', '', '', '', '', '0', '0', '0', '1515600000')
[2018-01-11 10:00:03] select `aid`, `tid`, `cid`, `wid` from `fb_article` where (`article_status` = '4') and `send_time` < '1515636002'
[2018-01-11 10:02:03] select `aid`, `tid`, `cid`, `wid` from `fb_article` where (`article_status` = '4') and `send_time` < '1515636123'
[2018-01-11 10:04:03] select `aid`, `tid`, `cid`, `wid` from `fb_article` where (`article_status` = '4') and `send_time` < '1515636243'
[2018-01-11 10:06:03] select `aid`, `tid`, `cid`, `wid` from `fb_article` where (`article_status` = '4') and `send_time` < '1515636363'
[2018-01-11 10:08:02] select `aid`, `tid`, `cid`, `wid` from `fb_article` where (`article_status` = '4') and `send_time` < '1515636482'
[2018-01-11 10:10:03] select `aid`, `tid`, `cid`, `wid` from `fb_article` where (`article_status` = '4') and `send_time` < '1515636603'
[2018-01-11 10:12:03] select `aid`, `tid`, `cid`, `wid` from `fb_article` where (`article_status` = '4') and `send_time` < '1515636723'
[2018-01-11 10:14:02] select `aid`, `tid`, `cid`, `wid` from `fb_article` where (`article_status` = '4') and `send_time` < '1515636842'
[2018-01-11 10:16:03] select `aid`, `tid`, `cid`, `wid` from `fb_article` where (`article_status` = '4') and `send_time` < '1515636963'
[2018-01-11 10:18:03] select `aid`, `tid`, `cid`, `wid` from `fb_article` where (`article_status` = '4') and `send_time` < '1515637083'
[2018-01-11 10:20:03] select `aid`, `tid`, `cid`, `wid` from `fb_article` where (`article_status` = '4') and `send_time` < '1515637202'
[2018-01-11 10:22:03] select `aid`, `tid`, `cid`, `wid` from `fb_article` where (`article_status` = '4') and `send_time` < '1515637323'
[2018-01-11 10:24:03] select `aid`, `tid`, `cid`, `wid` from `fb_article` where (`article_status` = '4') and `send_time` < '1515637443'
[2018-01-11 10:26:03] select `aid`, `tid`, `cid`, `wid` from `fb_article` where (`article_status` = '4') and `send_time` < '1515637562'
[2018-01-11 10:28:03] select `aid`, `tid`, `cid`, `wid` from `fb_article` where (`article_status` = '4') and `send_time` < '1515637683'
[2018-01-11 10:30:03] select `aid`, `tid`, `cid`, `wid` from `fb_article` where (`article_status` = '4') and `send_time` < '1515637803'
[2018-01-11 10:32:03] select `aid`, `tid`, `cid`, `wid` from `fb_article` where (`article_status` = '4') and `send_time` < '1515637923'
[2018-01-11 10:34:03] select `aid`, `tid`, `cid`, `wid` from `fb_article` where (`article_status` = '4') and `send_time` < '1515638042'
[2018-01-11 10:36:03] select `aid`, `tid`, `cid`, `wid` from `fb_article` where (`article_status` = '4') and `send_time` < '1515638163'
[2018-01-11 10:38:03] select `aid`, `tid`, `cid`, `wid` from `fb_article` where (`article_status` = '4') and `send_time` < '1515638283'
[2018-01-11 10:40:03] select `aid`, `tid`, `cid`, `wid` from `fb_article` where (`article_status` = '4') and `send_time` < '1515638403'
[2018-01-11 10:42:03] select `aid`, `tid`, `cid`, `wid` from `fb_article` where (`article_status` = '4') and `send_time` < '1515638523'
[2018-01-11 10:44:03] select `aid`, `tid`, `cid`, `wid` from `fb_article` where (`article_status` = '4') and `send_time` < '1515638643'
[2018-01-11 10:46:03] select `aid`, `tid`, `cid`, `wid` from `fb_article` where (`article_status` = '4') and `send_time` < '1515638762'
[2018-01-11 10:48:03] select `aid`, `tid`, `cid`, `wid` from `fb_article` where (`article_status` = '4') and `send_time` < '1515638883'
[2018-01-11 10:50:04] select `aid`, `tid`, `cid`, `wid` from `fb_article` where (`article_status` = '4') and `send_time` < '1515639004'
[2018-01-11 10:52:02] select `aid`, `tid`, `cid`, `wid` from `fb_article` where (`article_status` = '4') and `send_time` < '1515639122'
[2018-01-11 10:54:03] select `aid`, `tid`, `cid`, `wid` from `fb_article` where (`article_status` = '4') and `send_time` < '1515639243'
[2018-01-11 10:56:03] select `aid`, `tid`, `cid`, `wid` from `fb_article` where (`article_status` = '4') and `send_time` < '1515639363'
[2018-01-11 10:58:03] select `aid`, `tid`, `cid`, `wid` from `fb_article` where (`article_status` = '4') and `send_time` < '1515639483'
[2018-01-11 10:59:03] select SUM(share) as share, SUM(read_article) as read_article, SUM(inter_access) as inter_access, SUM(histexternal_accessry) as histexternal_accessry, SUM(views) as views, SUM(clicks) as clicks from `fb_article_log` where (`ctime` = '1515600000') limit 1
[2018-01-11 10:59:03] select `id` from `fb_operating` where (`ctime` = '1515600000') limit 1
[2018-01-11 10:59:03] update `fb_operating` set `share` = '', `read_article` = '', `inter_access` = '', `histexternal_accessry` = '', `views` = '', `clicks` = '', `click_rate` = '0', `share_rate` = '0', `guide_rate` = '0', `ctime` = '1515600000' where (`id` = '155289')
[2018-01-11 11:00:03] select `aid`, `tid`, `cid`, `wid` from `fb_article` where (`article_status` = '4') and `send_time` < '1515639603'
[2018-01-11 11:02:03] select `aid`, `tid`, `cid`, `wid` from `fb_article` where (`article_status` = '4') and `send_time` < '1515639722'
[2018-01-11 11:04:03] select `aid`, `tid`, `cid`, `wid` from `fb_article` where (`article_status` = '4') and `send_time` < '1515639843'
[2018-01-11 11:06:03] select `aid`, `tid`, `cid`, `wid` from `fb_article` where (`article_status` = '4') and `send_time` < '1515639963'
[2018-01-11 11:08:03] select `aid`, `tid`, `cid`, `wid` from `fb_article` where (`article_status` = '4') and `send_time` < '1515640083'
[2018-01-11 11:10:02] select `aid`, `tid`, `cid`, `wid` from `fb_article` where (`article_status` = '4') and `send_time` < '1515640202'
[2018-01-11 11:12:03] select `aid`, `tid`, `cid`, `wid` from `fb_article` where (`article_status` = '4') and `send_time` < '1515640323'
[2018-01-11 11:14:03] select `aid`, `tid`, `cid`, `wid` from `fb_article` where (`article_status` = '4') and `send_time` < '1515640443'
[2018-01-11 11:16:03] select `aid`, `tid`, `cid`, `wid` from `fb_article` where (`article_status` = '4') and `send_time` < '1515640562'
[2018-01-11 11:18:02] select `aid`, `tid`, `cid`, `wid` from `fb_article` where (`article_status` = '4') and `send_time` < '1515640682'
[2018-01-11 11:20:02] select `aid`, `tid`, `cid`, `wid` from `fb_article` where (`article_status` = '4') and `send_time` < '1515640802'
[2018-01-11 11:22:03] select `aid`, `tid`, `cid`, `wid` from `fb_article` where (`article_status` = '4') and `send_time` < '1515640923'
[2018-01-11 11:24:03] select `aid`, `tid`, `cid`, `wid` from `fb_article` where (`article_status` = '4') and `send_time` < '1515641043'
[2018-01-11 11:26:03] select `aid`, `tid`, `cid`, `wid` from `fb_article` where (`article_status` = '4') and `send_time` < '1515641163'
[2018-01-11 11:28:03] select `aid`, `tid`, `cid`, `wid` from `fb_article` where (`article_status` = '4') and `send_time` < '1515641283'
[2018-01-11 11:30:03] select `aid`, `tid`, `cid`, `wid` from `fb_article` where (`article_status` = '4') and `send_time` < '1515641402'
[2018-01-11 11:32:02] select `aid`, `tid`, `cid`, `wid` from `fb_article` where (`article_status` = '4') and `send_time` < '1515641522'
[2018-01-11 11:34:03] select `aid`, `tid`, `cid`, `wid` from `fb_article` where (`article_status` = '4') and `send_time` < '1515641643'
[2018-01-11 11:36:03] select `aid`, `tid`, `cid`, `wid` from `fb_article` where (`article_status` = '4') and `send_time` < '1515641763'
[2018-01-11 11:38:03] select `aid`, `tid`, `cid`, `wid` from `fb_article` where (`article_status` = '4') and `send_time` < '1515641883'
[2018-01-11 11:40:02] select `aid`, `tid`, `cid`, `wid` from `fb_article` where (`article_status` = '4') and `send_time` < '1515642002'
[2018-01-11 11:42:03] select `aid`, `tid`, `cid`, `wid` from `fb_article` where (`article_status` = '4') and `send_time` < '1515642123'
[2018-01-11 11:44:03] select `aid`, `tid`, `cid`, `wid` from `fb_article` where (`article_status` = '4') and `send_time` < '1515642243'
[2018-01-11 11:46:03] select `aid`, `tid`, `cid`, `wid` from `fb_article` where (`article_status` = '4') and `send_time` < '1515642363'
[2018-01-11 11:48:03] select `aid`, `tid`, `cid`, `wid` from `fb_article` where (`article_status` = '4') and `send_time` < '1515642483'
[2018-01-11 11:50:03] select `aid`, `tid`, `cid`, `wid` from `fb_article` where (`article_status` = '4') and `send_time` < '1515642602'
[2018-01-11 11:52:03] select `aid`, `tid`, `cid`, `wid` from `fb_article` where (`article_status` = '4') and `send_time` < '1515642723'
[2018-01-11 11:54:02] select `aid`, `tid`, `cid`, `wid` from `fb_article` where (`article_status` = '4') and `send_time` < '1515642842'
[2018-01-11 11:56:03] select `aid`, `tid`, `cid`, `wid` from `fb_article` where (`article_status` = '4') and `send_time` < '1515642963'
[2018-01-11 11:58:03] select `aid`, `tid`, `cid`, `wid` from `fb_article` where (`article_status` = '4') and `send_time` < '1515643083'
[2018-01-11 11:59:03] select SUM(share) as share, SUM(read_article) as read_article, SUM(inter_access) as inter_access, SUM(histexternal_accessry) as histexternal_accessry, SUM(views) as views, SUM(clicks) as clicks from `fb_article_log` where (`ctime` = '1515600000') limit 1
[2018-01-11 11:59:03] select `id` from `fb_operating` where (`ctime` = '1515600000') limit 1
[2018-01-11 11:59:03] update `fb_operating` set `share` = '', `read_article` = '', `inter_access` = '', `histexternal_accessry` = '', `views` = '', `clicks` = '', `click_rate` = '0', `share_rate` = '0', `guide_rate` = '0', `ctime` = '1515600000' where (`id` = '155289')
[2018-01-11 12:00:03] select `aid`, `tid`, `cid`, `wid` from `fb_article` where (`article_status` = '4') and `send_time` < '1515643203'
[2018-01-11 12:02:03] select `aid`, `tid`, `cid`, `wid` from `fb_article` where (`article_status` = '4') and `send_time` < '1515643323'
[2018-01-11 12:04:03] select `aid`, `tid`, `cid`, `wid` from `fb_article` where (`article_status` = '4') and `send_time` < '1515643443'
[2018-01-11 12:06:03] select `aid`, `tid`, `cid`, `wid` from `fb_article` where (`article_status` = '4') and `send_time` < '1515643563'
[2018-01-11 12:08:03] select `aid`, `tid`, `cid`, `wid` from `fb_article` where (`article_status` = '4') and `send_time` < '1515643683'
[2018-01-11 12:10:02] select `aid`, `tid`, `cid`, `wid` from `fb_article` where (`article_status` = '4') and `send_time` < '1515643802'
[2018-01-11 12:12:03] select `aid`, `tid`, `cid`, `wid` from `fb_article` where (`article_status` = '4') and `send_time` < '1515643923'
[2018-01-11 12:14:03] select `aid`, `tid`, `cid`, `wid` from `fb_article` where (`article_status` = '4') and `send_time` < '1515644043'
[2018-01-11 12:16:03] select `aid`, `tid`, `cid`, `wid` from `fb_article` where (`article_status` = '4') and `send_time` < '1515644163'
[2018-01-11 12:18:03] select `aid`, `tid`, `cid`, `wid` from `fb_article` where (`article_status` = '4') and `send_time` < '1515644283'
[2018-01-11 12:20:02] select `aid`, `tid`, `cid`, `wid` from `fb_article` where (`article_status` = '4') and `send_time` < '1515644402'
[2018-01-11 12:22:03] select `aid`, `tid`, `cid`, `wid` from `fb_article` where (`article_status` = '4') and `send_time` < '1515644523'
[2018-01-11 12:24:03] select `aid`, `tid`, `cid`, `wid` from `fb_article` where (`article_status` = '4') and `send_time` < '1515644643'
[2018-01-11 12:26:03] select `aid`, `tid`, `cid`, `wid` from `fb_article` where (`article_status` = '4') and `send_time` < '1515644762'
[2018-01-11 12:28:03] select `aid`, `tid`, `cid`, `wid` from `fb_article` where (`article_status` = '4') and `send_time` < '1515644883'
[2018-01-11 12:30:03] select `aid`, `tid`, `cid`, `wid` from `fb_article` where (`article_status` = '4') and `send_time` < '1515645002'
[2018-01-11 12:32:03] select `aid`, `tid`, `cid`, `wid` from `fb_article` where (`article_status` = '4') and `send_time` < '1515645123'
[2018-01-11 12:34:03] select `aid`, `tid`, `cid`, `wid` from `fb_article` where (`article_status` = '4') and `send_time` < '1515645243'
[2018-01-11 12:36:03] select `aid`, `tid`, `cid`, `wid` from `fb_article` where (`article_status` = '4') and `send_time` < '1515645363'
[2018-01-11 12:38:02] select `aid`, `tid`, `cid`, `wid` from `fb_article` where (`article_status` = '4') and `send_time` < '1515645482'
[2018-01-11 12:40:03] select `aid`, `tid`, `cid`, `wid` from `fb_article` where (`article_status` = '4') and `send_time` < '1515645603'
[2018-01-11 12:42:03] select `aid`, `tid`, `cid`, `wid` from `fb_article` where (`article_status` = '4') and `send_time` < '1515645723'
[2018-01-11 12:44:02] select `aid`, `tid`, `cid`, `wid` from `fb_article` where (`article_status` = '4') and `send_time` < '1515645842'
[2018-01-11 12:46:03] select `aid`, `tid`, `cid`, `wid` from `fb_article` where (`article_status` = '4') and `send_time` < '1515645963'
[2018-01-11 12:48:03] select `aid`, `tid`, `cid`, `wid` from `fb_article` where (`article_status` = '4') and `send_time` < '1515646083'
[2018-01-11 12:50:02] select `aid`, `tid`, `cid`, `wid` from `fb_article` where (`article_status` = '4') and `send_time` < '1515646202'
[2018-01-11 12:52:03] select `aid`, `tid`, `cid`, `wid` from `fb_article` where (`article_status` = '4') and `send_time` < '1515646323'
[2018-01-11 12:54:03] select `aid`, `tid`, `cid`, `wid` from `fb_article` where (`article_status` = '4') and `send_time` < '1515646443'
[2018-01-11 12:56:03] select `aid`, `tid`, `cid`, `wid` from `fb_article` where (`article_status` = '4') and `send_time` < '1515646562'
[2018-01-11 12:58:02] select `aid`, `tid`, `cid`, `wid` from `fb_article` where (`article_status` = '4') and `send_time` < '1515646682'
[2018-01-11 12:59:03] select SUM(share) as share, SUM(read_article) as read_article, SUM(inter_access) as inter_access, SUM(histexternal_accessry) as histexternal_accessry, SUM(views) as views, SUM(clicks) as clicks from `fb_article_log` where (`ctime` = '1515600000') limit 1
[2018-01-11 12:59:03] select `id` from `fb_operating` where (`ctime` = '1515600000') limit 1
[2018-01-11 12:59:03] update `fb_operating` set `share` = '', `read_article` = '', `inter_access` = '', `histexternal_accessry` = '', `views` = '', `clicks` = '', `click_rate` = '0', `share_rate` = '0', `guide_rate` = '0', `ctime` = '1515600000' where (`id` = '155289')
[2018-01-11 13:00:02] select `aid`, `tid`, `cid`, `wid` from `fb_article` where (`article_status` = '4') and `send_time` < '1515646802'
[2018-01-11 13:02:03] select `aid`, `tid`, `cid`, `wid` from `fb_article` where (`article_status` = '4') and `send_time` < '1515646923'
[2018-01-11 13:04:03] select `aid`, `tid`, `cid`, `wid` from `fb_article` where (`article_status` = '4') and `send_time` < '1515647043'
[2018-01-11 13:06:03] select `aid`, `tid`, `cid`, `wid` from `fb_article` where (`article_status` = '4') and `send_time` < '1515647162'
[2018-01-11 13:08:02] select `aid`, `tid`, `cid`, `wid` from `fb_article` where (`article_status` = '4') and `send_time` < '1515647282'
[2018-01-11 13:10:03] select `aid`, `tid`, `cid`, `wid` from `fb_article` where (`article_status` = '4') and `send_time` < '1515647403'
[2018-01-11 13:12:03] select `aid`, `tid`, `cid`, `wid` from `fb_article` where (`article_status` = '4') and `send_time` < '1515647523'
[2018-01-11 13:14:03] select `aid`, `tid`, `cid`, `wid` from `fb_article` where (`article_status` = '4') and `send_time` < '1515647642'
[2018-01-11 13:16:03] select `aid`, `tid`, `cid`, `wid` from `fb_article` where (`article_status` = '4') and `send_time` < '1515647763'
[2018-01-11 13:18:03] select `aid`, `tid`, `cid`, `wid` from `fb_article` where (`article_status` = '4') and `send_time` < '1515647883'
[2018-01-11 13:20:03] select `aid`, `tid`, `cid`, `wid` from `fb_article` where (`article_status` = '4') and `send_time` < '1515648003'
[2018-01-11 13:22:03] select `aid`, `tid`, `cid`, `wid` from `fb_article` where (`article_status` = '4') and `send_time` < '1515648122'
[2018-01-11 13:24:03] select `aid`, `tid`, `cid`, `wid` from `fb_article` where (`article_status` = '4') and `send_time` < '1515648243'
[2018-01-11 13:26:03] select `aid`, `tid`, `cid`, `wid` from `fb_article` where (`article_status` = '4') and `send_time` < '1515648363'
[2018-01-11 13:28:03] select `aid`, `tid`, `cid`, `wid` from `fb_article` where (`article_status` = '4') and `send_time` < '1515648483'
[2018-01-11 13:30:02] select `aid`, `tid`, `cid`, `wid` from `fb_article` where (`article_status` = '4') and `send_time` < '1515648602'
[2018-01-11 13:32:03] select `aid`, `tid`, `cid`, `wid` from `fb_article` where (`article_status` = '4') and `send_time` < '1515648723'
[2018-01-11 13:34:03] select `aid`, `tid`, `cid`, `wid` from `fb_article` where (`article_status` = '4') and `send_time` < '1515648843'
[2018-01-11 13:36:03] select `aid`, `tid`, `cid`, `wid` from `fb_article` where (`article_status` = '4') and `send_time` < '1515648962'
[2018-01-11 13:38:02] select `aid`, `tid`, `cid`, `wid` from `fb_article` where (`article_status` = '4') and `send_time` < '1515649082'
[2018-01-11 13:40:03] select `aid`, `tid`, `cid`, `wid` from `fb_article` where (`article_status` = '4') and `send_time` < '1515649203'
[2018-01-11 13:42:03] select `aid`, `tid`, `cid`, `wid` from `fb_article` where (`article_status` = '4') and `send_time` < '1515649323'
[2018-01-11 13:44:02] select `aid`, `tid`, `cid`, `wid` from `fb_article` where (`article_status` = '4') and `send_time` < '1515649442'
[2018-01-11 13:46:03] select `aid`, `tid`, `cid`, `wid` from `fb_article` where (`article_status` = '4') and `send_time` < '1515649563'
[2018-01-11 13:48:03] select `aid`, `tid`, `cid`, `wid` from `fb_article` where (`article_status` = '4') and `send_time` < '1515649683'
[2018-01-11 13:50:03] select `aid`, `tid`, `cid`, `wid` from `fb_article` where (`article_status` = '4') and `send_time` < '1515649803'
[2018-01-11 13:52:02] select `aid`, `tid`, `cid`, `wid` from `fb_article` where (`article_status` = '4') and `send_time` < '1515649922'
[2018-01-11 13:54:03] select `aid`, `tid`, `cid`, `wid` from `fb_article` where (`article_status` = '4') and `send_time` < '1515650043'
[2018-01-11 13:56:03] select `aid`, `tid`, `cid`, `wid` from `fb_article` where (`article_status` = '4') and `send_time` < '1515650163'
[2018-01-11 13:58:03] select `aid`, `tid`, `cid`, `wid` from `fb_article` where (`article_status` = '4') and `send_time` < '1515650283'
[2018-01-11 13:59:03] select SUM(share) as share, SUM(read_article) as read_article, SUM(inter_access) as inter_access, SUM(histexternal_accessry) as histexternal_accessry, SUM(views) as views, SUM(clicks) as clicks from `fb_article_log` where (`ctime` = '1515600000') limit 1
[2018-01-11 13:59:03] select `id` from `fb_operating` where (`ctime` = '1515600000') limit 1
[2018-01-11 13:59:03] update `fb_operating` set `share` = '', `read_article` = '', `inter_access` = '', `histexternal_accessry` = '', `views` = '', `clicks` = '', `click_rate` = '0', `share_rate` = '0', `guide_rate` = '0', `ctime` = '1515600000' where (`id` = '155289')
[2018-01-11 14:00:03] select `aid`, `tid`, `cid`, `wid` from `fb_article` where (`article_status` = '4') and `send_time` < '1515650403'
[2018-01-11 14:02:03] select `aid`, `tid`, `cid`, `wid` from `fb_article` where (`article_status` = '4') and `send_time` < '1515650523'
[2018-01-11 14:04:03] select `aid`, `tid`, `cid`, `wid` from `fb_article` where (`article_status` = '4') and `send_time` < '1515650643'
[2018-01-11 14:06:02] select `aid`, `tid`, `cid`, `wid` from `fb_article` where (`article_status` = '4') and `send_time` < '1515650762'
[2018-01-11 14:08:03] select `aid`, `tid`, `cid`, `wid` from `fb_article` where (`article_status` = '4') and `send_time` < '1515650883'
[2018-01-11 14:10:03] select `aid`, `tid`, `cid`, `wid` from `fb_article` where (`article_status` = '4') and `send_time` < '1515651003'
[2018-01-11 14:12:03] select `aid`, `tid`, `cid`, `wid` from `fb_article` where (`article_status` = '4') and `send_time` < '1515651123'
[2018-01-11 14:14:03] select `aid`, `tid`, `cid`, `wid` from `fb_article` where (`article_status` = '4') and `send_time` < '1515651242'
[2018-01-11 14:16:02] select `aid`, `tid`, `cid`, `wid` from `fb_article` where (`article_status` = '4') and `send_time` < '1515651362'
[2018-01-11 14:18:03] select `aid`, `tid`, `cid`, `wid` from `fb_article` where (`article_status` = '4') and `send_time` < '1515651483'
[2018-01-11 14:20:03] select `aid`, `tid`, `cid`, `wid` from `fb_article` where (`article_status` = '4') and `send_time` < '1515651603'
[2018-01-11 14:22:02] select `aid`, `tid`, `cid`, `wid` from `fb_article` where (`article_status` = '4') and `send_time` < '1515651722'
[2018-01-11 14:24:03] select `aid`, `tid`, `cid`, `wid` from `fb_article` where (`article_status` = '4') and `send_time` < '1515651843'
[2018-01-11 14:26:03] select `aid`, `tid`, `cid`, `wid` from `fb_article` where (`article_status` = '4') and `send_time` < '1515651963'
[2018-01-11 14:28:03] select `aid`, `tid`, `cid`, `wid` from `fb_article` where (`article_status` = '4') and `send_time` < '1515652083'
[2018-01-11 14:30:03] select `aid`, `tid`, `cid`, `wid` from `fb_article` where (`article_status` = '4') and `send_time` < '1515652203'
[2018-01-11 14:32:03] select `aid`, `tid`, `cid`, `wid` from `fb_article` where (`article_status` = '4') and `send_time` < '1515652323'
[2018-01-11 14:34:03] select `aid`, `tid`, `cid`, `wid` from `fb_article` where (`article_status` = '4') and `send_time` < '1515652443'
[2018-01-11 14:36:03] select `aid`, `tid`, `cid`, `wid` from `fb_article` where (`article_status` = '4') and `send_time` < '1515652562'
[2018-01-11 14:38:03] select `aid`, `tid`, `cid`, `wid` from `fb_article` where (`article_status` = '4') and `send_time` < '1515652683'
[2018-01-11 14:40:03] select `aid`, `tid`, `cid`, `wid` from `fb_article` where (`article_status` = '4') and `send_time` < '1515652803'
[2018-01-11 14:42:03] select `aid`, `tid`, `cid`, `wid` from `fb_article` where (`article_status` = '4') and `send_time` < '1515652923'
[2018-01-11 14:44:03] select `aid`, `tid`, `cid`, `wid` from `fb_article` where (`article_status` = '4') and `send_time` < '1515653043'
[2018-01-11 14:46:03] select `aid`, `tid`, `cid`, `wid` from `fb_article` where (`article_status` = '4') and `send_time` < '1515653162'
[2018-01-11 14:48:02] select `aid`, `tid`, `cid`, `wid` from `fb_article` where (`article_status` = '4') and `send_time` < '1515653282'
[2018-01-11 14:50:03] select `aid`, `tid`, `cid`, `wid` from `fb_article` where (`article_status` = '4') and `send_time` < '1515653403'
[2018-01-11 14:52:03] select `aid`, `tid`, `cid`, `wid` from `fb_article` where (`article_status` = '4') and `send_time` < '1515653523'
[2018-01-11 14:54:03] select `aid`, `tid`, `cid`, `wid` from `fb_article` where (`article_status` = '4') and `send_time` < '1515653643'
[2018-01-11 14:56:03] select `aid`, `tid`, `cid`, `wid` from `fb_article` where (`article_status` = '4') and `send_time` < '1515653762'
[2018-01-11 14:58:02] select `aid`, `tid`, `cid`, `wid` from `fb_article` where (`article_status` = '4') and `send_time` < '1515653882'
[2018-01-11 14:59:03] select SUM(share) as share, SUM(read_article) as read_article, SUM(inter_access) as inter_access, SUM(histexternal_accessry) as histexternal_accessry, SUM(views) as views, SUM(clicks) as clicks from `fb_article_log` where (`ctime` = '1515600000') limit 1
[2018-01-11 14:59:03] select `id` from `fb_operating` where (`ctime` = '1515600000') limit 1
[2018-01-11 14:59:03] update `fb_operating` set `share` = '', `read_article` = '', `inter_access` = '', `histexternal_accessry` = '', `views` = '', `clicks` = '', `click_rate` = '0', `share_rate` = '0', `guide_rate` = '0', `ctime` = '1515600000' where (`id` = '155289')
[2018-01-11 15:00:03] select `aid`, `tid`, `cid`, `wid` from `fb_article` where (`article_status` = '4') and `send_time` < '1515654003'
[2018-01-11 15:02:02] select `aid`, `tid`, `cid`, `wid` from `fb_article` where (`article_status` = '4') and `send_time` < '1515654122'
[2018-01-11 15:04:03] select `aid`, `tid`, `cid`, `wid` from `fb_article` where (`article_status` = '4') and `send_time` < '1515654243'
[2018-01-11 15:06:03] select `aid`, `tid`, `cid`, `wid` from `fb_article` where (`article_status` = '4') and `send_time` < '1515654363'
[2018-01-11 15:08:03] select `aid`, `tid`, `cid`, `wid` from `fb_article` where (`article_status` = '4') and `send_time` < '1515654483'
[2018-01-11 15:10:03] select `aid`, `tid`, `cid`, `wid` from `fb_article` where (`article_status` = '4') and `send_time` < '1515654602'
[2018-01-11 15:12:03] select `aid`, `tid`, `cid`, `wid` from `fb_article` where (`article_status` = '4') and `send_time` < '1515654723'
[2018-01-11 15:14:03] select `aid`, `tid`, `cid`, `wid` from `fb_article` where (`article_status` = '4') and `send_time` < '1515654843'
[2018-01-11 15:16:03] select `aid`, `tid`, `cid`, `wid` from `fb_article` where (`article_status` = '4') and `send_time` < '1515654963'
[2018-01-11 15:18:03] select `aid`, `tid`, `cid`, `wid` from `fb_article` where (`article_status` = '4') and `send_time` < '1515655083'
[2018-01-11 15:20:04] select `aid`, `tid`, `cid`, `wid` from `fb_article` where (`article_status` = '4') and `send_time` < '1515655203'
[2018-01-11 15:22:02] select `aid`, `tid`, `cid`, `wid` from `fb_article` where (`article_status` = '4') and `send_time` < '1515655322'
[2018-01-11 15:24:03] select `aid`, `tid`, `cid`, `wid` from `fb_article` where (`article_status` = '4') and `send_time` < '1515655443'
[2018-01-11 15:26:03] select `aid`, `tid`, `cid`, `wid` from `fb_article` where (`article_status` = '4') and `send_time` < '1515655563'
[2018-01-11 15:28:03] select `aid`, `tid`, `cid`, `wid` from `fb_article` where (`article_status` = '4') and `send_time` < '1515655683'
[2018-01-11 15:30:02] select `aid`, `tid`, `cid`, `wid` from `fb_article` where (`article_status` = '4') and `send_time` < '1515655802'
[2018-01-11 15:32:03] select `aid`, `tid`, `cid`, `wid` from `fb_article` where (`article_status` = '4') and `send_time` < '1515655923'
[2018-01-11 15:34:03] select `aid`, `tid`, `cid`, `wid` from `fb_article` where (`article_status` = '4') and `send_time` < '1515656043'
[2018-01-11 15:36:03] select `aid`, `tid`, `cid`, `wid` from `fb_article` where (`article_status` = '4') and `send_time` < '1515656163'
[2018-01-11 15:38:02] select `aid`, `tid`, `cid`, `wid` from `fb_article` where (`article_status` = '4') and `send_time` < '1515656282'
[2018-01-11 15:40:02] select `aid`, `tid`, `cid`, `wid` from `fb_article` where (`article_status` = '4') and `send_time` < '1515656402'
[2018-01-11 15:42:03] select `aid`, `tid`, `cid`, `wid` from `fb_article` where (`article_status` = '4') and `send_time` < '1515656523'
[2018-01-11 15:44:03] select `aid`, `tid`, `cid`, `wid` from `fb_article` where (`article_status` = '4') and `send_time` < '1515656643'
[2018-01-11 15:46:02] select `aid`, `tid`, `cid`, `wid` from `fb_article` where (`article_status` = '4') and `send_time` < '1515656762'
[2018-01-11 15:48:03] select `aid`, `tid`, `cid`, `wid` from `fb_article` where (`article_status` = '4') and `send_time` < '1515656883'
[2018-01-11 15:50:03] select `aid`, `tid`, `cid`, `wid` from `fb_article` where (`article_status` = '4') and `send_time` < '1515657003'
[2018-01-11 15:52:02] select `aid`, `tid`, `cid`, `wid` from `fb_article` where (`article_status` = '4') and `send_time` < '1515657122'
[2018-01-11 15:54:03] select `aid`, `tid`, `cid`, `wid` from `fb_article` where (`article_status` = '4') and `send_time` < '1515657243'
[2018-01-11 15:56:03] select `aid`, `tid`, `cid`, `wid` from `fb_article` where (`article_status` = '4') and `send_time` < '1515657363'
[2018-01-11 15:58:03] select `aid`, `tid`, `cid`, `wid` from `fb_article` where (`article_status` = '4') and `send_time` < '1515657482'
[2018-01-11 15:59:02] select SUM(share) as share, SUM(read_article) as read_article, SUM(inter_access) as inter_access, SUM(histexternal_accessry) as histexternal_accessry, SUM(views) as views, SUM(clicks) as clicks from `fb_article_log` where (`ctime` = '1515600000') limit 1
[2018-01-11 15:59:02] select `id` from `fb_operating` where (`ctime` = '1515600000') limit 1
[2018-01-11 15:59:02] update `fb_operating` set `share` = '', `read_article` = '', `inter_access` = '', `histexternal_accessry` = '', `views` = '', `clicks` = '', `click_rate` = '0', `share_rate` = '0', `guide_rate` = '0', `ctime` = '1515600000' where (`id` = '155289')
[2018-01-11 16:00:03] select `aid`, `tid`, `cid`, `wid` from `fb_article` where (`article_status` = '4') and `send_time` < '1515657602'
[2018-01-11 16:02:02] select `aid`, `tid`, `cid`, `wid` from `fb_article` where (`article_status` = '4') and `send_time` < '1515657722'
[2018-01-11 16:04:03] select `aid`, `tid`, `cid`, `wid` from `fb_article` where (`article_status` = '4') and `send_time` < '1515657843'
[2018-01-11 16:06:03] select `aid`, `tid`, `cid`, `wid` from `fb_article` where (`article_status` = '4') and `send_time` < '1515657963'
[2018-01-11 16:08:03] select `aid`, `tid`, `cid`, `wid` from `fb_article` where (`article_status` = '4') and `send_time` < '1515658082'
[2018-01-11 16:10:03] select `aid`, `tid`, `cid`, `wid` from `fb_article` where (`article_status` = '4') and `send_time` < '1515658203'
[2018-01-11 16:12:03] select `aid`, `tid`, `cid`, `wid` from `fb_article` where (`article_status` = '4') and `send_time` < '1515658323'
[2018-01-11 16:14:03] select `aid`, `tid`, `cid`, `wid` from `fb_article` where (`article_status` = '4') and `send_time` < '1515658443'
[2018-01-11 16:16:03] select `aid`, `tid`, `cid`, `wid` from `fb_article` where (`article_status` = '4') and `send_time` < '1515658563'
[2018-01-11 16:18:03] select `aid`, `tid`, `cid`, `wid` from `fb_article` where (`article_status` = '4') and `send_time` < '1515658683'
[2018-01-11 16:20:03] select `aid`, `tid`, `cid`, `wid` from `fb_article` where (`article_status` = '4') and `send_time` < '1515658803'
[2018-01-11 16:22:02] select `aid`, `tid`, `cid`, `wid` from `fb_article` where (`article_status` = '4') and `send_time` < '1515658922'
[2018-01-11 16:24:03] select `aid`, `tid`, `cid`, `wid` from `fb_article` where (`article_status` = '4') and `send_time` < '1515659043'
[2018-01-11 16:26:03] select `aid`, `tid`, `cid`, `wid` from `fb_article` where (`article_status` = '4') and `send_time` < '1515659163'
[2018-01-11 16:28:03] select `aid`, `tid`, `cid`, `wid` from `fb_article` where (`article_status` = '4') and `send_time` < '1515659283'
[2018-01-11 16:30:03] select `aid`, `tid`, `cid`, `wid` from `fb_article` where (`article_status` = '4') and `send_time` < '1515659402'
[2018-01-11 16:32:03] select `aid`, `tid`, `cid`, `wid` from `fb_article` where (`article_status` = '4') and `send_time` < '1515659523'
[2018-01-11 16:34:03] select `aid`, `tid`, `cid`, `wid` from `fb_article` where (`article_status` = '4') and `send_time` < '1515659643'
[2018-01-11 16:36:03] select `aid`, `tid`, `cid`, `wid` from `fb_article` where (`article_status` = '4') and `send_time` < '1515659763'
[2018-01-11 16:38:02] select `aid`, `tid`, `cid`, `wid` from `fb_article` where (`article_status` = '4') and `send_time` < '1515659882'
[2018-01-11 16:40:03] select `aid`, `tid`, `cid`, `wid` from `fb_article` where (`article_status` = '4') and `send_time` < '1515660003'
[2018-01-11 16:42:03] select `aid`, `tid`, `cid`, `wid` from `fb_article` where (`article_status` = '4') and `send_time` < '1515660123'
[2018-01-11 16:44:03] select `aid`, `tid`, `cid`, `wid` from `fb_article` where (`article_status` = '4') and `send_time` < '1515660242'
[2018-01-11 16:46:03] select `aid`, `tid`, `cid`, `wid` from `fb_article` where (`article_status` = '4') and `send_time` < '1515660363'
[2018-01-11 16:48:03] select `aid`, `tid`, `cid`, `wid` from `fb_article` where (`article_status` = '4') and `send_time` < '1515660483'
[2018-01-11 16:50:03] select `aid`, `tid`, `cid`, `wid` from `fb_article` where (`article_status` = '4') and `send_time` < '1515660603'
[2018-01-11 16:52:03] select `aid`, `tid`, `cid`, `wid` from `fb_article` where (`article_status` = '4') and `send_time` < '1515660723'
[2018-01-11 16:54:03] select `aid`, `tid`, `cid`, `wid` from `fb_article` where (`article_status` = '4') and `send_time` < '1515660842'
[2018-01-11 16:56:03] select `aid`, `tid`, `cid`, `wid` from `fb_article` where (`article_status` = '4') and `send_time` < '1515660963'
[2018-01-11 16:58:03] select `aid`, `tid`, `cid`, `wid` from `fb_article` where (`article_status` = '4') and `send_time` < '1515661083'
[2018-01-11 16:59:03] select SUM(share) as share, SUM(read_article) as read_article, SUM(inter_access) as inter_access, SUM(histexternal_accessry) as histexternal_accessry, SUM(views) as views, SUM(clicks) as clicks from `fb_article_log` where (`ctime` = '1515600000') limit 1
[2018-01-11 16:59:03] select `id` from `fb_operating` where (`ctime` = '1515600000') limit 1
[2018-01-11 16:59:03] update `fb_operating` set `share` = '', `read_article` = '', `inter_access` = '', `histexternal_accessry` = '', `views` = '', `clicks` = '', `click_rate` = '0', `share_rate` = '0', `guide_rate` = '0', `ctime` = '1515600000' where (`id` = '155289')
[2018-01-11 17:00:03] select `aid`, `tid`, `cid`, `wid` from `fb_article` where (`article_status` = '4') and `send_time` < '1515661203'
[2018-01-11 17:02:03] select `aid`, `tid`, `cid`, `wid` from `fb_article` where (`article_status` = '4') and `send_time` < '1515661322'
[2018-01-11 17:04:02] select `aid`, `tid`, `cid`, `wid` from `fb_article` where (`article_status` = '4') and `send_time` < '1515661442'
[2018-01-11 17:06:03] select `aid`, `tid`, `cid`, `wid` from `fb_article` where (`article_status` = '4') and `send_time` < '1515661563'
[2018-01-11 17:08:03] select `aid`, `tid`, `cid`, `wid` from `fb_article` where (`article_status` = '4') and `send_time` < '1515661683'
[2018-01-11 17:10:03] select `aid`, `tid`, `cid`, `wid` from `fb_article` where (`article_status` = '4') and `send_time` < '1515661803'
[2018-01-11 17:12:03] select `aid`, `tid`, `cid`, `wid` from `fb_article` where (`article_status` = '4') and `send_time` < '1515661923'
[2018-01-11 17:14:02] select `aid`, `tid`, `cid`, `wid` from `fb_article` where (`article_status` = '4') and `send_time` < '1515662042'
[2018-01-11 17:16:03] select `aid`, `tid`, `cid`, `wid` from `fb_article` where (`article_status` = '4') and `send_time` < '1515662163'
[2018-01-11 17:18:03] select `aid`, `tid`, `cid`, `wid` from `fb_article` where (`article_status` = '4') and `send_time` < '1515662283'
[2018-01-11 17:20:03] select `aid`, `tid`, `cid`, `wid` from `fb_article` where (`article_status` = '4') and `send_time` < '1515662403'
[2018-01-11 17:22:03] select `aid`, `tid`, `cid`, `wid` from `fb_article` where (`article_status` = '4') and `send_time` < '1515662523'
[2018-01-11 17:24:03] select `aid`, `tid`, `cid`, `wid` from `fb_article` where (`article_status` = '4') and `send_time` < '1515662643'
[2018-01-11 17:26:03] select `aid`, `tid`, `cid`, `wid` from `fb_article` where (`article_status` = '4') and `send_time` < '1515662763'
[2018-01-11 17:28:03] select `aid`, `tid`, `cid`, `wid` from `fb_article` where (`article_status` = '4') and `send_time` < '1515662882'
[2018-01-11 17:30:03] select `aid`, `tid`, `cid`, `wid` from `fb_article` where (`article_status` = '4') and `send_time` < '1515663003'
[2018-01-11 17:32:03] select `aid`, `tid`, `cid`, `wid` from `fb_article` where (`article_status` = '4') and `send_time` < '1515663122'
[2018-01-11 17:34:03] select `aid`, `tid`, `cid`, `wid` from `fb_article` where (`article_status` = '4') and `send_time` < '1515663243'
[2018-01-11 17:36:03] select `aid`, `tid`, `cid`, `wid` from `fb_article` where (`article_status` = '4') and `send_time` < '1515663363'
[2018-01-11 17:38:03] select `aid`, `tid`, `cid`, `wid` from `fb_article` where (`article_status` = '4') and `send_time` < '1515663483'
[2018-01-11 17:40:02] select `aid`, `tid`, `cid`, `wid` from `fb_article` where (`article_status` = '4') and `send_time` < '1515663602'
[2018-01-11 17:42:03] select `aid`, `tid`, `cid`, `wid` from `fb_article` where (`article_status` = '4') and `send_time` < '1515663723'
[2018-01-11 17:44:03] select `aid`, `tid`, `cid`, `wid` from `fb_article` where (`article_status` = '4') and `send_time` < '1515663843'
[2018-01-11 17:46:03] select `aid`, `tid`, `cid`, `wid` from `fb_article` where (`article_status` = '4') and `send_time` < '1515663963'
[2018-01-11 17:48:03] select `aid`, `tid`, `cid`, `wid` from `fb_article` where (`article_status` = '4') and `send_time` < '1515664082'
[2018-01-11 17:50:03] select `aid`, `tid`, `cid`, `wid` from `fb_article` where (`article_status` = '4') and `send_time` < '1515664203'
[2018-01-11 17:52:03] select `aid`, `tid`, `cid`, `wid` from `fb_article` where (`article_status` = '4') and `send_time` < '1515664323'
[2018-01-11 17:54:03] select `aid`, `tid`, `cid`, `wid` from `fb_article` where (`article_status` = '4') and `send_time` < '1515664443'
[2018-01-11 17:56:03] select `aid`, `tid`, `cid`, `wid` from `fb_article` where (`article_status` = '4') and `send_time` < '1515664563'
[2018-01-11 17:58:03] select `aid`, `tid`, `cid`, `wid` from `fb_article` where (`article_status` = '4') and `send_time` < '1515664683'
[2018-01-11 17:59:03] select SUM(share) as share, SUM(read_article) as read_article, SUM(inter_access) as inter_access, SUM(histexternal_accessry) as histexternal_accessry, SUM(views) as views, SUM(clicks) as clicks from `fb_article_log` where (`ctime` = '1515600000') limit 1
[2018-01-11 17:59:03] select `id` from `fb_operating` where (`ctime` = '1515600000') limit 1
[2018-01-11 17:59:03] update `fb_operating` set `share` = '', `read_article` = '', `inter_access` = '', `histexternal_accessry` = '', `views` = '', `clicks` = '', `click_rate` = '0', `share_rate` = '0', `guide_rate` = '0', `ctime` = '1515600000' where (`id` = '155289')
[2018-01-11 18:00:03] select `aid`, `tid`, `cid`, `wid` from `fb_article` where (`article_status` = '4') and `send_time` < '1515664803'
[2018-01-11 18:02:03] select `aid`, `tid`, `cid`, `wid` from `fb_article` where (`article_status` = '4') and `send_time` < '1515664923'
[2018-01-11 18:04:03] select `aid`, `tid`, `cid`, `wid` from `fb_article` where (`article_status` = '4') and `send_time` < '1515665043'
[2018-01-11 18:06:02] select `aid`, `tid`, `cid`, `wid` from `fb_article` where (`article_status` = '4') and `send_time` < '1515665162'
[2018-01-11 18:08:03] select `aid`, `tid`, `cid`, `wid` from `fb_article` where (`article_status` = '4') and `send_time` < '1515665283'
[2018-01-11 18:10:03] select `aid`, `tid`, `cid`, `wid` from `fb_article` where (`article_status` = '4') and `send_time` < '1515665403'
[2018-01-11 18:12:03] select `aid`, `tid`, `cid`, `wid` from `fb_article` where (`article_status` = '4') and `send_time` < '1515665523'
[2018-01-11 18:14:02] select `aid`, `tid`, `cid`, `wid` from `fb_article` where (`article_status` = '4') and `send_time` < '1515665642'
[2018-01-11 18:16:03] select `aid`, `tid`, `cid`, `wid` from `fb_article` where (`article_status` = '4') and `send_time` < '1515665763'
[2018-01-11 18:18:03] select `aid`, `tid`, `cid`, `wid` from `fb_article` where (`article_status` = '4') and `send_time` < '1515665883'
[2018-01-11 18:20:03] select `aid`, `tid`, `cid`, `wid` from `fb_article` where (`article_status` = '4') and `send_time` < '1515666003'
[2018-01-11 18:22:03] select `aid`, `tid`, `cid`, `wid` from `fb_article` where (`article_status` = '4') and `send_time` < '1515666122'
[2018-01-11 18:24:02] select `aid`, `tid`, `cid`, `wid` from `fb_article` where (`article_status` = '4') and `send_time` < '1515666242'
[2018-01-11 18:26:03] select `aid`, `tid`, `cid`, `wid` from `fb_article` where (`article_status` = '4') and `send_time` < '1515666363'
[2018-01-11 18:28:03] select `aid`, `tid`, `cid`, `wid` from `fb_article` where (`article_status` = '4') and `send_time` < '1515666483'
[2018-01-11 18:30:03] select `aid`, `tid`, `cid`, `wid` from `fb_article` where (`article_status` = '4') and `send_time` < '1515666603'
[2018-01-11 18:32:03] select `aid`, `tid`, `cid`, `wid` from `fb_article` where (`article_status` = '4') and `send_time` < '1515666723'
[2018-01-11 18:34:02] select `aid`, `tid`, `cid`, `wid` from `fb_article` where (`article_status` = '4') and `send_time` < '1515666842'
[2018-01-11 18:36:03] select `aid`, `tid`, `cid`, `wid` from `fb_article` where (`article_status` = '4') and `send_time` < '1515666963'
[2018-01-11 18:38:03] select `aid`, `tid`, `cid`, `wid` from `fb_article` where (`article_status` = '4') and `send_time` < '1515667083'
[2018-01-11 18:40:03] select `aid`, `tid`, `cid`, `wid` from `fb_article` where (`article_status` = '4') and `send_time` < '1515667203'
[2018-01-11 18:42:03] select `aid`, `tid`, `cid`, `wid` from `fb_article` where (`article_status` = '4') and `send_time` < '1515667323'
[2018-01-11 18:44:03] select `aid`, `tid`, `cid`, `wid` from `fb_article` where (`article_status` = '4') and `send_time` < '1515667443'
[2018-01-11 18:46:03] select `aid`, `tid`, `cid`, `wid` from `fb_article` where (`article_status` = '4') and `send_time` < '1515667563'
[2018-01-11 18:48:03] select `aid`, `tid`, `cid`, `wid` from `fb_article` where (`article_status` = '4') and `send_time` < '1515667683'
[2018-01-11 18:50:02] select `aid`, `tid`, `cid`, `wid` from `fb_article` where (`article_status` = '4') and `send_time` < '1515667802'
[2018-01-11 18:52:03] select `aid`, `tid`, `cid`, `wid` from `fb_article` where (`article_status` = '4') and `send_time` < '1515667923'
[2018-01-11 18:54:03] select `aid`, `tid`, `cid`, `wid` from `fb_article` where (`article_status` = '4') and `send_time` < '1515668043'
[2018-01-11 18:56:03] select `aid`, `tid`, `cid`, `wid` from `fb_article` where (`article_status` = '4') and `send_time` < '1515668162'
[2018-01-11 18:58:03] select `aid`, `tid`, `cid`, `wid` from `fb_article` where (`article_status` = '4') and `send_time` < '1515668283'
[2018-01-11 18:59:03] select SUM(share) as share, SUM(read_article) as read_article, SUM(inter_access) as inter_access, SUM(histexternal_accessry) as histexternal_accessry, SUM(views) as views, SUM(clicks) as clicks from `fb_article_log` where (`ctime` = '1515600000') limit 1
[2018-01-11 18:59:03] select `id` from `fb_operating` where (`ctime` = '1515600000') limit 1
[2018-01-11 18:59:03] update `fb_operating` set `share` = '', `read_article` = '', `inter_access` = '', `histexternal_accessry` = '', `views` = '', `clicks` = '', `click_rate` = '0', `share_rate` = '0', `guide_rate` = '0', `ctime` = '1515600000' where (`id` = '155289')
[2018-01-11 19:00:03] select `aid`, `tid`, `cid`, `wid` from `fb_article` where (`article_status` = '4') and `send_time` < '1515668402'
[2018-01-11 19:02:03] select `aid`, `tid`, `cid`, `wid` from `fb_article` where (`article_status` = '4') and `send_time` < '1515668523'
