[2018-01-10 09:22:05] select `aid`, `tid`, `cid`, `wid` from `fb_article` where (`article_status` = '4') and `send_time` < '1515547325'
[2018-01-10 09:24:03] select `aid`, `tid`, `cid`, `wid` from `fb_article` where (`article_status` = '4') and `send_time` < '1515547443'
[2018-01-10 09:26:03] select `aid`, `tid`, `cid`, `wid` from `fb_article` where (`article_status` = '4') and `send_time` < '1515547563'
[2018-01-10 09:28:03] select `aid`, `tid`, `cid`, `wid` from `fb_article` where (`article_status` = '4') and `send_time` < '1515547683'
[2018-01-10 09:30:02] select `aid`, `tid`, `cid`, `wid` from `fb_article` where (`article_status` = '4') and `send_time` < '1515547802'
[2018-01-10 09:32:04] select `aid`, `tid`, `cid`, `wid` from `fb_article` where (`article_status` = '4') and `send_time` < '1515547923'
[2018-01-10 09:34:02] select `aid`, `tid`, `cid`, `wid` from `fb_article` where (`article_status` = '4') and `send_time` < '1515548042'
[2018-01-10 09:36:03] select `aid`, `tid`, `cid`, `wid` from `fb_article` where (`article_status` = '4') and `send_time` < '1515548163'
[2018-01-10 09:38:03] select `aid`, `tid`, `cid`, `wid` from `fb_article` where (`article_status` = '4') and `send_time` < '1515548283'
[2018-01-10 09:40:03] select `aid`, `tid`, `cid`, `wid` from `fb_article` where (`article_status` = '4') and `send_time` < '1515548403'
[2018-01-10 09:42:02] select `aid`, `tid`, `cid`, `wid` from `fb_article` where (`article_status` = '4') and `send_time` < '1515548522'
[2018-01-10 09:44:03] select `aid`, `tid`, `cid`, `wid` from `fb_article` where (`article_status` = '4') and `send_time` < '1515548643'
[2018-01-10 09:46:03] select `aid`, `tid`, `cid`, `wid` from `fb_article` where (`article_status` = '4') and `send_time` < '1515548763'
[2018-01-10 09:48:03] select `aid`, `tid`, `cid`, `wid` from `fb_article` where (`article_status` = '4') and `send_time` < '1515548883'
[2018-01-10 09:50:03] select `aid`, `tid`, `cid`, `wid` from `fb_article` where (`article_status` = '4') and `send_time` < '1515549002'
[2018-01-10 09:52:02] select `aid`, `tid`, `cid`, `wid` from `fb_article` where (`article_status` = '4') and `send_time` < '1515549122'
[2018-01-10 09:54:03] select `aid`, `tid`, `cid`, `wid` from `fb_article` where (`article_status` = '4') and `send_time` < '1515549243'
[2018-01-10 09:56:03] select `aid`, `tid`, `cid`, `wid` from `fb_article` where (`article_status` = '4') and `send_time` < '1515549363'
[2018-01-10 09:58:03] select `aid`, `tid`, `cid`, `wid` from `fb_article` where (`article_status` = '4') and `send_time` < '1515549483'
[2018-01-10 09:59:02] select SUM(share) as share, SUM(read_article) as read_article, SUM(inter_access) as inter_access, SUM(histexternal_accessry) as histexternal_accessry, SUM(views) as views, SUM(clicks) as clicks from `fb_article_log` where (`ctime` = '1515513600') limit 1
[2018-01-10 09:59:02] select `id` from `fb_operating` where (`ctime` = '1515513600') limit 1
[2018-01-10 09:59:02] insert into `fb_operating` (`share`, `read_article`, `inter_access`, `histexternal_accessry`, `views`, `clicks`, `click_rate`, `share_rate`, `guide_rate`, `ctime`) values ('', '', '', '', '', '', '0', '0', '0', '1515513600')
[2018-01-10 10:00:03] select `aid`, `tid`, `cid`, `wid` from `fb_article` where (`article_status` = '4') and `send_time` < '1515549603'
[2018-01-10 10:02:02] select `aid`, `tid`, `cid`, `wid` from `fb_article` where (`article_status` = '4') and `send_time` < '1515549722'
[2018-01-10 10:04:02] select `aid`, `tid`, `cid`, `wid` from `fb_article` where (`article_status` = '4') and `send_time` < '1515549842'
[2018-01-10 10:06:03] select `aid`, `tid`, `cid`, `wid` from `fb_article` where (`article_status` = '4') and `send_time` < '1515549963'
[2018-01-10 10:08:03] select `aid`, `tid`, `cid`, `wid` from `fb_article` where (`article_status` = '4') and `send_time` < '1515550083'
[2018-01-10 10:10:02] select `aid`, `tid`, `cid`, `wid` from `fb_article` where (`article_status` = '4') and `send_time` < '1515550202'
[2018-01-10 10:12:03] select `aid`, `tid`, `cid`, `wid` from `fb_article` where (`article_status` = '4') and `send_time` < '1515550323'
[2018-01-10 10:14:03] select `aid`, `tid`, `cid`, `wid` from `fb_article` where (`article_status` = '4') and `send_time` < '1515550443'
[2018-01-10 10:16:02] select `aid`, `tid`, `cid`, `wid` from `fb_article` where (`article_status` = '4') and `send_time` < '1515550562'
[2018-01-10 10:18:03] select `aid`, `tid`, `cid`, `wid` from `fb_article` where (`article_status` = '4') and `send_time` < '1515550683'
[2018-01-10 10:20:03] select `aid`, `tid`, `cid`, `wid` from `fb_article` where (`article_status` = '4') and `send_time` < '1515550803'
[2018-01-10 10:22:03] select `aid`, `tid`, `cid`, `wid` from `fb_article` where (`article_status` = '4') and `send_time` < '1515550923'
[2018-01-10 10:24:02] select `aid`, `tid`, `cid`, `wid` from `fb_article` where (`article_status` = '4') and `send_time` < '1515551042'
[2018-01-10 10:26:03] select `aid`, `tid`, `cid`, `wid` from `fb_article` where (`article_status` = '4') and `send_time` < '1515551163'
[2018-01-10 10:28:03] select `aid`, `tid`, `cid`, `wid` from `fb_article` where (`article_status` = '4') and `send_time` < '1515551283'
[2018-01-10 10:30:02] select `aid`, `tid`, `cid`, `wid` from `fb_article` where (`article_status` = '4') and `send_time` < '1515551402'
[2018-01-10 10:32:03] select `aid`, `tid`, `cid`, `wid` from `fb_article` where (`article_status` = '4') and `send_time` < '1515551523'
[2018-01-10 10:34:02] select `aid`, `tid`, `cid`, `wid` from `fb_article` where (`article_status` = '4') and `send_time` < '1515551642'
[2018-01-10 10:36:03] select `aid`, `tid`, `cid`, `wid` from `fb_article` where (`article_status` = '4') and `send_time` < '1515551763'
[2018-01-10 10:38:03] select `aid`, `tid`, `cid`, `wid` from `fb_article` where (`article_status` = '4') and `send_time` < '1515551883'
[2018-01-10 10:40:02] select `aid`, `tid`, `cid`, `wid` from `fb_article` where (`article_status` = '4') and `send_time` < '1515552002'
[2018-01-10 10:42:03] select `aid`, `tid`, `cid`, `wid` from `fb_article` where (`article_status` = '4') and `send_time` < '1515552123'
[2018-01-10 10:44:03] select `aid`, `tid`, `cid`, `wid` from `fb_article` where (`article_status` = '4') and `send_time` < '1515552243'
[2018-01-10 10:46:02] select `aid`, `tid`, `cid`, `wid` from `fb_article` where (`article_status` = '4') and `send_time` < '1515552362'
[2018-01-10 10:48:03] select `aid`, `tid`, `cid`, `wid` from `fb_article` where (`article_status` = '4') and `send_time` < '1515552483'
[2018-01-10 10:50:03] select `aid`, `tid`, `cid`, `wid` from `fb_article` where (`article_status` = '4') and `send_time` < '1515552603'
[2018-01-10 10:52:02] select `aid`, `tid`, `cid`, `wid` from `fb_article` where (`article_status` = '4') and `send_time` < '1515552722'
[2018-01-10 10:54:03] select `aid`, `tid`, `cid`, `wid` from `fb_article` where (`article_status` = '4') and `send_time` < '1515552843'
[2018-01-10 10:56:03] select `aid`, `tid`, `cid`, `wid` from `fb_article` where (`article_status` = '4') and `send_time` < '1515552963'
[2018-01-10 10:58:03] select `aid`, `tid`, `cid`, `wid` from `fb_article` where (`article_status` = '4') and `send_time` < '1515553083'
[2018-01-10 10:59:03] select SUM(share) as share, SUM(read_article) as read_article, SUM(inter_access) as inter_access, SUM(histexternal_accessry) as histexternal_accessry, SUM(views) as views, SUM(clicks) as clicks from `fb_article_log` where (`ctime` = '1515513600') limit 1
[2018-01-10 10:59:03] select `id` from `fb_operating` where (`ctime` = '1515513600') limit 1
[2018-01-10 10:59:03] update `fb_operating` set `share` = '', `read_article` = '', `inter_access` = '', `histexternal_accessry` = '', `views` = '', `clicks` = '', `click_rate` = '0', `share_rate` = '0', `guide_rate` = '0', `ctime` = '1515513600' where (`id` = '155288')
[2018-01-10 11:00:02] select `aid`, `tid`, `cid`, `wid` from `fb_article` where (`article_status` = '4') and `send_time` < '1515553202'
[2018-01-10 11:02:03] select `aid`, `tid`, `cid`, `wid` from `fb_article` where (`article_status` = '4') and `send_time` < '1515553323'
[2018-01-10 11:04:03] select `aid`, `tid`, `cid`, `wid` from `fb_article` where (`article_status` = '4') and `send_time` < '1515553443'
[2018-01-10 11:06:03] select `aid`, `tid`, `cid`, `wid` from `fb_article` where (`article_status` = '4') and `send_time` < '1515553563'
[2018-01-10 11:08:02] select `aid`, `tid`, `cid`, `wid` from `fb_article` where (`article_status` = '4') and `send_time` < '1515553682'
[2018-01-10 11:10:03] select `aid`, `tid`, `cid`, `wid` from `fb_article` where (`article_status` = '4') and `send_time` < '1515553803'
[2018-01-10 11:12:03] select `aid`, `tid`, `cid`, `wid` from `fb_article` where (`article_status` = '4') and `send_time` < '1515553923'
[2018-01-10 11:14:02] select `aid`, `tid`, `cid`, `wid` from `fb_article` where (`article_status` = '4') and `send_time` < '1515554042'
[2018-01-10 11:16:03] select `aid`, `tid`, `cid`, `wid` from `fb_article` where (`article_status` = '4') and `send_time` < '1515554163'
[2018-01-10 11:18:03] select `aid`, `tid`, `cid`, `wid` from `fb_article` where (`article_status` = '4') and `send_time` < '1515554283'
[2018-01-10 11:20:03] select `aid`, `tid`, `cid`, `wid` from `fb_article` where (`article_status` = '4') and `send_time` < '1515554403'
[2018-01-10 11:22:02] select `aid`, `tid`, `cid`, `wid` from `fb_article` where (`article_status` = '4') and `send_time` < '1515554522'
[2018-01-10 11:24:03] select `aid`, `tid`, `cid`, `wid` from `fb_article` where (`article_status` = '4') and `send_time` < '1515554643'
[2018-01-10 11:26:03] select `aid`, `tid`, `cid`, `wid` from `fb_article` where (`article_status` = '4') and `send_time` < '1515554763'
[2018-01-10 11:28:02] select `aid`, `tid`, `cid`, `wid` from `fb_article` where (`article_status` = '4') and `send_time` < '1515554882'
[2018-01-10 11:30:03] select `aid`, `tid`, `cid`, `wid` from `fb_article` where (`article_status` = '4') and `send_time` < '1515555003'
[2018-01-10 11:32:03] select `aid`, `tid`, `cid`, `wid` from `fb_article` where (`article_status` = '4') and `send_time` < '1515555122'
[2018-01-10 11:34:03] select `aid`, `tid`, `cid`, `wid` from `fb_article` where (`article_status` = '4') and `send_time` < '1515555243'
[2018-01-10 11:36:03] select `aid`, `tid`, `cid`, `wid` from `fb_article` where (`article_status` = '4') and `send_time` < '1515555363'
[2018-01-10 11:38:03] select `aid`, `tid`, `cid`, `wid` from `fb_article` where (`article_status` = '4') and `send_time` < '1515555483'
[2018-01-10 11:40:02] select `aid`, `tid`, `cid`, `wid` from `fb_article` where (`article_status` = '4') and `send_time` < '1515555602'
[2018-01-10 11:42:03] select `aid`, `tid`, `cid`, `wid` from `fb_article` where (`article_status` = '4') and `send_time` < '1515555723'
[2018-01-10 11:44:03] select `aid`, `tid`, `cid`, `wid` from `fb_article` where (`article_status` = '4') and `send_time` < '1515555843'
[2018-01-10 11:46:03] select `aid`, `tid`, `cid`, `wid` from `fb_article` where (`article_status` = '4') and `send_time` < '1515555962'
[2018-01-10 11:48:03] select `aid`, `tid`, `cid`, `wid` from `fb_article` where (`article_status` = '4') and `send_time` < '1515556083'
[2018-01-10 11:50:03] select `aid`, `tid`, `cid`, `wid` from `fb_article` where (`article_status` = '4') and `send_time` < '1515556203'
[2018-01-10 11:52:03] select `aid`, `tid`, `cid`, `wid` from `fb_article` where (`article_status` = '4') and `send_time` < '1515556323'
[2018-01-10 11:54:03] select `aid`, `tid`, `cid`, `wid` from `fb_article` where (`article_status` = '4') and `send_time` < '1515556443'
[2018-01-10 11:56:03] select `aid`, `tid`, `cid`, `wid` from `fb_article` where (`article_status` = '4') and `send_time` < '1515556563'
[2018-01-10 11:58:03] select `aid`, `tid`, `cid`, `wid` from `fb_article` where (`article_status` = '4') and `send_time` < '1515556683'
[2018-01-10 11:59:02] select SUM(share) as share, SUM(read_article) as read_article, SUM(inter_access) as inter_access, SUM(histexternal_accessry) as histexternal_accessry, SUM(views) as views, SUM(clicks) as clicks from `fb_article_log` where (`ctime` = '1515513600') limit 1
[2018-01-10 11:59:02] select `id` from `fb_operating` where (`ctime` = '1515513600') limit 1
[2018-01-10 11:59:02] update `fb_operating` set `share` = '', `read_article` = '', `inter_access` = '', `histexternal_accessry` = '', `views` = '', `clicks` = '', `click_rate` = '0', `share_rate` = '0', `guide_rate` = '0', `ctime` = '1515513600' where (`id` = '155288')
[2018-01-10 12:00:03] select `aid`, `tid`, `cid`, `wid` from `fb_article` where (`article_status` = '4') and `send_time` < '1515556802'
[2018-01-10 12:02:02] select `aid`, `tid`, `cid`, `wid` from `fb_article` where (`article_status` = '4') and `send_time` < '1515556922'
[2018-01-10 12:04:03] select `aid`, `tid`, `cid`, `wid` from `fb_article` where (`article_status` = '4') and `send_time` < '1515557043'
[2018-01-10 12:06:03] select `aid`, `tid`, `cid`, `wid` from `fb_article` where (`article_status` = '4') and `send_time` < '1515557163'
[2018-01-10 12:08:03] select `aid`, `tid`, `cid`, `wid` from `fb_article` where (`article_status` = '4') and `send_time` < '1515557283'
[2018-01-10 12:10:02] select `aid`, `tid`, `cid`, `wid` from `fb_article` where (`article_status` = '4') and `send_time` < '1515557402'
[2018-01-10 12:12:03] select `aid`, `tid`, `cid`, `wid` from `fb_article` where (`article_status` = '4') and `send_time` < '1515557523'
[2018-01-10 12:14:03] select `aid`, `tid`, `cid`, `wid` from `fb_article` where (`article_status` = '4') and `send_time` < '1515557643'
[2018-01-10 12:16:02] select `aid`, `tid`, `cid`, `wid` from `fb_article` where (`article_status` = '4') and `send_time` < '1515557762'
[2018-01-10 12:18:03] select `aid`, `tid`, `cid`, `wid` from `fb_article` where (`article_status` = '4') and `send_time` < '1515557883'
[2018-01-10 12:20:03] select `aid`, `tid`, `cid`, `wid` from `fb_article` where (`article_status` = '4') and `send_time` < '1515558003'
[2018-01-10 12:22:02] select `aid`, `tid`, `cid`, `wid` from `fb_article` where (`article_status` = '4') and `send_time` < '1515558122'
[2018-01-10 12:24:03] select `aid`, `tid`, `cid`, `wid` from `fb_article` where (`article_status` = '4') and `send_time` < '1515558243'
[2018-01-10 12:26:03] select `aid`, `tid`, `cid`, `wid` from `fb_article` where (`article_status` = '4') and `send_time` < '1515558363'
[2018-01-10 12:28:02] select `aid`, `tid`, `cid`, `wid` from `fb_article` where (`article_status` = '4') and `send_time` < '1515558482'
[2018-01-10 12:30:03] select `aid`, `tid`, `cid`, `wid` from `fb_article` where (`article_status` = '4') and `send_time` < '1515558603'
[2018-01-10 12:32:03] select `aid`, `tid`, `cid`, `wid` from `fb_article` where (`article_status` = '4') and `send_time` < '1515558723'
[2018-01-10 12:34:03] select `aid`, `tid`, `cid`, `wid` from `fb_article` where (`article_status` = '4') and `send_time` < '1515558842'
[2018-01-10 12:36:03] select `aid`, `tid`, `cid`, `wid` from `fb_article` where (`article_status` = '4') and `send_time` < '1515558963'
[2018-01-10 12:38:03] select `aid`, `tid`, `cid`, `wid` from `fb_article` where (`article_status` = '4') and `send_time` < '1515559083'
[2018-01-10 12:40:03] select `aid`, `tid`, `cid`, `wid` from `fb_article` where (`article_status` = '4') and `send_time` < '1515559202'
[2018-01-10 12:42:03] select `aid`, `tid`, `cid`, `wid` from `fb_article` where (`article_status` = '4') and `send_time` < '1515559323'
[2018-01-10 12:44:03] select `aid`, `tid`, `cid`, `wid` from `fb_article` where (`article_status` = '4') and `send_time` < '1515559443'
[2018-01-10 12:46:02] select `aid`, `tid`, `cid`, `wid` from `fb_article` where (`article_status` = '4') and `send_time` < '1515559562'
[2018-01-10 12:48:03] select `aid`, `tid`, `cid`, `wid` from `fb_article` where (`article_status` = '4') and `send_time` < '1515559683'
[2018-01-10 12:50:03] select `aid`, `tid`, `cid`, `wid` from `fb_article` where (`article_status` = '4') and `send_time` < '1515559803'
[2018-01-10 12:52:02] select `aid`, `tid`, `cid`, `wid` from `fb_article` where (`article_status` = '4') and `send_time` < '1515559922'
[2018-01-10 12:54:03] select `aid`, `tid`, `cid`, `wid` from `fb_article` where (`article_status` = '4') and `send_time` < '1515560043'
[2018-01-10 12:56:03] select `aid`, `tid`, `cid`, `wid` from `fb_article` where (`article_status` = '4') and `send_time` < '1515560163'
[2018-01-10 12:58:03] select `aid`, `tid`, `cid`, `wid` from `fb_article` where (`article_status` = '4') and `send_time` < '1515560283'
[2018-01-10 12:59:03] select SUM(share) as share, SUM(read_article) as read_article, SUM(inter_access) as inter_access, SUM(histexternal_accessry) as histexternal_accessry, SUM(views) as views, SUM(clicks) as clicks from `fb_article_log` where (`ctime` = '1515513600') limit 1
[2018-01-10 12:59:03] select `id` from `fb_operating` where (`ctime` = '1515513600') limit 1
[2018-01-10 12:59:03] update `fb_operating` set `share` = '', `read_article` = '', `inter_access` = '', `histexternal_accessry` = '', `views` = '', `clicks` = '', `click_rate` = '0', `share_rate` = '0', `guide_rate` = '0', `ctime` = '1515513600' where (`id` = '155288')
[2018-01-10 13:00:03] select `aid`, `tid`, `cid`, `wid` from `fb_article` where (`article_status` = '4') and `send_time` < '1515560403'
[2018-01-10 13:02:03] select `aid`, `tid`, `cid`, `wid` from `fb_article` where (`article_status` = '4') and `send_time` < '1515560523'
[2018-01-10 13:04:02] select `aid`, `tid`, `cid`, `wid` from `fb_article` where (`article_status` = '4') and `send_time` < '1515560642'
[2018-01-10 13:06:03] select `aid`, `tid`, `cid`, `wid` from `fb_article` where (`article_status` = '4') and `send_time` < '1515560763'
[2018-01-10 13:08:03] select `aid`, `tid`, `cid`, `wid` from `fb_article` where (`article_status` = '4') and `send_time` < '1515560883'
[2018-01-10 13:10:02] select `aid`, `tid`, `cid`, `wid` from `fb_article` where (`article_status` = '4') and `send_time` < '1515561002'
[2018-01-10 13:12:03] select `aid`, `tid`, `cid`, `wid` from `fb_article` where (`article_status` = '4') and `send_time` < '1515561123'
[2018-01-10 13:14:03] select `aid`, `tid`, `cid`, `wid` from `fb_article` where (`article_status` = '4') and `send_time` < '1515561242'
[2018-01-10 13:16:03] select `aid`, `tid`, `cid`, `wid` from `fb_article` where (`article_status` = '4') and `send_time` < '1515561363'
[2018-01-10 13:18:03] select `aid`, `tid`, `cid`, `wid` from `fb_article` where (`article_status` = '4') and `send_time` < '1515561483'
[2018-01-10 13:20:02] select `aid`, `tid`, `cid`, `wid` from `fb_article` where (`article_status` = '4') and `send_time` < '1515561602'
[2018-01-10 13:22:03] select `aid`, `tid`, `cid`, `wid` from `fb_article` where (`article_status` = '4') and `send_time` < '1515561723'
[2018-01-10 13:24:03] select `aid`, `tid`, `cid`, `wid` from `fb_article` where (`article_status` = '4') and `send_time` < '1515561843'
[2018-01-10 13:26:02] select `aid`, `tid`, `cid`, `wid` from `fb_article` where (`article_status` = '4') and `send_time` < '1515561962'
[2018-01-10 13:28:03] select `aid`, `tid`, `cid`, `wid` from `fb_article` where (`article_status` = '4') and `send_time` < '1515562083'
[2018-01-10 13:30:02] select `aid`, `tid`, `cid`, `wid` from `fb_article` where (`article_status` = '4') and `send_time` < '1515562202'
[2018-01-10 13:32:03] select `aid`, `tid`, `cid`, `wid` from `fb_article` where (`article_status` = '4') and `send_time` < '1515562323'
[2018-01-10 13:34:03] select `aid`, `tid`, `cid`, `wid` from `fb_article` where (`article_status` = '4') and `send_time` < '1515562443'
[2018-01-10 13:36:02] select `aid`, `tid`, `cid`, `wid` from `fb_article` where (`article_status` = '4') and `send_time` < '1515562562'
[2018-01-10 13:38:03] select `aid`, `tid`, `cid`, `wid` from `fb_article` where (`article_status` = '4') and `send_time` < '1515562683'
[2018-01-10 13:40:03] select `aid`, `tid`, `cid`, `wid` from `fb_article` where (`article_status` = '4') and `send_time` < '1515562803'
[2018-01-10 13:42:02] select `aid`, `tid`, `cid`, `wid` from `fb_article` where (`article_status` = '4') and `send_time` < '1515562922'
[2018-01-10 13:44:03] select `aid`, `tid`, `cid`, `wid` from `fb_article` where (`article_status` = '4') and `send_time` < '1515563043'
[2018-01-10 13:46:03] select `aid`, `tid`, `cid`, `wid` from `fb_article` where (`article_status` = '4') and `send_time` < '1515563162'
[2018-01-10 13:48:03] select `aid`, `tid`, `cid`, `wid` from `fb_article` where (`article_status` = '4') and `send_time` < '1515563283'
[2018-01-10 13:50:03] select `aid`, `tid`, `cid`, `wid` from `fb_article` where (`article_status` = '4') and `send_time` < '1515563403'
[2018-01-10 13:52:02] select `aid`, `tid`, `cid`, `wid` from `fb_article` where (`article_status` = '4') and `send_time` < '1515563522'
[2018-01-10 13:54:03] select `aid`, `tid`, `cid`, `wid` from `fb_article` where (`article_status` = '4') and `send_time` < '1515563643'
[2018-01-10 13:56:03] select `aid`, `tid`, `cid`, `wid` from `fb_article` where (`article_status` = '4') and `send_time` < '1515563763'
[2018-01-10 13:58:02] select `aid`, `tid`, `cid`, `wid` from `fb_article` where (`article_status` = '4') and `send_time` < '1515563882'
[2018-01-10 13:59:03] select SUM(share) as share, SUM(read_article) as read_article, SUM(inter_access) as inter_access, SUM(histexternal_accessry) as histexternal_accessry, SUM(views) as views, SUM(clicks) as clicks from `fb_article_log` where (`ctime` = '1515513600') limit 1
[2018-01-10 13:59:03] select `id` from `fb_operating` where (`ctime` = '1515513600') limit 1
[2018-01-10 13:59:03] update `fb_operating` set `share` = '', `read_article` = '', `inter_access` = '', `histexternal_accessry` = '', `views` = '', `clicks` = '', `click_rate` = '0', `share_rate` = '0', `guide_rate` = '0', `ctime` = '1515513600' where (`id` = '155288')
[2018-01-10 14:00:02] select `aid`, `tid`, `cid`, `wid` from `fb_article` where (`article_status` = '4') and `send_time` < '1515564002'
[2018-01-10 14:02:03] select `aid`, `tid`, `cid`, `wid` from `fb_article` where (`article_status` = '4') and `send_time` < '1515564123'
[2018-01-10 14:04:03] select `aid`, `tid`, `cid`, `wid` from `fb_article` where (`article_status` = '4') and `send_time` < '1515564243'
[2018-01-10 14:06:03] select `aid`, `tid`, `cid`, `wid` from `fb_article` where (`article_status` = '4') and `send_time` < '1515564363'
[2018-01-10 14:08:02] select `aid`, `tid`, `cid`, `wid` from `fb_article` where (`article_status` = '4') and `send_time` < '1515564482'
[2018-01-10 14:10:03] select `aid`, `tid`, `cid`, `wid` from `fb_article` where (`article_status` = '4') and `send_time` < '1515564603'
[2018-01-10 14:12:03] select `aid`, `tid`, `cid`, `wid` from `fb_article` where (`article_status` = '4') and `send_time` < '1515564723'
[2018-01-10 14:14:02] select `aid`, `tid`, `cid`, `wid` from `fb_article` where (`article_status` = '4') and `send_time` < '1515564842'
[2018-01-10 14:16:03] select `aid`, `tid`, `cid`, `wid` from `fb_article` where (`article_status` = '4') and `send_time` < '1515564963'
[2018-01-10 14:18:03] select `aid`, `tid`, `cid`, `wid` from `fb_article` where (`article_status` = '4') and `send_time` < '1515565083'
[2018-01-10 14:20:02] select `aid`, `tid`, `cid`, `wid` from `fb_article` where (`article_status` = '4') and `send_time` < '1515565202'
[2018-01-10 14:22:03] select `aid`, `tid`, `cid`, `wid` from `fb_article` where (`article_status` = '4') and `send_time` < '1515565323'
[2018-01-10 14:24:03] select `aid`, `tid`, `cid`, `wid` from `fb_article` where (`article_status` = '4') and `send_time` < '1515565443'
[2018-01-10 14:26:03] select `aid`, `tid`, `cid`, `wid` from `fb_article` where (`article_status` = '4') and `send_time` < '1515565562'
[2018-01-10 14:28:03] select `aid`, `tid`, `cid`, `wid` from `fb_article` where (`article_status` = '4') and `send_time` < '1515565683'
[2018-01-10 14:30:03] select `aid`, `tid`, `cid`, `wid` from `fb_article` where (`article_status` = '4') and `send_time` < '1515565803'
[2018-01-10 14:32:02] select `aid`, `tid`, `cid`, `wid` from `fb_article` where (`article_status` = '4') and `send_time` < '1515565922'
[2018-01-10 14:34:03] select `aid`, `tid`, `cid`, `wid` from `fb_article` where (`article_status` = '4') and `send_time` < '1515566043'
[2018-01-10 14:36:03] select `aid`, `tid`, `cid`, `wid` from `fb_article` where (`article_status` = '4') and `send_time` < '1515566163'
[2018-01-10 14:38:02] select `aid`, `tid`, `cid`, `wid` from `fb_article` where (`article_status` = '4') and `send_time` < '1515566282'
[2018-01-10 14:40:03] select `aid`, `tid`, `cid`, `wid` from `fb_article` where (`article_status` = '4') and `send_time` < '1515566403'
[2018-01-10 14:42:03] select `aid`, `tid`, `cid`, `wid` from `fb_article` where (`article_status` = '4') and `send_time` < '1515566523'
[2018-01-10 14:44:02] select `aid`, `tid`, `cid`, `wid` from `fb_article` where (`article_status` = '4') and `send_time` < '1515566642'
[2018-01-10 14:46:03] select `aid`, `tid`, `cid`, `wid` from `fb_article` where (`article_status` = '4') and `send_time` < '1515566763'
[2018-01-10 14:48:03] select `aid`, `tid`, `cid`, `wid` from `fb_article` where (`article_status` = '4') and `send_time` < '1515566883'
[2018-01-10 14:50:02] select `aid`, `tid`, `cid`, `wid` from `fb_article` where (`article_status` = '4') and `send_time` < '1515567002'
[2018-01-10 14:52:03] select `aid`, `tid`, `cid`, `wid` from `fb_article` where (`article_status` = '4') and `send_time` < '1515567123'
[2018-01-10 14:54:03] select `aid`, `tid`, `cid`, `wid` from `fb_article` where (`article_status` = '4') and `send_time` < '1515567243'
[2018-01-10 14:56:03] select `aid`, `tid`, `cid`, `wid` from `fb_article` where (`article_status` = '4') and `send_time` < '1515567363'
[2018-01-10 14:58:03] select `aid`, `tid`, `cid`, `wid` from `fb_article` where (`article_status` = '4') and `send_time` < '1515567483'
[2018-01-10 14:59:03] select SUM(share) as share, SUM(read_article) as read_article, SUM(inter_access) as inter_access, SUM(histexternal_accessry) as histexternal_accessry, SUM(views) as views, SUM(clicks) as clicks from `fb_article_log` where (`ctime` = '1515513600') limit 1
[2018-01-10 14:59:03] select `id` from `fb_operating` where (`ctime` = '1515513600') limit 1
[2018-01-10 14:59:03] update `fb_operating` set `share` = '', `read_article` = '', `inter_access` = '', `histexternal_accessry` = '', `views` = '', `clicks` = '', `click_rate` = '0', `share_rate` = '0', `guide_rate` = '0', `ctime` = '1515513600' where (`id` = '155288')
[2018-01-10 15:00:03] select `aid`, `tid`, `cid`, `wid` from `fb_article` where (`article_status` = '4') and `send_time` < '1515567603'
[2018-01-10 15:02:03] select `aid`, `tid`, `cid`, `wid` from `fb_article` where (`article_status` = '4') and `send_time` < '1515567723'
[2018-01-10 15:04:02] select `aid`, `tid`, `cid`, `wid` from `fb_article` where (`article_status` = '4') and `send_time` < '1515567842'
[2018-01-10 15:06:03] select `aid`, `tid`, `cid`, `wid` from `fb_article` where (`article_status` = '4') and `send_time` < '1515567963'
[2018-01-10 15:08:03] select `aid`, `tid`, `cid`, `wid` from `fb_article` where (`article_status` = '4') and `send_time` < '1515568083'
[2018-01-10 15:10:02] select `aid`, `tid`, `cid`, `wid` from `fb_article` where (`article_status` = '4') and `send_time` < '1515568202'
[2018-01-10 15:12:03] select `aid`, `tid`, `cid`, `wid` from `fb_article` where (`article_status` = '4') and `send_time` < '1515568323'
[2018-01-10 15:14:03] select `aid`, `tid`, `cid`, `wid` from `fb_article` where (`article_status` = '4') and `send_time` < '1515568443'
[2018-01-10 15:16:02] select `aid`, `tid`, `cid`, `wid` from `fb_article` where (`article_status` = '4') and `send_time` < '1515568562'
[2018-01-10 15:18:03] select `aid`, `tid`, `cid`, `wid` from `fb_article` where (`article_status` = '4') and `send_time` < '1515568683'
[2018-01-10 15:20:03] select `aid`, `tid`, `cid`, `wid` from `fb_article` where (`article_status` = '4') and `send_time` < '1515568803'
[2018-01-10 15:22:02] select `aid`, `tid`, `cid`, `wid` from `fb_article` where (`article_status` = '4') and `send_time` < '1515568922'
[2018-01-10 15:24:03] select `aid`, `tid`, `cid`, `wid` from `fb_article` where (`article_status` = '4') and `send_time` < '1515569043'
[2018-01-10 15:26:03] select `aid`, `tid`, `cid`, `wid` from `fb_article` where (`article_status` = '4') and `send_time` < '1515569163'
[2018-01-10 15:28:02] select `aid`, `tid`, `cid`, `wid` from `fb_article` where (`article_status` = '4') and `send_time` < '1515569282'
[2018-01-10 15:30:03] select `aid`, `tid`, `cid`, `wid` from `fb_article` where (`article_status` = '4') and `send_time` < '1515569403'
[2018-01-10 15:32:03] select `aid`, `tid`, `cid`, `wid` from `fb_article` where (`article_status` = '4') and `send_time` < '1515569522'
[2018-01-10 15:34:03] select `aid`, `tid`, `cid`, `wid` from `fb_article` where (`article_status` = '4') and `send_time` < '1515569643'
[2018-01-10 15:36:03] select `aid`, `tid`, `cid`, `wid` from `fb_article` where (`article_status` = '4') and `send_time` < '1515569763'
[2018-01-10 15:38:03] select `aid`, `tid`, `cid`, `wid` from `fb_article` where (`article_status` = '4') and `send_time` < '1515569883'
[2018-01-10 15:40:02] select `aid`, `tid`, `cid`, `wid` from `fb_article` where (`article_status` = '4') and `send_time` < '1515570002'
[2018-01-10 15:42:03] select `aid`, `tid`, `cid`, `wid` from `fb_article` where (`article_status` = '4') and `send_time` < '1515570123'
[2018-01-10 15:44:03] select `aid`, `tid`, `cid`, `wid` from `fb_article` where (`article_status` = '4') and `send_time` < '1515570243'
[2018-01-10 15:46:02] select `aid`, `tid`, `cid`, `wid` from `fb_article` where (`article_status` = '4') and `send_time` < '1515570362'
[2018-01-10 15:48:03] select `aid`, `tid`, `cid`, `wid` from `fb_article` where (`article_status` = '4') and `send_time` < '1515570483'
[2018-01-10 15:50:03] select `aid`, `tid`, `cid`, `wid` from `fb_article` where (`article_status` = '4') and `send_time` < '1515570603'
[2018-01-10 15:52:02] select `aid`, `tid`, `cid`, `wid` from `fb_article` where (`article_status` = '4') and `send_time` < '1515570722'
[2018-01-10 15:54:03] select `aid`, `tid`, `cid`, `wid` from `fb_article` where (`article_status` = '4') and `send_time` < '1515570843'
[2018-01-10 15:56:02] select `aid`, `tid`, `cid`, `wid` from `fb_article` where (`article_status` = '4') and `send_time` < '1515570962'
[2018-01-10 15:58:03] select `aid`, `tid`, `cid`, `wid` from `fb_article` where (`article_status` = '4') and `send_time` < '1515571083'
[2018-01-10 15:59:03] select SUM(share) as share, SUM(read_article) as read_article, SUM(inter_access) as inter_access, SUM(histexternal_accessry) as histexternal_accessry, SUM(views) as views, SUM(clicks) as clicks from `fb_article_log` where (`ctime` = '1515513600') limit 1
[2018-01-10 15:59:03] select `id` from `fb_operating` where (`ctime` = '1515513600') limit 1
[2018-01-10 15:59:03] update `fb_operating` set `share` = '', `read_article` = '', `inter_access` = '', `histexternal_accessry` = '', `views` = '', `clicks` = '', `click_rate` = '0', `share_rate` = '0', `guide_rate` = '0', `ctime` = '1515513600' where (`id` = '155288')
[2018-01-10 16:00:02] select `aid`, `tid`, `cid`, `wid` from `fb_article` where (`article_status` = '4') and `send_time` < '1515571202'
[2018-01-10 16:02:03] select `aid`, `tid`, `cid`, `wid` from `fb_article` where (`article_status` = '4') and `send_time` < '1515571323'
[2018-01-10 16:04:03] select `aid`, `tid`, `cid`, `wid` from `fb_article` where (`article_status` = '4') and `send_time` < '1515571443'
[2018-01-10 16:06:02] select `aid`, `tid`, `cid`, `wid` from `fb_article` where (`article_status` = '4') and `send_time` < '1515571562'
[2018-01-10 16:08:03] select `aid`, `tid`, `cid`, `wid` from `fb_article` where (`article_status` = '4') and `send_time` < '1515571683'
[2018-01-10 16:10:03] select `aid`, `tid`, `cid`, `wid` from `fb_article` where (`article_status` = '4') and `send_time` < '1515571803'
[2018-01-10 16:12:02] select `aid`, `tid`, `cid`, `wid` from `fb_article` where (`article_status` = '4') and `send_time` < '1515571922'
[2018-01-10 16:14:03] select `aid`, `tid`, `cid`, `wid` from `fb_article` where (`article_status` = '4') and `send_time` < '1515572043'
[2018-01-10 16:16:03] select `aid`, `tid`, `cid`, `wid` from `fb_article` where (`article_status` = '4') and `send_time` < '1515572162'
[2018-01-10 16:18:04] select `aid`, `tid`, `cid`, `wid` from `fb_article` where (`article_status` = '4') and `send_time` < '1515572284'
[2018-01-10 16:20:03] select `aid`, `tid`, `cid`, `wid` from `fb_article` where (`article_status` = '4') and `send_time` < '1515572403'
[2018-01-10 16:22:02] select `aid`, `tid`, `cid`, `wid` from `fb_article` where (`article_status` = '4') and `send_time` < '1515572522'
[2018-01-10 16:24:03] select `aid`, `tid`, `cid`, `wid` from `fb_article` where (`article_status` = '4') and `send_time` < '1515572643'
[2018-01-10 16:26:03] select `aid`, `tid`, `cid`, `wid` from `fb_article` where (`article_status` = '4') and `send_time` < '1515572763'
[2018-01-10 16:28:03] select `aid`, `tid`, `cid`, `wid` from `fb_article` where (`article_status` = '4') and `send_time` < '1515572883'
[2018-01-10 16:30:02] select `aid`, `tid`, `cid`, `wid` from `fb_article` where (`article_status` = '4') and `send_time` < '1515573002'
[2018-01-10 16:32:03] select `aid`, `tid`, `cid`, `wid` from `fb_article` where (`article_status` = '4') and `send_time` < '1515573123'
[2018-01-10 16:34:03] select `aid`, `tid`, `cid`, `wid` from `fb_article` where (`article_status` = '4') and `send_time` < '1515573243'
[2018-01-10 16:36:02] select `aid`, `tid`, `cid`, `wid` from `fb_article` where (`article_status` = '4') and `send_time` < '1515573362'
[2018-01-10 16:38:03] select `aid`, `tid`, `cid`, `wid` from `fb_article` where (`article_status` = '4') and `send_time` < '1515573483'
[2018-01-10 16:40:03] select `aid`, `tid`, `cid`, `wid` from `fb_article` where (`article_status` = '4') and `send_time` < '1515573603'
[2018-01-10 16:42:03] select `aid`, `tid`, `cid`, `wid` from `fb_article` where (`article_status` = '4') and `send_time` < '1515573723'
[2018-01-10 16:44:02] select `aid`, `tid`, `cid`, `wid` from `fb_article` where (`article_status` = '4') and `send_time` < '1515573842'
[2018-01-10 16:46:03] select `aid`, `tid`, `cid`, `wid` from `fb_article` where (`article_status` = '4') and `send_time` < '1515573963'
[2018-01-10 16:48:03] select `aid`, `tid`, `cid`, `wid` from `fb_article` where (`article_status` = '4') and `send_time` < '1515574083'
[2018-01-10 16:50:03] select `aid`, `tid`, `cid`, `wid` from `fb_article` where (`article_status` = '4') and `send_time` < '1515574203'
[2018-01-10 16:52:03] select `aid`, `tid`, `cid`, `wid` from `fb_article` where (`article_status` = '4') and `send_time` < '1515574323'
[2018-01-10 16:54:02] select `aid`, `tid`, `cid`, `wid` from `fb_article` where (`article_status` = '4') and `send_time` < '1515574442'
[2018-01-10 16:56:03] select `aid`, `tid`, `cid`, `wid` from `fb_article` where (`article_status` = '4') and `send_time` < '1515574563'
[2018-01-10 16:58:03] select `aid`, `tid`, `cid`, `wid` from `fb_article` where (`article_status` = '4') and `send_time` < '1515574683'
[2018-01-10 16:59:03] select SUM(share) as share, SUM(read_article) as read_article, SUM(inter_access) as inter_access, SUM(histexternal_accessry) as histexternal_accessry, SUM(views) as views, SUM(clicks) as clicks from `fb_article_log` where (`ctime` = '1515513600') limit 1
[2018-01-10 16:59:03] select `id` from `fb_operating` where (`ctime` = '1515513600') limit 1
[2018-01-10 16:59:03] update `fb_operating` set `share` = '', `read_article` = '', `inter_access` = '', `histexternal_accessry` = '', `views` = '', `clicks` = '', `click_rate` = '0', `share_rate` = '0', `guide_rate` = '0', `ctime` = '1515513600' where (`id` = '155288')
[2018-01-10 17:00:03] select `aid`, `tid`, `cid`, `wid` from `fb_article` where (`article_status` = '4') and `send_time` < '1515574803'
[2018-01-10 17:02:03] select `aid`, `tid`, `cid`, `wid` from `fb_article` where (`article_status` = '4') and `send_time` < '1515574923'
[2018-01-10 17:04:03] select `aid`, `tid`, `cid`, `wid` from `fb_article` where (`article_status` = '4') and `send_time` < '1515575043'
[2018-01-10 17:06:03] select `aid`, `tid`, `cid`, `wid` from `fb_article` where (`article_status` = '4') and `send_time` < '1515575163'
[2018-01-10 17:08:03] select `aid`, `tid`, `cid`, `wid` from `fb_article` where (`article_status` = '4') and `send_time` < '1515575283'
[2018-01-10 17:10:02] select `aid`, `tid`, `cid`, `wid` from `fb_article` where (`article_status` = '4') and `send_time` < '1515575402'
[2018-01-10 17:12:03] select `aid`, `tid`, `cid`, `wid` from `fb_article` where (`article_status` = '4') and `send_time` < '1515575523'
[2018-01-10 17:14:03] select `aid`, `tid`, `cid`, `wid` from `fb_article` where (`article_status` = '4') and `send_time` < '1515575643'
[2018-01-10 17:16:03] select `aid`, `tid`, `cid`, `wid` from `fb_article` where (`article_status` = '4') and `send_time` < '1515575763'
[2018-01-10 17:18:03] select `aid`, `tid`, `cid`, `wid` from `fb_article` where (`article_status` = '4') and `send_time` < '1515575883'
[2018-01-10 17:20:03] select `aid`, `tid`, `cid`, `wid` from `fb_article` where (`article_status` = '4') and `send_time` < '1515576003'
[2018-01-10 17:22:03] select `aid`, `tid`, `cid`, `wid` from `fb_article` where (`article_status` = '4') and `send_time` < '1515576123'
[2018-01-10 17:24:02] select `aid`, `tid`, `cid`, `wid` from `fb_article` where (`article_status` = '4') and `send_time` < '1515576242'
[2018-01-10 17:26:03] select `aid`, `tid`, `cid`, `wid` from `fb_article` where (`article_status` = '4') and `send_time` < '1515576363'
[2018-01-10 17:28:03] select `aid`, `tid`, `cid`, `wid` from `fb_article` where (`article_status` = '4') and `send_time` < '1515576483'
[2018-01-10 17:30:03] select `aid`, `tid`, `cid`, `wid` from `fb_article` where (`article_status` = '4') and `send_time` < '1515576603'
[2018-01-10 17:32:03] select `aid`, `tid`, `cid`, `wid` from `fb_article` where (`article_status` = '4') and `send_time` < '1515576722'
[2018-01-10 17:34:02] select `aid`, `tid`, `cid`, `wid` from `fb_article` where (`article_status` = '4') and `send_time` < '1515576842'
[2018-01-10 17:36:03] select `aid`, `tid`, `cid`, `wid` from `fb_article` where (`article_status` = '4') and `send_time` < '1515576963'
[2018-01-10 17:38:03] select `aid`, `tid`, `cid`, `wid` from `fb_article` where (`article_status` = '4') and `send_time` < '1515577083'
[2018-01-10 17:40:03] select `aid`, `tid`, `cid`, `wid` from `fb_article` where (`article_status` = '4') and `send_time` < '1515577202'
[2018-01-10 17:42:03] select `aid`, `tid`, `cid`, `wid` from `fb_article` where (`article_status` = '4') and `send_time` < '1515577323'
[2018-01-10 17:44:03] select `aid`, `tid`, `cid`, `wid` from `fb_article` where (`article_status` = '4') and `send_time` < '1515577443'
[2018-01-10 17:46:03] select `aid`, `tid`, `cid`, `wid` from `fb_article` where (`article_status` = '4') and `send_time` < '1515577563'
[2018-01-10 17:48:02] select `aid`, `tid`, `cid`, `wid` from `fb_article` where (`article_status` = '4') and `send_time` < '1515577682'
[2018-01-10 17:50:03] select `aid`, `tid`, `cid`, `wid` from `fb_article` where (`article_status` = '4') and `send_time` < '1515577803'
[2018-01-10 17:52:03] select `aid`, `tid`, `cid`, `wid` from `fb_article` where (`article_status` = '4') and `send_time` < '1515577923'
[2018-01-10 17:54:03] select `aid`, `tid`, `cid`, `wid` from `fb_article` where (`article_status` = '4') and `send_time` < '1515578043'
[2018-01-10 17:56:03] select `aid`, `tid`, `cid`, `wid` from `fb_article` where (`article_status` = '4') and `send_time` < '1515578163'
[2018-01-10 17:58:03] select `aid`, `tid`, `cid`, `wid` from `fb_article` where (`article_status` = '4') and `send_time` < '1515578283'
[2018-01-10 17:59:03] select SUM(share) as share, SUM(read_article) as read_article, SUM(inter_access) as inter_access, SUM(histexternal_accessry) as histexternal_accessry, SUM(views) as views, SUM(clicks) as clicks from `fb_article_log` where (`ctime` = '1515513600') limit 1
[2018-01-10 17:59:03] select `id` from `fb_operating` where (`ctime` = '1515513600') limit 1
[2018-01-10 17:59:03] update `fb_operating` set `share` = '', `read_article` = '', `inter_access` = '', `histexternal_accessry` = '', `views` = '', `clicks` = '', `click_rate` = '0', `share_rate` = '0', `guide_rate` = '0', `ctime` = '1515513600' where (`id` = '155288')
[2018-01-10 18:00:03] select `aid`, `tid`, `cid`, `wid` from `fb_article` where (`article_status` = '4') and `send_time` < '1515578403'
[2018-01-10 18:02:03] select `aid`, `tid`, `cid`, `wid` from `fb_article` where (`article_status` = '4') and `send_time` < '1515578523'
[2018-01-10 18:04:03] select `aid`, `tid`, `cid`, `wid` from `fb_article` where (`article_status` = '4') and `send_time` < '1515578643'
[2018-01-10 18:06:03] select `aid`, `tid`, `cid`, `wid` from `fb_article` where (`article_status` = '4') and `send_time` < '1515578763'
[2018-01-10 18:08:03] select `aid`, `tid`, `cid`, `wid` from `fb_article` where (`article_status` = '4') and `send_time` < '1515578883'
[2018-01-10 18:10:02] select `aid`, `tid`, `cid`, `wid` from `fb_article` where (`article_status` = '4') and `send_time` < '1515579002'
[2018-01-10 18:12:03] select `aid`, `tid`, `cid`, `wid` from `fb_article` where (`article_status` = '4') and `send_time` < '1515579123'
[2018-01-10 18:14:03] select `aid`, `tid`, `cid`, `wid` from `fb_article` where (`article_status` = '4') and `send_time` < '1515579243'
[2018-01-10 18:16:03] select `aid`, `tid`, `cid`, `wid` from `fb_article` where (`article_status` = '4') and `send_time` < '1515579363'
[2018-01-10 18:18:03] select `aid`, `tid`, `cid`, `wid` from `fb_article` where (`article_status` = '4') and `send_time` < '1515579482'
[2018-01-10 18:20:03] select `aid`, `tid`, `cid`, `wid` from `fb_article` where (`article_status` = '4') and `send_time` < '1515579603'
[2018-01-10 18:22:03] select `aid`, `tid`, `cid`, `wid` from `fb_article` where (`article_status` = '4') and `send_time` < '1515579722'
[2018-01-10 18:24:02] select `aid`, `tid`, `cid`, `wid` from `fb_article` where (`article_status` = '4') and `send_time` < '1515579842'
[2018-01-10 18:26:03] select `aid`, `tid`, `cid`, `wid` from `fb_article` where (`article_status` = '4') and `send_time` < '1515579963'
[2018-01-10 18:28:03] select `aid`, `tid`, `cid`, `wid` from `fb_article` where (`article_status` = '4') and `send_time` < '1515580083'
[2018-01-10 18:30:03] select `aid`, `tid`, `cid`, `wid` from `fb_article` where (`article_status` = '4') and `send_time` < '1515580203'
