[2018-01-08 09:10:03] select `aid`, `tid`, `cid`, `wid` from `fb_article` where (`article_status` = '4') and `send_time` < '1515373803'
[2018-01-08 09:12:03] select `aid`, `tid`, `cid`, `wid` from `fb_article` where (`article_status` = '4') and `send_time` < '1515373923'
[2018-01-08 09:14:03] select `aid`, `tid`, `cid`, `wid` from `fb_article` where (`article_status` = '4') and `send_time` < '1515374043'
[2018-01-08 09:16:02] select `aid`, `tid`, `cid`, `wid` from `fb_article` where (`article_status` = '4') and `send_time` < '1515374162'
[2018-01-08 09:18:03] select `aid`, `tid`, `cid`, `wid` from `fb_article` where (`article_status` = '4') and `send_time` < '1515374283'
[2018-01-08 09:20:03] select `aid`, `tid`, `cid`, `wid` from `fb_article` where (`article_status` = '4') and `send_time` < '1515374403'
[2018-01-08 09:22:03] select `aid`, `tid`, `cid`, `wid` from `fb_article` where (`article_status` = '4') and `send_time` < '1515374523'
[2018-01-08 09:24:03] select `aid`, `tid`, `cid`, `wid` from `fb_article` where (`article_status` = '4') and `send_time` < '1515374643'
[2018-01-08 09:26:03] select `aid`, `tid`, `cid`, `wid` from `fb_article` where (`article_status` = '4') and `send_time` < '1515374763'
[2018-01-08 09:28:03] select `aid`, `tid`, `cid`, `wid` from `fb_article` where (`article_status` = '4') and `send_time` < '1515374883'
[2018-01-08 09:30:03] select `aid`, `tid`, `cid`, `wid` from `fb_article` where (`article_status` = '4') and `send_time` < '1515375003'
[2018-01-08 09:32:02] select `aid`, `tid`, `cid`, `wid` from `fb_article` where (`article_status` = '4') and `send_time` < '1515375122'
[2018-01-08 09:34:03] select `aid`, `tid`, `cid`, `wid` from `fb_article` where (`article_status` = '4') and `send_time` < '1515375243'
[2018-01-08 09:36:03] select `aid`, `tid`, `cid`, `wid` from `fb_article` where (`article_status` = '4') and `send_time` < '1515375363'
[2018-01-08 09:38:03] select `aid`, `tid`, `cid`, `wid` from `fb_article` where (`article_status` = '4') and `send_time` < '1515375483'
[2018-01-08 09:40:03] select `aid`, `tid`, `cid`, `wid` from `fb_article` where (`article_status` = '4') and `send_time` < '1515375603'
[2018-01-08 09:42:03] select `aid`, `tid`, `cid`, `wid` from `fb_article` where (`article_status` = '4') and `send_time` < '1515375722'
[2018-01-08 09:44:02] select `aid`, `tid`, `cid`, `wid` from `fb_article` where (`article_status` = '4') and `send_time` < '1515375842'
[2018-01-08 09:46:03] select `aid`, `tid`, `cid`, `wid` from `fb_article` where (`article_status` = '4') and `send_time` < '1515375963'
[2018-01-08 09:48:03] select `aid`, `tid`, `cid`, `wid` from `fb_article` where (`article_status` = '4') and `send_time` < '1515376083'
[2018-01-08 09:50:03] select `aid`, `tid`, `cid`, `wid` from `fb_article` where (`article_status` = '4') and `send_time` < '1515376203'
[2018-01-08 09:52:03] select `aid`, `tid`, `cid`, `wid` from `fb_article` where (`article_status` = '4') and `send_time` < '1515376322'
[2018-01-08 09:54:03] select `aid`, `tid`, `cid`, `wid` from `fb_article` where (`article_status` = '4') and `send_time` < '1515376443'
[2018-01-08 09:56:03] select `aid`, `tid`, `cid`, `wid` from `fb_article` where (`article_status` = '4') and `send_time` < '1515376563'
[2018-01-08 09:58:03] select `aid`, `tid`, `cid`, `wid` from `fb_article` where (`article_status` = '4') and `send_time` < '1515376683'
[2018-01-08 09:59:02] select SUM(share) as share, SUM(read_article) as read_article, SUM(inter_access) as inter_access, SUM(histexternal_accessry) as histexternal_accessry, SUM(views) as views, SUM(clicks) as clicks from `fb_article_log` where (`ctime` = '1515340800') limit 1
[2018-01-08 09:59:02] select `id` from `fb_operating` where (`ctime` = '1515340800') limit 1
[2018-01-08 09:59:02] insert into `fb_operating` (`share`, `read_article`, `inter_access`, `histexternal_accessry`, `views`, `clicks`, `click_rate`, `share_rate`, `guide_rate`, `ctime`) values ('', '', '', '', '', '', '0', '0', '0', '1515340800')
[2018-01-08 10:00:03] select `aid`, `tid`, `cid`, `wid` from `fb_article` where (`article_status` = '4') and `send_time` < '1515376803'
[2018-01-08 10:02:02] select `aid`, `tid`, `cid`, `wid` from `fb_article` where (`article_status` = '4') and `send_time` < '1515376922'
[2018-01-08 10:04:03] select `aid`, `tid`, `cid`, `wid` from `fb_article` where (`article_status` = '4') and `send_time` < '1515377043'
[2018-01-08 10:06:03] select `aid`, `tid`, `cid`, `wid` from `fb_article` where (`article_status` = '4') and `send_time` < '1515377163'
[2018-01-08 10:08:03] select `aid`, `tid`, `cid`, `wid` from `fb_article` where (`article_status` = '4') and `send_time` < '1515377283'
[2018-01-08 10:10:03] select `aid`, `tid`, `cid`, `wid` from `fb_article` where (`article_status` = '4') and `send_time` < '1515377403'
[2018-01-08 10:12:03] select `aid`, `tid`, `cid`, `wid` from `fb_article` where (`article_status` = '4') and `send_time` < '1515377523'
[2018-01-08 10:14:03] select `aid`, `tid`, `cid`, `wid` from `fb_article` where (`article_status` = '4') and `send_time` < '1515377643'
[2018-01-08 10:16:03] select `aid`, `tid`, `cid`, `wid` from `fb_article` where (`article_status` = '4') and `send_time` < '1515377763'
[2018-01-08 10:18:03] select `aid`, `tid`, `cid`, `wid` from `fb_article` where (`article_status` = '4') and `send_time` < '1515377882'
[2018-01-08 10:20:03] select `aid`, `tid`, `cid`, `wid` from `fb_article` where (`article_status` = '4') and `send_time` < '1515378003'
[2018-01-08 10:22:03] select `aid`, `tid`, `cid`, `wid` from `fb_article` where (`article_status` = '4') and `send_time` < '1515378123'
[2018-01-08 10:24:03] select `aid`, `tid`, `cid`, `wid` from `fb_article` where (`article_status` = '4') and `send_time` < '1515378243'
[2018-01-08 10:26:03] select `aid`, `tid`, `cid`, `wid` from `fb_article` where (`article_status` = '4') and `send_time` < '1515378363'
[2018-01-08 10:28:02] select `aid`, `tid`, `cid`, `wid` from `fb_article` where (`article_status` = '4') and `send_time` < '1515378482'
[2018-01-08 10:30:03] select `aid`, `tid`, `cid`, `wid` from `fb_article` where (`article_status` = '4') and `send_time` < '1515378603'
[2018-01-08 10:32:03] select `aid`, `tid`, `cid`, `wid` from `fb_article` where (`article_status` = '4') and `send_time` < '1515378723'
[2018-01-08 10:34:02] select `aid`, `tid`, `cid`, `wid` from `fb_article` where (`article_status` = '4') and `send_time` < '1515378842'
[2018-01-08 10:36:03] select `aid`, `tid`, `cid`, `wid` from `fb_article` where (`article_status` = '4') and `send_time` < '1515378963'
[2018-01-08 10:38:03] select `aid`, `tid`, `cid`, `wid` from `fb_article` where (`article_status` = '4') and `send_time` < '1515379083'
[2018-01-08 10:40:02] select `aid`, `tid`, `cid`, `wid` from `fb_article` where (`article_status` = '4') and `send_time` < '1515379202'
[2018-01-08 10:42:03] select `aid`, `tid`, `cid`, `wid` from `fb_article` where (`article_status` = '4') and `send_time` < '1515379323'
[2018-01-08 10:44:03] select `aid`, `tid`, `cid`, `wid` from `fb_article` where (`article_status` = '4') and `send_time` < '1515379443'
[2018-01-08 10:46:03] select `aid`, `tid`, `cid`, `wid` from `fb_article` where (`article_status` = '4') and `send_time` < '1515379563'
[2018-01-08 10:48:02] select `aid`, `tid`, `cid`, `wid` from `fb_article` where (`article_status` = '4') and `send_time` < '1515379682'
[2018-01-08 10:50:03] select `aid`, `tid`, `cid`, `wid` from `fb_article` where (`article_status` = '4') and `send_time` < '1515379803'
[2018-01-08 10:52:03] select `aid`, `tid`, `cid`, `wid` from `fb_article` where (`article_status` = '4') and `send_time` < '1515379922'
[2018-01-08 10:54:03] select `aid`, `tid`, `cid`, `wid` from `fb_article` where (`article_status` = '4') and `send_time` < '1515380043'
[2018-01-08 10:56:03] select `aid`, `tid`, `cid`, `wid` from `fb_article` where (`article_status` = '4') and `send_time` < '1515380163'
[2018-01-08 10:58:02] select `aid`, `tid`, `cid`, `wid` from `fb_article` where (`article_status` = '4') and `send_time` < '1515380282'
[2018-01-08 10:59:02] select SUM(share) as share, SUM(read_article) as read_article, SUM(inter_access) as inter_access, SUM(histexternal_accessry) as histexternal_accessry, SUM(views) as views, SUM(clicks) as clicks from `fb_article_log` where (`ctime` = '1515340800') limit 1
[2018-01-08 10:59:02] select `id` from `fb_operating` where (`ctime` = '1515340800') limit 1
[2018-01-08 10:59:02] update `fb_operating` set `share` = '', `read_article` = '', `inter_access` = '', `histexternal_accessry` = '', `views` = '', `clicks` = '', `click_rate` = '0', `share_rate` = '0', `guide_rate` = '0', `ctime` = '1515340800' where (`id` = '155286')
[2018-01-08 11:00:03] select `aid`, `tid`, `cid`, `wid` from `fb_article` where (`article_status` = '4') and `send_time` < '1515380402'
[2018-01-08 11:02:03] select `aid`, `tid`, `cid`, `wid` from `fb_article` where (`article_status` = '4') and `send_time` < '1515380523'
[2018-01-08 11:04:03] select `aid`, `tid`, `cid`, `wid` from `fb_article` where (`article_status` = '4') and `send_time` < '1515380643'
[2018-01-08 11:06:02] select `aid`, `tid`, `cid`, `wid` from `fb_article` where (`article_status` = '4') and `send_time` < '1515380762'
[2018-01-08 11:08:03] select `aid`, `tid`, `cid`, `wid` from `fb_article` where (`article_status` = '4') and `send_time` < '1515380883'
[2018-01-08 11:10:03] select `aid`, `tid`, `cid`, `wid` from `fb_article` where (`article_status` = '4') and `send_time` < '1515381003'
[2018-01-08 11:12:02] select `aid`, `tid`, `cid`, `wid` from `fb_article` where (`article_status` = '4') and `send_time` < '1515381122'
[2018-01-08 11:14:03] select `aid`, `tid`, `cid`, `wid` from `fb_article` where (`article_status` = '4') and `send_time` < '1515381243'
[2018-01-08 11:16:03] select `aid`, `tid`, `cid`, `wid` from `fb_article` where (`article_status` = '4') and `send_time` < '1515381363'
[2018-01-08 11:18:02] select `aid`, `tid`, `cid`, `wid` from `fb_article` where (`article_status` = '4') and `send_time` < '1515381482'
[2018-01-08 11:20:03] select `aid`, `tid`, `cid`, `wid` from `fb_article` where (`article_status` = '4') and `send_time` < '1515381603'
[2018-01-08 11:22:03] select `aid`, `tid`, `cid`, `wid` from `fb_article` where (`article_status` = '4') and `send_time` < '1515381723'
[2018-01-08 11:24:03] select `aid`, `tid`, `cid`, `wid` from `fb_article` where (`article_status` = '4') and `send_time` < '1515381843'
[2018-01-08 11:26:03] select `aid`, `tid`, `cid`, `wid` from `fb_article` where (`article_status` = '4') and `send_time` < '1515381963'
[2018-01-08 11:28:02] select `aid`, `tid`, `cid`, `wid` from `fb_article` where (`article_status` = '4') and `send_time` < '1515382082'
[2018-01-08 11:30:03] select `aid`, `tid`, `cid`, `wid` from `fb_article` where (`article_status` = '4') and `send_time` < '1515382203'
[2018-01-08 11:32:03] select `aid`, `tid`, `cid`, `wid` from `fb_article` where (`article_status` = '4') and `send_time` < '1515382323'
[2018-01-08 11:34:03] select `aid`, `tid`, `cid`, `wid` from `fb_article` where (`article_status` = '4') and `send_time` < '1515382442'
[2018-01-08 11:36:03] select `aid`, `tid`, `cid`, `wid` from `fb_article` where (`article_status` = '4') and `send_time` < '1515382563'
[2018-01-08 11:38:03] select `aid`, `tid`, `cid`, `wid` from `fb_article` where (`article_status` = '4') and `send_time` < '1515382683'
[2018-01-08 11:40:03] select `aid`, `tid`, `cid`, `wid` from `fb_article` where (`article_status` = '4') and `send_time` < '1515382803'
[2018-01-08 11:42:03] select `aid`, `tid`, `cid`, `wid` from `fb_article` where (`article_status` = '4') and `send_time` < '1515382922'
[2018-01-08 11:44:03] select `aid`, `tid`, `cid`, `wid` from `fb_article` where (`article_status` = '4') and `send_time` < '1515383043'
[2018-01-08 11:46:03] select `aid`, `tid`, `cid`, `wid` from `fb_article` where (`article_status` = '4') and `send_time` < '1515383163'
[2018-01-08 11:48:03] select `aid`, `tid`, `cid`, `wid` from `fb_article` where (`article_status` = '4') and `send_time` < '1515383282'
[2018-01-08 11:48:24] select * from `fb_admin` where `username` = 'admin' and `password` = '203b6d1f2a502c540000' limit 1
[2018-01-08 11:48:24] select `powers` from `fb_role` where `id` = '1' limit 1
[2018-01-08 11:48:24] select `name` from `fb_node` where `pid` > '0' limit 1
[2018-01-08 11:48:24] update `fb_admin` set `last_time` = '1515383304', `last_ip` = '192.168.0.53' where `username` = 'admin' and `password` = '203b6d1f2a502c540000' and (`id` = '24') limit 1
admin[2018-01-08 11:48:26] select `ctime`, `clicks`, `share`, `inter_access`, `read_article`, `histexternal_accessry` from `fb_operating` where `ctime` >= '1512791306' and `ctime` <= '1515340800' group by `ctime`
admin[2018-01-08 11:48:27] select * from `fb_operating` where `ctime` >= '1512791307' and `ctime` <= '1515340800' order by `ctime` desc
admin[2018-01-08 11:48:29] select `tid`, `type_name` from `fb_type` where `type_status` = '1'
admin[2018-01-08 11:48:29] select `id`, `rid`, `username` from `fb_admin` where (`status` = '1')
admin[2018-01-08 11:48:29] select `cid`, `column_name` from `fb_type_column` where (`column_status` = '1' and `tid` = '1')
admin[2018-01-08 11:48:29] select `cid`, `column_name` from `fb_type_column` where (`column_status` = '1' and `tid` = '2')
admin[2018-01-08 11:48:29] select `cid`, `column_name` from `fb_type_column` where (`column_status` = '1' and `tid` = '3')
admin[2018-01-08 11:48:30] select count(*) as aggregate from `fb_article`
admin[2018-01-08 11:48:30] select * from `fb_article` order by `ctime` desc limit 20 offset 0
admin[2018-01-08 11:48:36] select `tid`, `type_name` from `fb_type` where (`type_status` = '1')
admin[2018-01-08 11:48:36] select `cid`, `column_name` from `fb_type_column` where (`column_status` = '1')
admin[2018-01-08 11:48:37] select count(*) as aggregate from `fb_article_log`
admin[2018-01-08 11:48:37] select SUM(share) as share, SUM(inter_access) as inter_access, SUM(views) as views, SUM(histexternal_accessry) as histexternal_accessry, SUM(read_article) as read_article, SUM(clicks) as clicks from `fb_article_log` limit 1
admin[2018-01-08 11:48:37] select * from `fb_article_log` order by `ctime` desc limit 20 offset 0
admin[2018-01-08 11:48:37] select `column_name` from `fb_type_column` where (`cid` = '9') limit 1
admin[2018-01-08 11:48:37] select `column_name` from `fb_type_column` where (`cid` = '9') limit 1
admin[2018-01-08 11:48:37] select `web_name` from `fb_website` where (`wid` = '0') limit 1
admin[2018-01-08 11:48:37] select `column_name` from `fb_type_column` where (`cid` = '11') limit 1
admin[2018-01-08 11:48:37] select `column_name` from `fb_type_column` where (`cid` = '11') limit 1
admin[2018-01-08 11:48:37] select `web_name` from `fb_website` where (`wid` = '0') limit 1
admin[2018-01-08 11:48:37] select `column_name` from `fb_type_column` where (`cid` = '2') limit 1
admin[2018-01-08 11:48:37] select `column_name` from `fb_type_column` where (`cid` = '2') limit 1
admin[2018-01-08 11:48:37] select `web_name` from `fb_website` where (`wid` = '0') limit 1
admin[2018-01-08 11:48:37] select `column_name` from `fb_type_column` where (`cid` = '11') limit 1
admin[2018-01-08 11:48:37] select `column_name` from `fb_type_column` where (`cid` = '11') limit 1
admin[2018-01-08 11:48:37] select `web_name` from `fb_website` where (`wid` = '0') limit 1
admin[2018-01-08 11:48:37] select `column_name` from `fb_type_column` where (`cid` = '11') limit 1
admin[2018-01-08 11:48:37] select `column_name` from `fb_type_column` where (`cid` = '11') limit 1
admin[2018-01-08 11:48:37] select `web_name` from `fb_website` where (`wid` = '0') limit 1
admin[2018-01-08 11:48:37] select `column_name` from `fb_type_column` where (`cid` = '10') limit 1
admin[2018-01-08 11:48:37] select `column_name` from `fb_type_column` where (`cid` = '10') limit 1
admin[2018-01-08 11:48:37] select `web_name` from `fb_website` where (`wid` = '0') limit 1
admin[2018-01-08 11:48:37] select `column_name` from `fb_type_column` where (`cid` = '15') limit 1
admin[2018-01-08 11:48:37] select `column_name` from `fb_type_column` where (`cid` = '15') limit 1
admin[2018-01-08 11:48:37] select `web_name` from `fb_website` where (`wid` = '0') limit 1
admin[2018-01-08 11:48:37] select `column_name` from `fb_type_column` where (`cid` = '9') limit 1
admin[2018-01-08 11:48:37] select `column_name` from `fb_type_column` where (`cid` = '9') limit 1
admin[2018-01-08 11:48:37] select `web_name` from `fb_website` where (`wid` = '0') limit 1
admin[2018-01-08 11:48:37] select `column_name` from `fb_type_column` where (`cid` = '2') limit 1
admin[2018-01-08 11:48:37] select `column_name` from `fb_type_column` where (`cid` = '2') limit 1
admin[2018-01-08 11:48:37] select `web_name` from `fb_website` where (`wid` = '0') limit 1
admin[2018-01-08 11:48:37] select `column_name` from `fb_type_column` where (`cid` = '15') limit 1
admin[2018-01-08 11:48:37] select `column_name` from `fb_type_column` where (`cid` = '15') limit 1
admin[2018-01-08 11:48:37] select `web_name` from `fb_website` where (`wid` = '0') limit 1
admin[2018-01-08 11:48:37] select `column_name` from `fb_type_column` where (`cid` = '15') limit 1
admin[2018-01-08 11:48:37] select `column_name` from `fb_type_column` where (`cid` = '15') limit 1
admin[2018-01-08 11:48:37] select `web_name` from `fb_website` where (`wid` = '0') limit 1
admin[2018-01-08 11:48:37] select `column_name` from `fb_type_column` where (`cid` = '7') limit 1
admin[2018-01-08 11:48:37] select `column_name` from `fb_type_column` where (`cid` = '7') limit 1
admin[2018-01-08 11:48:37] select `web_name` from `fb_website` where (`wid` = '0') limit 1
admin[2018-01-08 11:48:37] select `column_name` from `fb_type_column` where (`cid` = '10') limit 1
admin[2018-01-08 11:48:37] select `column_name` from `fb_type_column` where (`cid` = '10') limit 1
admin[2018-01-08 11:48:37] select `web_name` from `fb_website` where (`wid` = '0') limit 1
admin[2018-01-08 11:48:37] select `column_name` from `fb_type_column` where (`cid` = '11') limit 1
admin[2018-01-08 11:48:37] select `column_name` from `fb_type_column` where (`cid` = '11') limit 1
admin[2018-01-08 11:48:37] select `web_name` from `fb_website` where (`wid` = '0') limit 1
admin[2018-01-08 11:48:37] select `column_name` from `fb_type_column` where (`cid` = '10') limit 1
admin[2018-01-08 11:48:37] select `column_name` from `fb_type_column` where (`cid` = '10') limit 1
admin[2018-01-08 11:48:37] select `web_name` from `fb_website` where (`wid` = '0') limit 1
admin[2018-01-08 11:48:37] select `column_name` from `fb_type_column` where (`cid` = '4') limit 1
admin[2018-01-08 11:48:37] select `column_name` from `fb_type_column` where (`cid` = '4') limit 1
admin[2018-01-08 11:48:37] select `web_name` from `fb_website` where (`wid` = '0') limit 1
admin[2018-01-08 11:48:37] select `column_name` from `fb_type_column` where (`cid` = '11') limit 1
admin[2018-01-08 11:48:37] select `column_name` from `fb_type_column` where (`cid` = '11') limit 1
admin[2018-01-08 11:48:37] select `web_name` from `fb_website` where (`wid` = '0') limit 1
admin[2018-01-08 11:48:37] select `column_name` from `fb_type_column` where (`cid` = '11') limit 1
admin[2018-01-08 11:48:37] select `column_name` from `fb_type_column` where (`cid` = '11') limit 1
admin[2018-01-08 11:48:37] select `web_name` from `fb_website` where (`wid` = '0') limit 1
admin[2018-01-08 11:48:37] select `column_name` from `fb_type_column` where (`cid` = '9') limit 1
admin[2018-01-08 11:48:37] select `column_name` from `fb_type_column` where (`cid` = '9') limit 1
admin[2018-01-08 11:48:37] select `web_name` from `fb_website` where (`wid` = '0') limit 1
admin[2018-01-08 11:48:37] select `column_name` from `fb_type_column` where (`cid` = '2') limit 1
admin[2018-01-08 11:48:37] select `column_name` from `fb_type_column` where (`cid` = '2') limit 1
admin[2018-01-08 11:48:37] select `web_name` from `fb_website` where (`wid` = '0') limit 1
[2018-01-08 11:50:05] select `aid`, `tid`, `cid`, `wid` from `fb_article` where (`article_status` = '4') and `send_time` < '1515383405'
[2018-01-08 11:52:03] select `aid`, `tid`, `cid`, `wid` from `fb_article` where (`article_status` = '4') and `send_time` < '1515383522'
[2018-01-08 11:54:02] select `aid`, `tid`, `cid`, `wid` from `fb_article` where (`article_status` = '4') and `send_time` < '1515383642'
[2018-01-08 11:56:03] select `aid`, `tid`, `cid`, `wid` from `fb_article` where (`article_status` = '4') and `send_time` < '1515383763'
[2018-01-08 11:58:03] select `aid`, `tid`, `cid`, `wid` from `fb_article` where (`article_status` = '4') and `send_time` < '1515383883'
[2018-01-08 11:59:03] select SUM(share) as share, SUM(read_article) as read_article, SUM(inter_access) as inter_access, SUM(histexternal_accessry) as histexternal_accessry, SUM(views) as views, SUM(clicks) as clicks from `fb_article_log` where (`ctime` = '1515340800') limit 1
[2018-01-08 11:59:03] select `id` from `fb_operating` where (`ctime` = '1515340800') limit 1
[2018-01-08 11:59:03] update `fb_operating` set `share` = '', `read_article` = '', `inter_access` = '', `histexternal_accessry` = '', `views` = '', `clicks` = '', `click_rate` = '0', `share_rate` = '0', `guide_rate` = '0', `ctime` = '1515340800' where (`id` = '155286')
[2018-01-08 12:00:03] select `aid`, `tid`, `cid`, `wid` from `fb_article` where (`article_status` = '4') and `send_time` < '1515384003'
[2018-01-08 12:02:03] select `aid`, `tid`, `cid`, `wid` from `fb_article` where (`article_status` = '4') and `send_time` < '1515384123'
[2018-01-08 12:04:02] select `aid`, `tid`, `cid`, `wid` from `fb_article` where (`article_status` = '4') and `send_time` < '1515384242'
[2018-01-08 12:06:03] select `aid`, `tid`, `cid`, `wid` from `fb_article` where (`article_status` = '4') and `send_time` < '1515384363'
[2018-01-08 12:08:03] select `aid`, `tid`, `cid`, `wid` from `fb_article` where (`article_status` = '4') and `send_time` < '1515384483'
[2018-01-08 12:10:02] select `aid`, `tid`, `cid`, `wid` from `fb_article` where (`article_status` = '4') and `send_time` < '1515384602'
[2018-01-08 12:12:03] select `aid`, `tid`, `cid`, `wid` from `fb_article` where (`article_status` = '4') and `send_time` < '1515384723'
[2018-01-08 12:14:03] select `aid`, `tid`, `cid`, `wid` from `fb_article` where (`article_status` = '4') and `send_time` < '1515384843'
[2018-01-08 12:16:02] select `aid`, `tid`, `cid`, `wid` from `fb_article` where (`article_status` = '4') and `send_time` < '1515384962'
[2018-01-08 12:18:03] select `aid`, `tid`, `cid`, `wid` from `fb_article` where (`article_status` = '4') and `send_time` < '1515385083'
[2018-01-08 12:20:03] select `aid`, `tid`, `cid`, `wid` from `fb_article` where (`article_status` = '4') and `send_time` < '1515385203'
[2018-01-08 12:22:02] select `aid`, `tid`, `cid`, `wid` from `fb_article` where (`article_status` = '4') and `send_time` < '1515385322'
[2018-01-08 12:24:03] select `aid`, `tid`, `cid`, `wid` from `fb_article` where (`article_status` = '4') and `send_time` < '1515385443'
[2018-01-08 12:26:03] select `aid`, `tid`, `cid`, `wid` from `fb_article` where (`article_status` = '4') and `send_time` < '1515385563'
[2018-01-08 12:28:03] select `aid`, `tid`, `cid`, `wid` from `fb_article` where (`article_status` = '4') and `send_time` < '1515385683'
[2018-01-08 12:30:03] select `aid`, `tid`, `cid`, `wid` from `fb_article` where (`article_status` = '4') and `send_time` < '1515385802'
[2018-01-08 12:32:03] select `aid`, `tid`, `cid`, `wid` from `fb_article` where (`article_status` = '4') and `send_time` < '1515385923'
[2018-01-08 12:34:03] select `aid`, `tid`, `cid`, `wid` from `fb_article` where (`article_status` = '4') and `send_time` < '1515386043'
[2018-01-08 12:36:02] select `aid`, `tid`, `cid`, `wid` from `fb_article` where (`article_status` = '4') and `send_time` < '1515386162'
[2018-01-08 12:38:03] select `aid`, `tid`, `cid`, `wid` from `fb_article` where (`article_status` = '4') and `send_time` < '1515386283'
[2018-01-08 12:40:02] select `aid`, `tid`, `cid`, `wid` from `fb_article` where (`article_status` = '4') and `send_time` < '1515386402'
[2018-01-08 12:42:03] select `aid`, `tid`, `cid`, `wid` from `fb_article` where (`article_status` = '4') and `send_time` < '1515386523'
[2018-01-08 12:44:03] select `aid`, `tid`, `cid`, `wid` from `fb_article` where (`article_status` = '4') and `send_time` < '1515386643'
[2018-01-08 12:46:03] select `aid`, `tid`, `cid`, `wid` from `fb_article` where (`article_status` = '4') and `send_time` < '1515386763'
[2018-01-08 12:48:03] select `aid`, `tid`, `cid`, `wid` from `fb_article` where (`article_status` = '4') and `send_time` < '1515386883'
[2018-01-08 12:50:02] select `aid`, `tid`, `cid`, `wid` from `fb_article` where (`article_status` = '4') and `send_time` < '1515387002'
[2018-01-08 12:52:03] select `aid`, `tid`, `cid`, `wid` from `fb_article` where (`article_status` = '4') and `send_time` < '1515387123'
[2018-01-08 12:54:03] select `aid`, `tid`, `cid`, `wid` from `fb_article` where (`article_status` = '4') and `send_time` < '1515387242'
[2018-01-08 12:56:03] select `aid`, `tid`, `cid`, `wid` from `fb_article` where (`article_status` = '4') and `send_time` < '1515387363'
[2018-01-08 12:58:03] select `aid`, `tid`, `cid`, `wid` from `fb_article` where (`article_status` = '4') and `send_time` < '1515387483'
[2018-01-08 12:59:02] select SUM(share) as share, SUM(read_article) as read_article, SUM(inter_access) as inter_access, SUM(histexternal_accessry) as histexternal_accessry, SUM(views) as views, SUM(clicks) as clicks from `fb_article_log` where (`ctime` = '1515340800') limit 1
[2018-01-08 12:59:02] select `id` from `fb_operating` where (`ctime` = '1515340800') limit 1
[2018-01-08 12:59:02] update `fb_operating` set `share` = '', `read_article` = '', `inter_access` = '', `histexternal_accessry` = '', `views` = '', `clicks` = '', `click_rate` = '0', `share_rate` = '0', `guide_rate` = '0', `ctime` = '1515340800' where (`id` = '155286')
[2018-01-08 13:00:03] select `aid`, `tid`, `cid`, `wid` from `fb_article` where (`article_status` = '4') and `send_time` < '1515387602'
[2018-01-08 13:02:02] select `aid`, `tid`, `cid`, `wid` from `fb_article` where (`article_status` = '4') and `send_time` < '1515387722'
[2018-01-08 13:04:03] select `aid`, `tid`, `cid`, `wid` from `fb_article` where (`article_status` = '4') and `send_time` < '1515387843'
[2018-01-08 13:06:02] select `aid`, `tid`, `cid`, `wid` from `fb_article` where (`article_status` = '4') and `send_time` < '1515387962'
[2018-01-08 13:08:03] select `aid`, `tid`, `cid`, `wid` from `fb_article` where (`article_status` = '4') and `send_time` < '1515388083'
[2018-01-08 13:10:03] select `aid`, `tid`, `cid`, `wid` from `fb_article` where (`article_status` = '4') and `send_time` < '1515388203'
[2018-01-08 13:12:02] select `aid`, `tid`, `cid`, `wid` from `fb_article` where (`article_status` = '4') and `send_time` < '1515388322'
[2018-01-08 13:14:03] select `aid`, `tid`, `cid`, `wid` from `fb_article` where (`article_status` = '4') and `send_time` < '1515388443'
[2018-01-08 13:16:02] select `aid`, `tid`, `cid`, `wid` from `fb_article` where (`article_status` = '4') and `send_time` < '1515388562'
[2018-01-08 13:18:03] select `aid`, `tid`, `cid`, `wid` from `fb_article` where (`article_status` = '4') and `send_time` < '1515388683'
[2018-01-08 13:20:03] select `aid`, `tid`, `cid`, `wid` from `fb_article` where (`article_status` = '4') and `send_time` < '1515388802'
[2018-01-08 13:22:03] select `aid`, `tid`, `cid`, `wid` from `fb_article` where (`article_status` = '4') and `send_time` < '1515388923'
[2018-01-08 13:24:03] select `aid`, `tid`, `cid`, `wid` from `fb_article` where (`article_status` = '4') and `send_time` < '1515389043'
[2018-01-08 13:26:02] select `aid`, `tid`, `cid`, `wid` from `fb_article` where (`article_status` = '4') and `send_time` < '1515389162'
[2018-01-08 13:28:03] select `aid`, `tid`, `cid`, `wid` from `fb_article` where (`article_status` = '4') and `send_time` < '1515389283'
[2018-01-08 13:30:02] select `aid`, `tid`, `cid`, `wid` from `fb_article` where (`article_status` = '4') and `send_time` < '1515389402'
[2018-01-08 13:32:03] select `aid`, `tid`, `cid`, `wid` from `fb_article` where (`article_status` = '4') and `send_time` < '1515389523'
[2018-01-08 13:34:03] select `aid`, `tid`, `cid`, `wid` from `fb_article` where (`article_status` = '4') and `send_time` < '1515389643'
[2018-01-08 13:36:02] select `aid`, `tid`, `cid`, `wid` from `fb_article` where (`article_status` = '4') and `send_time` < '1515389762'
[2018-01-08 13:38:03] select `aid`, `tid`, `cid`, `wid` from `fb_article` where (`article_status` = '4') and `send_time` < '1515389883'
[2018-01-08 13:40:02] select `aid`, `tid`, `cid`, `wid` from `fb_article` where (`article_status` = '4') and `send_time` < '1515390002'
[2018-01-08 13:42:03] select `aid`, `tid`, `cid`, `wid` from `fb_article` where (`article_status` = '4') and `send_time` < '1515390123'
[2018-01-08 13:44:03] select `aid`, `tid`, `cid`, `wid` from `fb_article` where (`article_status` = '4') and `send_time` < '1515390243'
[2018-01-08 13:46:03] select `aid`, `tid`, `cid`, `wid` from `fb_article` where (`article_status` = '4') and `send_time` < '1515390363'
[2018-01-08 13:48:03] select `aid`, `tid`, `cid`, `wid` from `fb_article` where (`article_status` = '4') and `send_time` < '1515390483'
[2018-01-08 13:50:02] select `aid`, `tid`, `cid`, `wid` from `fb_article` where (`article_status` = '4') and `send_time` < '1515390602'
[2018-01-08 13:52:03] select `aid`, `tid`, `cid`, `wid` from `fb_article` where (`article_status` = '4') and `send_time` < '1515390723'
[2018-01-08 13:54:03] select `aid`, `tid`, `cid`, `wid` from `fb_article` where (`article_status` = '4') and `send_time` < '1515390842'
[2018-01-08 13:56:03] select `aid`, `tid`, `cid`, `wid` from `fb_article` where (`article_status` = '4') and `send_time` < '1515390963'
[2018-01-08 13:58:03] select `aid`, `tid`, `cid`, `wid` from `fb_article` where (`article_status` = '4') and `send_time` < '1515391083'
[2018-01-08 13:59:03] select SUM(share) as share, SUM(read_article) as read_article, SUM(inter_access) as inter_access, SUM(histexternal_accessry) as histexternal_accessry, SUM(views) as views, SUM(clicks) as clicks from `fb_article_log` where (`ctime` = '1515340800') limit 1
[2018-01-08 13:59:03] select `id` from `fb_operating` where (`ctime` = '1515340800') limit 1
[2018-01-08 13:59:03] update `fb_operating` set `share` = '', `read_article` = '', `inter_access` = '', `histexternal_accessry` = '', `views` = '', `clicks` = '', `click_rate` = '0', `share_rate` = '0', `guide_rate` = '0', `ctime` = '1515340800' where (`id` = '155286')
[2018-01-08 14:00:03] select `aid`, `tid`, `cid`, `wid` from `fb_article` where (`article_status` = '4') and `send_time` < '1515391203'
[2018-01-08 14:02:03] select `aid`, `tid`, `cid`, `wid` from `fb_article` where (`article_status` = '4') and `send_time` < '1515391323'
[2018-01-08 14:04:03] select `aid`, `tid`, `cid`, `wid` from `fb_article` where (`article_status` = '4') and `send_time` < '1515391443'
[2018-01-08 14:06:02] select `aid`, `tid`, `cid`, `wid` from `fb_article` where (`article_status` = '4') and `send_time` < '1515391562'
[2018-01-08 14:08:03] select `aid`, `tid`, `cid`, `wid` from `fb_article` where (`article_status` = '4') and `send_time` < '1515391683'
[2018-01-08 14:10:03] select `aid`, `tid`, `cid`, `wid` from `fb_article` where (`article_status` = '4') and `send_time` < '1515391803'
[2018-01-08 14:12:03] select `aid`, `tid`, `cid`, `wid` from `fb_article` where (`article_status` = '4') and `send_time` < '1515391923'
[2018-01-08 14:14:03] select `aid`, `tid`, `cid`, `wid` from `fb_article` where (`article_status` = '4') and `send_time` < '1515392042'
[2018-01-08 14:16:03] select `aid`, `tid`, `cid`, `wid` from `fb_article` where (`article_status` = '4') and `send_time` < '1515392163'
[2018-01-08 14:18:03] select `aid`, `tid`, `cid`, `wid` from `fb_article` where (`article_status` = '4') and `send_time` < '1515392283'
[2018-01-08 14:20:03] select `aid`, `tid`, `cid`, `wid` from `fb_article` where (`article_status` = '4') and `send_time` < '1515392403'
[2018-01-08 14:22:03] select `aid`, `tid`, `cid`, `wid` from `fb_article` where (`article_status` = '4') and `send_time` < '1515392523'
[2018-01-08 14:24:02] select `aid`, `tid`, `cid`, `wid` from `fb_article` where (`article_status` = '4') and `send_time` < '1515392642'
[2018-01-08 14:26:03] select `aid`, `tid`, `cid`, `wid` from `fb_article` where (`article_status` = '4') and `send_time` < '1515392763'
[2018-01-08 14:28:03] select `aid`, `tid`, `cid`, `wid` from `fb_article` where (`article_status` = '4') and `send_time` < '1515392883'
[2018-01-08 14:30:03] select `aid`, `tid`, `cid`, `wid` from `fb_article` where (`article_status` = '4') and `send_time` < '1515393002'
[2018-01-08 14:32:03] select `aid`, `tid`, `cid`, `wid` from `fb_article` where (`article_status` = '4') and `send_time` < '1515393123'
[2018-01-08 14:34:03] select `aid`, `tid`, `cid`, `wid` from `fb_article` where (`article_status` = '4') and `send_time` < '1515393243'
[2018-01-08 14:36:03] select `aid`, `tid`, `cid`, `wid` from `fb_article` where (`article_status` = '4') and `send_time` < '1515393363'
[2018-01-08 14:38:02] select `aid`, `tid`, `cid`, `wid` from `fb_article` where (`article_status` = '4') and `send_time` < '1515393482'
[2018-01-08 14:40:03] select `aid`, `tid`, `cid`, `wid` from `fb_article` where (`article_status` = '4') and `send_time` < '1515393603'
[2018-01-08 14:42:03] select `aid`, `tid`, `cid`, `wid` from `fb_article` where (`article_status` = '4') and `send_time` < '1515393723'
[2018-01-08 14:44:03] select `aid`, `tid`, `cid`, `wid` from `fb_article` where (`article_status` = '4') and `send_time` < '1515393843'
[2018-01-08 14:46:02] select `aid`, `tid`, `cid`, `wid` from `fb_article` where (`article_status` = '4') and `send_time` < '1515393962'
[2018-01-08 14:48:03] select `aid`, `tid`, `cid`, `wid` from `fb_article` where (`article_status` = '4') and `send_time` < '1515394083'
[2018-01-08 14:50:03] select `aid`, `tid`, `cid`, `wid` from `fb_article` where (`article_status` = '4') and `send_time` < '1515394203'
[2018-01-08 14:52:03] select `aid`, `tid`, `cid`, `wid` from `fb_article` where (`article_status` = '4') and `send_time` < '1515394323'
[2018-01-08 14:54:02] select `aid`, `tid`, `cid`, `wid` from `fb_article` where (`article_status` = '4') and `send_time` < '1515394442'
[2018-01-08 14:56:03] select `aid`, `tid`, `cid`, `wid` from `fb_article` where (`article_status` = '4') and `send_time` < '1515394563'
[2018-01-08 14:58:03] select `aid`, `tid`, `cid`, `wid` from `fb_article` where (`article_status` = '4') and `send_time` < '1515394683'
[2018-01-08 14:59:03] select SUM(share) as share, SUM(read_article) as read_article, SUM(inter_access) as inter_access, SUM(histexternal_accessry) as histexternal_accessry, SUM(views) as views, SUM(clicks) as clicks from `fb_article_log` where (`ctime` = '1515340800') limit 1
[2018-01-08 14:59:03] select `id` from `fb_operating` where (`ctime` = '1515340800') limit 1
[2018-01-08 14:59:03] update `fb_operating` set `share` = '', `read_article` = '', `inter_access` = '', `histexternal_accessry` = '', `views` = '', `clicks` = '', `click_rate` = '0', `share_rate` = '0', `guide_rate` = '0', `ctime` = '1515340800' where (`id` = '155286')
[2018-01-08 15:00:03] select `aid`, `tid`, `cid`, `wid` from `fb_article` where (`article_status` = '4') and `send_time` < '1515394803'
[2018-01-08 15:02:02] select `aid`, `tid`, `cid`, `wid` from `fb_article` where (`article_status` = '4') and `send_time` < '1515394922'
[2018-01-08 15:04:03] select `aid`, `tid`, `cid`, `wid` from `fb_article` where (`article_status` = '4') and `send_time` < '1515395043'
[2018-01-08 15:06:03] select `aid`, `tid`, `cid`, `wid` from `fb_article` where (`article_status` = '4') and `send_time` < '1515395163'
[2018-01-08 15:08:02] select `aid`, `tid`, `cid`, `wid` from `fb_article` where (`article_status` = '4') and `send_time` < '1515395282'
[2018-01-08 15:10:03] select `aid`, `tid`, `cid`, `wid` from `fb_article` where (`article_status` = '4') and `send_time` < '1515395403'
[2018-01-08 15:12:03] select `aid`, `tid`, `cid`, `wid` from `fb_article` where (`article_status` = '4') and `send_time` < '1515395523'
[2018-01-08 15:14:02] select `aid`, `tid`, `cid`, `wid` from `fb_article` where (`article_status` = '4') and `send_time` < '1515395642'
[2018-01-08 15:16:03] select `aid`, `tid`, `cid`, `wid` from `fb_article` where (`article_status` = '4') and `send_time` < '1515395763'
[2018-01-08 15:18:03] select `aid`, `tid`, `cid`, `wid` from `fb_article` where (`article_status` = '4') and `send_time` < '1515395883'
[2018-01-08 15:20:02] select `aid`, `tid`, `cid`, `wid` from `fb_article` where (`article_status` = '4') and `send_time` < '1515396002'
[2018-01-08 15:22:03] select `aid`, `tid`, `cid`, `wid` from `fb_article` where (`article_status` = '4') and `send_time` < '1515396123'
[2018-01-08 15:24:03] select `aid`, `tid`, `cid`, `wid` from `fb_article` where (`article_status` = '4') and `send_time` < '1515396243'
[2018-01-08 15:26:02] select `aid`, `tid`, `cid`, `wid` from `fb_article` where (`article_status` = '4') and `send_time` < '1515396362'
[2018-01-08 15:28:03] select `aid`, `tid`, `cid`, `wid` from `fb_article` where (`article_status` = '4') and `send_time` < '1515396483'
[2018-01-08 15:30:03] select `aid`, `tid`, `cid`, `wid` from `fb_article` where (`article_status` = '4') and `send_time` < '1515396603'
[2018-01-08 15:32:03] select `aid`, `tid`, `cid`, `wid` from `fb_article` where (`article_status` = '4') and `send_time` < '1515396723'
[2018-01-08 15:34:02] select `aid`, `tid`, `cid`, `wid` from `fb_article` where (`article_status` = '4') and `send_time` < '1515396842'
[2018-01-08 15:36:03] select `aid`, `tid`, `cid`, `wid` from `fb_article` where (`article_status` = '4') and `send_time` < '1515396963'
[2018-01-08 15:38:03] select `aid`, `tid`, `cid`, `wid` from `fb_article` where (`article_status` = '4') and `send_time` < '1515397083'
[2018-01-08 15:40:02] select `aid`, `tid`, `cid`, `wid` from `fb_article` where (`article_status` = '4') and `send_time` < '1515397202'
[2018-01-08 15:42:03] select `aid`, `tid`, `cid`, `wid` from `fb_article` where (`article_status` = '4') and `send_time` < '1515397323'
[2018-01-08 15:44:03] select `aid`, `tid`, `cid`, `wid` from `fb_article` where (`article_status` = '4') and `send_time` < '1515397443'
[2018-01-08 15:46:03] select `aid`, `tid`, `cid`, `wid` from `fb_article` where (`article_status` = '4') and `send_time` < '1515397562'
[2018-01-08 15:48:02] select `aid`, `tid`, `cid`, `wid` from `fb_article` where (`article_status` = '4') and `send_time` < '1515397682'
[2018-01-08 15:50:03] select `aid`, `tid`, `cid`, `wid` from `fb_article` where (`article_status` = '4') and `send_time` < '1515397803'
[2018-01-08 15:52:03] select `aid`, `tid`, `cid`, `wid` from `fb_article` where (`article_status` = '4') and `send_time` < '1515397923'
[2018-01-08 15:54:02] select `aid`, `tid`, `cid`, `wid` from `fb_article` where (`article_status` = '4') and `send_time` < '1515398042'
[2018-01-08 15:56:03] select `aid`, `tid`, `cid`, `wid` from `fb_article` where (`article_status` = '4') and `send_time` < '1515398163'
[2018-01-08 15:58:03] select `aid`, `tid`, `cid`, `wid` from `fb_article` where (`article_status` = '4') and `send_time` < '1515398283'
[2018-01-08 15:59:03] select SUM(share) as share, SUM(read_article) as read_article, SUM(inter_access) as inter_access, SUM(histexternal_accessry) as histexternal_accessry, SUM(views) as views, SUM(clicks) as clicks from `fb_article_log` where (`ctime` = '1515340800') limit 1
[2018-01-08 15:59:03] select `id` from `fb_operating` where (`ctime` = '1515340800') limit 1
[2018-01-08 15:59:03] update `fb_operating` set `share` = '', `read_article` = '', `inter_access` = '', `histexternal_accessry` = '', `views` = '', `clicks` = '', `click_rate` = '0', `share_rate` = '0', `guide_rate` = '0', `ctime` = '1515340800' where (`id` = '155286')
[2018-01-08 16:00:03] select `aid`, `tid`, `cid`, `wid` from `fb_article` where (`article_status` = '4') and `send_time` < '1515398403'
[2018-01-08 16:02:03] select `aid`, `tid`, `cid`, `wid` from `fb_article` where (`article_status` = '4') and `send_time` < '1515398523'
[2018-01-08 16:04:02] select `aid`, `tid`, `cid`, `wid` from `fb_article` where (`article_status` = '4') and `send_time` < '1515398642'
[2018-01-08 16:06:03] select `aid`, `tid`, `cid`, `wid` from `fb_article` where (`article_status` = '4') and `send_time` < '1515398763'
[2018-01-08 16:08:03] select `aid`, `tid`, `cid`, `wid` from `fb_article` where (`article_status` = '4') and `send_time` < '1515398883'
[2018-01-08 16:10:03] select `aid`, `tid`, `cid`, `wid` from `fb_article` where (`article_status` = '4') and `send_time` < '1515399003'
[2018-01-08 16:12:02] select `aid`, `tid`, `cid`, `wid` from `fb_article` where (`article_status` = '4') and `send_time` < '1515399122'
[2018-01-08 16:14:03] select `aid`, `tid`, `cid`, `wid` from `fb_article` where (`article_status` = '4') and `send_time` < '1515399243'
[2018-01-08 16:16:03] select `aid`, `tid`, `cid`, `wid` from `fb_article` where (`article_status` = '4') and `send_time` < '1515399363'
[2018-01-08 16:18:03] select `aid`, `tid`, `cid`, `wid` from `fb_article` where (`article_status` = '4') and `send_time` < '1515399483'
[2018-01-08 16:20:03] select `aid`, `tid`, `cid`, `wid` from `fb_article` where (`article_status` = '4') and `send_time` < '1515399603'
[2018-01-08 16:22:03] select `aid`, `tid`, `cid`, `wid` from `fb_article` where (`article_status` = '4') and `send_time` < '1515399722'
[2018-01-08 16:24:02] select `aid`, `tid`, `cid`, `wid` from `fb_article` where (`article_status` = '4') and `send_time` < '1515399842'
[2018-01-08 16:26:03] select `aid`, `tid`, `cid`, `wid` from `fb_article` where (`article_status` = '4') and `send_time` < '1515399963'
[2018-01-08 16:28:03] select `aid`, `tid`, `cid`, `wid` from `fb_article` where (`article_status` = '4') and `send_time` < '1515400083'
[2018-01-08 16:30:03] select `aid`, `tid`, `cid`, `wid` from `fb_article` where (`article_status` = '4') and `send_time` < '1515400203'
[2018-01-08 16:32:03] select `aid`, `tid`, `cid`, `wid` from `fb_article` where (`article_status` = '4') and `send_time` < '1515400323'
[2018-01-08 16:34:03] select `aid`, `tid`, `cid`, `wid` from `fb_article` where (`article_status` = '4') and `send_time` < '1515400443'
[2018-01-08 16:36:03] select `aid`, `tid`, `cid`, `wid` from `fb_article` where (`article_status` = '4') and `send_time` < '1515400563'
[2018-01-08 16:38:03] select `aid`, `tid`, `cid`, `wid` from `fb_article` where (`article_status` = '4') and `send_time` < '1515400683'
[2018-01-08 16:40:02] select `aid`, `tid`, `cid`, `wid` from `fb_article` where (`article_status` = '4') and `send_time` < '1515400802'
[2018-01-08 16:42:03] select `aid`, `tid`, `cid`, `wid` from `fb_article` where (`article_status` = '4') and `send_time` < '1515400923'
[2018-01-08 16:44:03] select `aid`, `tid`, `cid`, `wid` from `fb_article` where (`article_status` = '4') and `send_time` < '1515401043'
[2018-01-08 16:46:03] select `aid`, `tid`, `cid`, `wid` from `fb_article` where (`article_status` = '4') and `send_time` < '1515401163'
[2018-01-08 16:48:03] select `aid`, `tid`, `cid`, `wid` from `fb_article` where (`article_status` = '4') and `send_time` < '1515401283'
[2018-01-08 16:50:03] select `aid`, `tid`, `cid`, `wid` from `fb_article` where (`article_status` = '4') and `send_time` < '1515401403'
[2018-01-08 16:52:03] select `aid`, `tid`, `cid`, `wid` from `fb_article` where (`article_status` = '4') and `send_time` < '1515401523'
[2018-01-08 16:54:03] select `aid`, `tid`, `cid`, `wid` from `fb_article` where (`article_status` = '4') and `send_time` < '1515401643'
[2018-01-08 16:56:03] select `aid`, `tid`, `cid`, `wid` from `fb_article` where (`article_status` = '4') and `send_time` < '1515401763'
[2018-01-08 16:58:03] select `aid`, `tid`, `cid`, `wid` from `fb_article` where (`article_status` = '4') and `send_time` < '1515401883'
[2018-01-08 16:59:03] select SUM(share) as share, SUM(read_article) as read_article, SUM(inter_access) as inter_access, SUM(histexternal_accessry) as histexternal_accessry, SUM(views) as views, SUM(clicks) as clicks from `fb_article_log` where (`ctime` = '1515340800') limit 1
[2018-01-08 16:59:03] select `id` from `fb_operating` where (`ctime` = '1515340800') limit 1
[2018-01-08 16:59:03] update `fb_operating` set `share` = '', `read_article` = '', `inter_access` = '', `histexternal_accessry` = '', `views` = '', `clicks` = '', `click_rate` = '0', `share_rate` = '0', `guide_rate` = '0', `ctime` = '1515340800' where (`id` = '155286')
[2018-01-08 17:00:03] select `aid`, `tid`, `cid`, `wid` from `fb_article` where (`article_status` = '4') and `send_time` < '1515402003'
[2018-01-08 17:02:04] select `aid`, `tid`, `cid`, `wid` from `fb_article` where (`article_status` = '4') and `send_time` < '1515402123'
[2018-01-08 17:04:03] select `aid`, `tid`, `cid`, `wid` from `fb_article` where (`article_status` = '4') and `send_time` < '1515402242'
[2018-01-08 17:06:04] select `aid`, `tid`, `cid`, `wid` from `fb_article` where (`article_status` = '4') and `send_time` < '1515402363'
[2018-01-08 17:08:03] select `aid`, `tid`, `cid`, `wid` from `fb_article` where (`article_status` = '4') and `send_time` < '1515402483'
[2018-01-08 17:10:03] select `aid`, `tid`, `cid`, `wid` from `fb_article` where (`article_status` = '4') and `send_time` < '1515402603'
[2018-01-08 17:12:03] select `aid`, `tid`, `cid`, `wid` from `fb_article` where (`article_status` = '4') and `send_time` < '1515402722'
[2018-01-08 17:14:03] select `aid`, `tid`, `cid`, `wid` from `fb_article` where (`article_status` = '4') and `send_time` < '1515402843'
[2018-01-08 17:16:03] select `aid`, `tid`, `cid`, `wid` from `fb_article` where (`article_status` = '4') and `send_time` < '1515402963'
[2018-01-08 17:18:03] select `aid`, `tid`, `cid`, `wid` from `fb_article` where (`article_status` = '4') and `send_time` < '1515403083'
[2018-01-08 17:20:03] select `aid`, `tid`, `cid`, `wid` from `fb_article` where (`article_status` = '4') and `send_time` < '1515403203'
[2018-01-08 17:22:03] select `aid`, `tid`, `cid`, `wid` from `fb_article` where (`article_status` = '4') and `send_time` < '1515403323'
[2018-01-08 17:24:03] select `aid`, `tid`, `cid`, `wid` from `fb_article` where (`article_status` = '4') and `send_time` < '1515403443'
[2018-01-08 17:26:03] select `aid`, `tid`, `cid`, `wid` from `fb_article` where (`article_status` = '4') and `send_time` < '1515403563'
[2018-01-08 17:28:03] select `aid`, `tid`, `cid`, `wid` from `fb_article` where (`article_status` = '4') and `send_time` < '1515403683'
[2018-01-08 17:30:03] select `aid`, `tid`, `cid`, `wid` from `fb_article` where (`article_status` = '4') and `send_time` < '1515403802'
[2018-01-08 17:32:02] select `aid`, `tid`, `cid`, `wid` from `fb_article` where (`article_status` = '4') and `send_time` < '1515403922'
[2018-01-08 17:34:03] select `aid`, `tid`, `cid`, `wid` from `fb_article` where (`article_status` = '4') and `send_time` < '1515404043'
[2018-01-08 17:36:03] select `aid`, `tid`, `cid`, `wid` from `fb_article` where (`article_status` = '4') and `send_time` < '1515404163'
[2018-01-08 17:38:03] select `aid`, `tid`, `cid`, `wid` from `fb_article` where (`article_status` = '4') and `send_time` < '1515404283'
[2018-01-08 17:40:03] select `aid`, `tid`, `cid`, `wid` from `fb_article` where (`article_status` = '4') and `send_time` < '1515404403'
[2018-01-08 17:42:02] select `aid`, `tid`, `cid`, `wid` from `fb_article` where (`article_status` = '4') and `send_time` < '1515404522'
[2018-01-08 17:44:03] select `aid`, `tid`, `cid`, `wid` from `fb_article` where (`article_status` = '4') and `send_time` < '1515404643'
[2018-01-08 17:46:03] select `aid`, `tid`, `cid`, `wid` from `fb_article` where (`article_status` = '4') and `send_time` < '1515404763'
[2018-01-08 17:48:03] select `aid`, `tid`, `cid`, `wid` from `fb_article` where (`article_status` = '4') and `send_time` < '1515404883'
[2018-01-08 17:50:03] select `aid`, `tid`, `cid`, `wid` from `fb_article` where (`article_status` = '4') and `send_time` < '1515405002'
[2018-01-08 17:52:03] select `aid`, `tid`, `cid`, `wid` from `fb_article` where (`article_status` = '4') and `send_time` < '1515405123'
[2018-01-08 17:54:03] select `aid`, `tid`, `cid`, `wid` from `fb_article` where (`article_status` = '4') and `send_time` < '1515405243'
[2018-01-08 17:56:03] select `aid`, `tid`, `cid`, `wid` from `fb_article` where (`article_status` = '4') and `send_time` < '1515405363'
[2018-01-08 17:58:03] select `aid`, `tid`, `cid`, `wid` from `fb_article` where (`article_status` = '4') and `send_time` < '1515405483'
[2018-01-08 17:59:03] select SUM(share) as share, SUM(read_article) as read_article, SUM(inter_access) as inter_access, SUM(histexternal_accessry) as histexternal_accessry, SUM(views) as views, SUM(clicks) as clicks from `fb_article_log` where (`ctime` = '1515340800') limit 1
[2018-01-08 17:59:03] select `id` from `fb_operating` where (`ctime` = '1515340800') limit 1
[2018-01-08 17:59:03] update `fb_operating` set `share` = '', `read_article` = '', `inter_access` = '', `histexternal_accessry` = '', `views` = '', `clicks` = '', `click_rate` = '0', `share_rate` = '0', `guide_rate` = '0', `ctime` = '1515340800' where (`id` = '155286')
[2018-01-08 18:00:02] select `aid`, `tid`, `cid`, `wid` from `fb_article` where (`article_status` = '4') and `send_time` < '1515405602'
[2018-01-08 18:02:03] select `aid`, `tid`, `cid`, `wid` from `fb_article` where (`article_status` = '4') and `send_time` < '1515405723'
[2018-01-08 18:04:03] select `aid`, `tid`, `cid`, `wid` from `fb_article` where (`article_status` = '4') and `send_time` < '1515405843'
[2018-01-08 18:06:03] select `aid`, `tid`, `cid`, `wid` from `fb_article` where (`article_status` = '4') and `send_time` < '1515405963'
[2018-01-08 18:08:03] select `aid`, `tid`, `cid`, `wid` from `fb_article` where (`article_status` = '4') and `send_time` < '1515406083'
[2018-01-08 18:10:02] select `aid`, `tid`, `cid`, `wid` from `fb_article` where (`article_status` = '4') and `send_time` < '1515406202'
[2018-01-08 18:12:03] select `aid`, `tid`, `cid`, `wid` from `fb_article` where (`article_status` = '4') and `send_time` < '1515406323'
[2018-01-08 18:14:03] select `aid`, `tid`, `cid`, `wid` from `fb_article` where (`article_status` = '4') and `send_time` < '1515406443'
[2018-01-08 18:16:03] select `aid`, `tid`, `cid`, `wid` from `fb_article` where (`article_status` = '4') and `send_time` < '1515406563'
[2018-01-08 18:18:03] select `aid`, `tid`, `cid`, `wid` from `fb_article` where (`article_status` = '4') and `send_time` < '1515406683'
[2018-01-08 18:20:03] select `aid`, `tid`, `cid`, `wid` from `fb_article` where (`article_status` = '4') and `send_time` < '1515406803'
[2018-01-08 18:22:03] select `aid`, `tid`, `cid`, `wid` from `fb_article` where (`article_status` = '4') and `send_time` < '1515406923'
[2018-01-08 18:24:02] select `aid`, `tid`, `cid`, `wid` from `fb_article` where (`article_status` = '4') and `send_time` < '1515407042'
[2018-01-08 18:26:03] select `aid`, `tid`, `cid`, `wid` from `fb_article` where (`article_status` = '4') and `send_time` < '1515407163'
[2018-01-08 18:28:03] select `aid`, `tid`, `cid`, `wid` from `fb_article` where (`article_status` = '4') and `send_time` < '1515407283'
[2018-01-08 18:30:03] select `aid`, `tid`, `cid`, `wid` from `fb_article` where (`article_status` = '4') and `send_time` < '1515407403'
[2018-01-08 18:32:03] select `aid`, `tid`, `cid`, `wid` from `fb_article` where (`article_status` = '4') and `send_time` < '1515407523'
[2018-01-08 18:34:03] select `aid`, `tid`, `cid`, `wid` from `fb_article` where (`article_status` = '4') and `send_time` < '1515407643'
[2018-01-08 18:36:03] select `aid`, `tid`, `cid`, `wid` from `fb_article` where (`article_status` = '4') and `send_time` < '1515407763'
[2018-01-08 18:38:03] select `aid`, `tid`, `cid`, `wid` from `fb_article` where (`article_status` = '4') and `send_time` < '1515407883'
[2018-01-08 18:40:03] select `aid`, `tid`, `cid`, `wid` from `fb_article` where (`article_status` = '4') and `send_time` < '1515408002'
[2018-01-08 18:42:02] select `aid`, `tid`, `cid`, `wid` from `fb_article` where (`article_status` = '4') and `send_time` < '1515408122'
[2018-01-08 18:44:03] select `aid`, `tid`, `cid`, `wid` from `fb_article` where (`article_status` = '4') and `send_time` < '1515408243'
[2018-01-08 18:46:03] select `aid`, `tid`, `cid`, `wid` from `fb_article` where (`article_status` = '4') and `send_time` < '1515408363'
[2018-01-08 18:48:03] select `aid`, `tid`, `cid`, `wid` from `fb_article` where (`article_status` = '4') and `send_time` < '1515408483'
[2018-01-08 18:50:03] select `aid`, `tid`, `cid`, `wid` from `fb_article` where (`article_status` = '4') and `send_time` < '1515408603'
[2018-01-08 18:52:03] select `aid`, `tid`, `cid`, `wid` from `fb_article` where (`article_status` = '4') and `send_time` < '1515408723'
[2018-01-08 18:54:03] select `aid`, `tid`, `cid`, `wid` from `fb_article` where (`article_status` = '4') and `send_time` < '1515408843'
[2018-01-08 18:56:03] select `aid`, `tid`, `cid`, `wid` from `fb_article` where (`article_status` = '4') and `send_time` < '1515408963'
[2018-01-08 18:58:03] select `aid`, `tid`, `cid`, `wid` from `fb_article` where (`article_status` = '4') and `send_time` < '1515409082'
[2018-01-08 18:59:03] select SUM(share) as share, SUM(read_article) as read_article, SUM(inter_access) as inter_access, SUM(histexternal_accessry) as histexternal_accessry, SUM(views) as views, SUM(clicks) as clicks from `fb_article_log` where (`ctime` = '1515340800') limit 1
[2018-01-08 18:59:03] select `id` from `fb_operating` where (`ctime` = '1515340800') limit 1
[2018-01-08 18:59:03] update `fb_operating` set `share` = '', `read_article` = '', `inter_access` = '', `histexternal_accessry` = '', `views` = '', `clicks` = '', `click_rate` = '0', `share_rate` = '0', `guide_rate` = '0', `ctime` = '1515340800' where (`id` = '155286')
[2018-01-08 19:00:03] select `aid`, `tid`, `cid`, `wid` from `fb_article` where (`article_status` = '4') and `send_time` < '1515409202'
[2018-01-08 19:02:02] select `aid`, `tid`, `cid`, `wid` from `fb_article` where (`article_status` = '4') and `send_time` < '1515409322'
[2018-01-08 19:04:03] select `aid`, `tid`, `cid`, `wid` from `fb_article` where (`article_status` = '4') and `send_time` < '1515409443'
[2018-01-08 19:06:03] select `aid`, `tid`, `cid`, `wid` from `fb_article` where (`article_status` = '4') and `send_time` < '1515409563'
[2018-01-08 19:08:03] select `aid`, `tid`, `cid`, `wid` from `fb_article` where (`article_status` = '4') and `send_time` < '1515409683'
[2018-01-08 19:10:03] select `aid`, `tid`, `cid`, `wid` from `fb_article` where (`article_status` = '4') and `send_time` < '1515409803'
[2018-01-08 19:12:02] select `aid`, `tid`, `cid`, `wid` from `fb_article` where (`article_status` = '4') and `send_time` < '1515409922'
[2018-01-08 19:14:03] select `aid`, `tid`, `cid`, `wid` from `fb_article` where (`article_status` = '4') and `send_time` < '1515410043'
[2018-01-08 19:16:03] select `aid`, `tid`, `cid`, `wid` from `fb_article` where (`article_status` = '4') and `send_time` < '1515410163'
[2018-01-08 19:18:03] select `aid`, `tid`, `cid`, `wid` from `fb_article` where (`article_status` = '4') and `send_time` < '1515410283'
[2018-01-08 19:20:03] select `aid`, `tid`, `cid`, `wid` from `fb_article` where (`article_status` = '4') and `send_time` < '1515410403'
[2018-01-08 19:22:03] select `aid`, `tid`, `cid`, `wid` from `fb_article` where (`article_status` = '4') and `send_time` < '1515410523'
[2018-01-08 19:24:03] select `aid`, `tid`, `cid`, `wid` from `fb_article` where (`article_status` = '4') and `send_time` < '1515410643'
[2018-01-08 19:26:03] select `aid`, `tid`, `cid`, `wid` from `fb_article` where (`article_status` = '4') and `send_time` < '1515410762'
[2018-01-08 19:28:02] select `aid`, `tid`, `cid`, `wid` from `fb_article` where (`article_status` = '4') and `send_time` < '1515410882'
[2018-01-08 19:30:03] select `aid`, `tid`, `cid`, `wid` from `fb_article` where (`article_status` = '4') and `send_time` < '1515411003'
[2018-01-08 19:32:03] select `aid`, `tid`, `cid`, `wid` from `fb_article` where (`article_status` = '4') and `send_time` < '1515411123'
